[35m[Appium][39m Welcome to Appium v1.15.1
[35m[Appium][39m Non-default server args:
[35m[Appium][39m   bootstrapPort: 5723
[35m[Appium][39m   nodeconfig: ./test_program/nodeconfig/HUAWEI_CX_MAX/9.0/mobile.json
[35m[Appium][39m   udid: RELBB18A31503011
[35m[Appium][39m Deprecated server args:
[35m[Appium][39m   [31m-U,--udid[39m => --default-capabilities '{"udid":"RELBB18A31503011"}'
[35m[Appium][39m Default capabilities, which will be added to each request unless overridden by desired capabilities:
[35m[Appium][39m   udid: RELBB18A31503011
[debug] [35m[Appium][39m Starting auto register thread for grid. Will try to register every 5000 ms.
[35m[Appium][39m Appium REST http interface listener started on 0.0.0.0:4723
[debug] [35m[Appium][39m Appium successfully registered with the grid on http://192.168.8.176:4444
[35m[HTTP][39m [37m-->[39m [37mPOST[39m [37m/wd/hub/session[39m
[35m[HTTP][39m [90m{"desiredCapabilities":{"app":"/Users/vanthink_test_ios/Downloads/student_env_devMasterDebug_1.4.8-5.apk","automationName":"uiautomator2","deviceName":"HUAWEI_CX_MAX","noReset":true,"platformName":"android","platformVersion":"9.0","resetKeyboard":true,"server:CONFIG_UUID":"15a42bd3-35fa-4e22-8708-8a0899f575e9","systemPort":8200,"udid":"RELBB18A31503011"},"capabilities":{"desiredCapabilities":{"app":"/Users/vanthink_test_ios/Downloads/student_env_devMasterDebug_1.4.8-5.apk","automationName":"uiautomator2","deviceName":"HUAWEI_CX_MAX","noReset":true,"platformName":"android","platformVersion":"9.0","resetKeyboard":true,"server:CONFIG_UUID":"15a42bd3-35fa-4e22-8708-8a0899f575e9","systemPort":8200,"udid":"RELBB18A31503011"},"firstMatch":[{"platformName":"android","server:CONFIG_UUID":"15a42bd3-35fa-4e22-8708-8a0899f575e9"}]}}[39m
[debug] [35m[W3C][39m Calling AppiumDriver.createSession() with args: [{"app":"/Users/vanthink_test_ios/Downloads/student_env_devMasterDebug_1.4.8-5.apk","automationName":"uiautomator2","deviceName":"HUAWEI_CX_MAX","noReset":true,"platformName":"android","platformVersion":"9.0","resetKeyboard":true,"server:CONFIG_UUID":"15a42bd3-35fa-4e22-8708-8a0899f575e9","systemPort":8200,"udid":"RELBB18A31503011"},null,{"desiredCapabilities":{"app":"/Users/vanthink_test_ios/Downloads/student_env_devMasterDebug_1.4.8-5.apk","automationName":"uiautomator2","deviceName":"HUAWEI_CX_MAX","noReset":true,"platformName":"android","platformVersion":"9.0","resetKeyboard":true,"server:CONFIG_UUID":"15a42bd3-35fa-4e22-8708-8a0899f575e9","systemPort":8200,"udid":"RELBB18A31503011"},"firstMatch":[{"platformName":"android","server:CONFIG_UUID":"15a42bd3-35fa-4e22-8708-8a0899f575e9"}]}]
[debug] [35m[BaseDriver][39m Event 'newSessionRequested' logged at 1583732517233 (13:41:57 GMT+0800 (CST))
[35m[BaseDriver][39m The capabilities ["udid"] are not standard capabilities and should have an extension prefix
[35m[Appium][39m Could not parse W3C capabilities: 'deviceName' can't be blank
[35m[Appium][39m Trying to fix W3C capabilities by merging them with JSONWP caps
[35m[BaseDriver][39m The capabilities ["app","automationName","deviceName","noReset","platformVersion","resetKeyboard","systemPort","udid"] are not standard capabilities and should have an extension prefix
[35m[Appium][39m Appium v1.15.1 creating new AndroidUiautomator2Driver (v1.37.2) session
[debug] [35m[BaseDriver][39m W3C capabilities and MJSONWP desired capabilities were provided
[debug] [35m[BaseDriver][39m Creating session with W3C capabilities: {
[debug] [35m[BaseDriver][39m   "alwaysMatch": {
[debug] [35m[BaseDriver][39m     "appium:app": "/Users/vanthink_test_ios/Downloads/student_env_devMasterDebug_1.4.8-5.apk",
[debug] [35m[BaseDriver][39m     "appium:automationName": "uiautomator2",
[debug] [35m[BaseDriver][39m     "appium:deviceName": "HUAWEI_CX_MAX",
[debug] [35m[BaseDriver][39m     "appium:noReset": true,
[debug] [35m[BaseDriver][39m     "appium:platformVersion": "9.0",
[debug] [35m[BaseDriver][39m     "appium:resetKeyboard": true,
[debug] [35m[BaseDriver][39m     "appium:systemPort": 8200,
[debug] [35m[BaseDriver][39m     "platformName": "android",
[debug] [35m[BaseDriver][39m     "server:CONFIG_UUID": "15a42bd3-35fa-4e22-8708-8a0899f575e9",
[debug] [35m[BaseDriver][39m     "appium:udid": "RELBB18A31503011"
[debug] [35m[BaseDriver][39m   },
[debug] [35m[BaseDriver][39m   "firstMatch": [
[debug] [35m[BaseDriver][39m     {}
[debug] [35m[BaseDriver][39m   ]
[debug] [35m[BaseDriver][39m }
[35m[BaseDriver][39m The following capabilities were provided, but are not recognized by Appium:
[35m[BaseDriver][39m   server:CONFIG_UUID
[35m[BaseDriver][39m Session created with session id: efca1759-c7b0-4551-a364-272528688676
[35m[BaseDriver][39m Using local app '/Users/vanthink_test_ios/Downloads/student_env_devMasterDebug_1.4.8-5.apk'
[debug] [35m[UiAutomator2][39m Checking whether app is actually present
[35m[ADB][39m Found 4 'build-tools' folders under '/Users/vanthink_test_ios/Desktop/intsall/adt-bundle-mac-x86_64-20140624/sdk' (newest first):
[35m[ADB][39m     /Users/vanthink_test_ios/Desktop/intsall/adt-bundle-mac-x86_64-20140624/sdk/build-tools/28.0.3
[35m[ADB][39m     /Users/vanthink_test_ios/Desktop/intsall/adt-bundle-mac-x86_64-20140624/sdk/build-tools/28.0.0
[35m[ADB][39m     /Users/vanthink_test_ios/Desktop/intsall/adt-bundle-mac-x86_64-20140624/sdk/build-tools/27.0.1
[35m[ADB][39m     /Users/vanthink_test_ios/Desktop/intsall/adt-bundle-mac-x86_64-20140624/sdk/build-tools/23.0.1
[35m[ADB][39m Using 'adb' from '/Users/vanthink_test_ios/Desktop/intsall/adt-bundle-mac-x86_64-20140624/sdk/platform-tools/adb'
[35m[AndroidDriver][39m Retrieving device list
[debug] [35m[ADB][39m Trying to find a connected android device
[debug] [35m[ADB][39m Getting connected devices...
[debug] [35m[ADB][39m Connected devices: [{"udid":"RELBB18A31503011","state":"device"}]
[35m[AndroidDriver][39m Using device: RELBB18A31503011
[35m[ADB][39m Using 'adb' from '/Users/vanthink_test_ios/Desktop/intsall/adt-bundle-mac-x86_64-20140624/sdk/platform-tools/adb'
[debug] [35m[ADB][39m Setting device id to RELBB18A31503011
[debug] [35m[ADB][39m Running '/Users/vanthink_test_ios/Desktop/intsall/adt-bundle-mac-x86_64-20140624/sdk/platform-tools/adb -P 5037 -s RELBB18A31503011 shell getprop ro.build.version.sdk'
[debug] [35m[ADB][39m Current device property 'ro.build.version.sdk': 28
[debug] [35m[ADB][39m Running '/Users/vanthink_test_ios/Desktop/intsall/adt-bundle-mac-x86_64-20140624/sdk/platform-tools/adb -P 5037 -s RELBB18A31503011 shell getprop ro.build.version.release'
[debug] [35m[ADB][39m Current device property 'ro.build.version.release': 9
[debug] [35m[ADB][39m Device API level: 28
[35m[UiAutomator2][39m Relaxing hidden api policy
[debug] [35m[ADB][39m Running '/Users/vanthink_test_ios/Desktop/intsall/adt-bundle-mac-x86_64-20140624/sdk/platform-tools/adb -P 5037 -s RELBB18A31503011 shell settings put global hidden_api_policy_pre_p_apps 1'
[debug] [35m[ADB][39m Running '/Users/vanthink_test_ios/Desktop/intsall/adt-bundle-mac-x86_64-20140624/sdk/platform-tools/adb -P 5037 -s RELBB18A31503011 shell settings put global hidden_api_policy_p_apps 1'
[debug] [35m[ADB][39m Running '/Users/vanthink_test_ios/Desktop/intsall/adt-bundle-mac-x86_64-20140624/sdk/platform-tools/adb -P 5037 -s RELBB18A31503011 shell settings put global hidden_api_policy 1'
[debug] [35m[AndroidDriver][39m Parsing package and activity from app manifest
[35m[ADB][39m Using the alternative activity name detection method because of: Could not find 'apkanalyzer' in ["/Users/vanthink_test_ios/Desktop/intsall/adt-bundle-mac-x86_64-20140624/sdk/platform-tools/apkanalyzer","/Users/vanthink_test_ios/Desktop/intsall/adt-bundle-mac-x86_64-20140624/sdk/emulator/apkanalyzer","/Users/vanthink_test_ios/Desktop/intsall/adt-bundle-mac-x86_64-20140624/sdk/tools/apkanalyzer","/Users/vanthink_test_ios/Desktop/intsall/adt-bundle-mac-x86_64-20140624/sdk/tools/bin/apkanalyzer","/Users/vanthink_test_ios/Desktop/intsall/adt-bundle-mac-x86_64-20140624/sdk/build-tools/28.0.3/apkanalyzer","/Users/vanthink_test_ios/Desktop/intsall/adt-bundle-mac-x86_64-20140624/sdk/build-tools/28.0.0/apkanalyzer","/Users/vanthink_test_ios/Desktop/intsall/adt-bundle-mac-x86_64-20140624/sdk/build-tools/27.0.1/apkanalyzer","/Users/vanthink_test_ios/Desktop/intsall/adt-bundle-mac-x86_64-20140624/sdk/build-tools/23.0.1/apkanalyzer"]. Do you have Android Build Tools installed at '/Users/vanthink_test_ios/Desktop/intsall/adt-bundle-mac-x86_64-20140624/sdk'?
[35m[ADB][39m Using 'aapt' from '/Users/vanthink_test_ios/Desktop/intsall/adt-bundle-mac-x86_64-20140624/sdk/build-tools/28.0.3/aapt'
[35m[ADB][39m Extracting package and launch activity from manifest
[35m[ADB][39m Package name: 'com.vanthink.student.debug'
[35m[ADB][39m Main activity name: 'com.vanthink.vanthinkstudent.ui.splash.SplashActivity'
[debug] [35m[AndroidDriver][39m Parsed package and activity are: com.vanthink.student.debug/com.vanthink.vanthinkstudent.ui.splash.SplashActivity
[debug] [35m[ADB][39m Running '/Users/vanthink_test_ios/Desktop/intsall/adt-bundle-mac-x86_64-20140624/sdk/platform-tools/adb -P 5037 -s RELBB18A31503011 wait-for-device'
[debug] [35m[ADB][39m Running '/Users/vanthink_test_ios/Desktop/intsall/adt-bundle-mac-x86_64-20140624/sdk/platform-tools/adb -P 5037 -s RELBB18A31503011 shell echo ping'
[debug] [35m[AndroidDriver][39m Pushing settings apk to device...
[debug] [35m[ADB][39m Getting install status for io.appium.settings
[debug] [35m[ADB][39m Running '/Users/vanthink_test_ios/Desktop/intsall/adt-bundle-mac-x86_64-20140624/sdk/platform-tools/adb -P 5037 -s RELBB18A31503011 shell dumpsys package io.appium.settings'
[debug] [35m[ADB][39m 'io.appium.settings' is installed
[debug] [35m[ADB][39m Getting package info for 'io.appium.settings'
[debug] [35m[ADB][39m Running '/Users/vanthink_test_ios/Desktop/intsall/adt-bundle-mac-x86_64-20140624/sdk/platform-tools/adb -P 5037 -s RELBB18A31503011 shell dumpsys package io.appium.settings'
[35m[ADB][39m Cannot extract apk info using apkanalyzer. Falling back to aapt. Original error: Could not find 'apkanalyzer' in ["/Users/vanthink_test_ios/Desktop/intsall/adt-bundle-mac-x86_64-20140624/sdk/platform-tools/apkanalyzer","/Users/vanthink_test_ios/Desktop/intsall/adt-bundle-mac-x86_64-20140624/sdk/emulator/apkanalyzer","/Users/vanthink_test_ios/Desktop/intsall/adt-bundle-mac-x86_64-20140624/sdk/tools/apkanalyzer","/Users/vanthink_test_ios/Desktop/intsall/adt-bundle-mac-x86_64-20140624/sdk/tools/bin/apkanalyzer","/Users/vanthink_test_ios/Desktop/intsall/adt-bundle-mac-x86_64-20140624/sdk/build-tools/28.0.3/apkanalyzer","/Users/vanthink_test_ios/Desktop/intsall/adt-bundle-mac-x86_64-20140624/sdk/build-tools/28.0.0/apkanalyzer","/Users/vanthink_test_ios/Desktop/intsall/adt-bundle-mac-x86_64-20140624/sdk/build-tools/27.0.1/apkanalyzer","/Users/vanthink_test_ios/Desktop/intsall/adt-bundle-mac-x86_64-20140624/sdk/build-tools/23.0.1/apkanalyzer"]. Do you have Android Build Tools installed at '/Users/vanthink_test_ios/Desktop/intsall/adt-bundle-mac-x86_64-20140624/sdk'?
[debug] [35m[ADB][39m The version name of the installed 'io.appium.settings' is greater or equal to the application version name ('2.14.2' >= '2.14.2')
[debug] [35m[ADB][39m There is no need to install/upgrade '/Users/vanthink_test_ios/.nvm/v8.14.1/lib/node_modules/appium/node_modules/io.appium.settings/apks/settings_apk-debug.apk'
[debug] [35m[ADB][39m Getting IDs of all 'io.appium.settings' processes
[debug] [35m[ADB][39m Running '/Users/vanthink_test_ios/Desktop/intsall/adt-bundle-mac-x86_64-20140624/sdk/platform-tools/adb -P 5037 -s RELBB18A31503011 shell 'pgrep --help; echo $?''
[debug] [35m[ADB][39m Running '/Users/vanthink_test_ios/Desktop/intsall/adt-bundle-mac-x86_64-20140624/sdk/platform-tools/adb -P 5037 -s RELBB18A31503011 shell pgrep -f io\\.appium\\.settings'
[debug] [35m[AndroidDriver][39m io.appium.settings is already running. There is no need to reset its permissions.
[debug] [35m[ADB][39m Running '/Users/vanthink_test_ios/Desktop/intsall/adt-bundle-mac-x86_64-20140624/sdk/platform-tools/adb -P 5037 -s RELBB18A31503011 shell appops set io.appium.settings android\:mock_location allow'
[debug] [35m[Logcat][39m Starting logcat capture
[debug] [35m[ADB][39m Getting install status for io.appium.uiautomator2.server
[debug] [35m[ADB][39m Running '/Users/vanthink_test_ios/Desktop/intsall/adt-bundle-mac-x86_64-20140624/sdk/platform-tools/adb -P 5037 -s RELBB18A31503011 shell dumpsys package io.appium.uiautomator2.server'
[debug] [35m[ADB][39m 'io.appium.uiautomator2.server' is installed
[debug] [35m[ADB][39m Getting package info for 'io.appium.uiautomator2.server'
[debug] [35m[ADB][39m Running '/Users/vanthink_test_ios/Desktop/intsall/adt-bundle-mac-x86_64-20140624/sdk/platform-tools/adb -P 5037 -s RELBB18A31503011 shell dumpsys package io.appium.uiautomator2.server'
[35m[ADB][39m Cannot extract apk info using apkanalyzer. Falling back to aapt. Original error: Could not find 'apkanalyzer' in ["/Users/vanthink_test_ios/Desktop/intsall/adt-bundle-mac-x86_64-20140624/sdk/platform-tools/apkanalyzer","/Users/vanthink_test_ios/Desktop/intsall/adt-bundle-mac-x86_64-20140624/sdk/emulator/apkanalyzer","/Users/vanthink_test_ios/Desktop/intsall/adt-bundle-mac-x86_64-20140624/sdk/tools/apkanalyzer","/Users/vanthink_test_ios/Desktop/intsall/adt-bundle-mac-x86_64-20140624/sdk/tools/bin/apkanalyzer","/Users/vanthink_test_ios/Desktop/intsall/adt-bundle-mac-x86_64-20140624/sdk/build-tools/28.0.3/apkanalyzer","/Users/vanthink_test_ios/Desktop/intsall/adt-bundle-mac-x86_64-20140624/sdk/build-tools/28.0.0/apkanalyzer","/Users/vanthink_test_ios/Desktop/intsall/adt-bundle-mac-x86_64-20140624/sdk/build-tools/27.0.1/apkanalyzer","/Users/vanthink_test_ios/Desktop/intsall/adt-bundle-mac-x86_64-20140624/sdk/build-tools/23.0.1/apkanalyzer"]. Do you have Android Build Tools installed at '/Users/vanthink_test_ios/Desktop/intsall/adt-bundle-mac-x86_64-20140624/sdk'?
[debug] [35m[ADB][39m The version name of the installed 'io.appium.uiautomator2.server' is greater or equal to the application version name ('4.3.0' >= '4.3.0')
[debug] [35m[UiAutomator2][39m io.appium.uiautomator2.server installation state: sameVersionInstalled
[debug] [35m[ADB][39m Checking app cert for /Users/vanthink_test_ios/.nvm/v8.14.1/lib/node_modules/appium/node_modules/appium-uiautomator2-server/apks/appium-uiautomator2-server-v4.3.0.apk
[35m[ADB][39m Using 'apksigner' from '/Users/vanthink_test_ios/Desktop/intsall/adt-bundle-mac-x86_64-20140624/sdk/build-tools/28.0.3/apksigner'
[debug] [35m[ADB][39m Starting '/Users/vanthink_test_ios/Desktop/intsall/adt-bundle-mac-x86_64-20140624/sdk/build-tools/28.0.3/apksigner' with args '["verify","--print-certs","/Users/vanthink_test_ios/.nvm/v8.14.1/lib/node_modules/appium/node_modules/appium-uiautomator2-server/apks/appium-uiautomator2-server-v4.3.0.apk"]'
[debug] [35m[ADB][39m apksigner stdout: Signer #1 certificate DN: EMAILADDRESS=android@android.com, CN=Android, OU=Android, O=Android, L=Mountain View, ST=California, C=US
[debug] [35m[ADB][39m Signer #1 certificate SHA-256 digest: a40da80a59d170caa950cf15c18c454d47a39b26989d8b640ecd745ba71bf5dc
[debug] [35m[ADB][39m Signer #1 certificate SHA-1 digest: 61ed377e85d386a8dfee6b864bd85b0bfaa5af81
[debug] [35m[ADB][39m Signer #1 certificate MD5 digest: e89b158e4bcf988ebd09eb83f5378e87
[debug] [35m[ADB][39m 
[debug] [35m[ADB][39m '/Users/vanthink_test_ios/.nvm/v8.14.1/lib/node_modules/appium/node_modules/appium-uiautomator2-server/apks/appium-uiautomator2-server-v4.3.0.apk' is already signed.
[debug] [35m[ADB][39m Getting install status for io.appium.uiautomator2.server.test
[debug] [35m[ADB][39m Running '/Users/vanthink_test_ios/Desktop/intsall/adt-bundle-mac-x86_64-20140624/sdk/platform-tools/adb -P 5037 -s RELBB18A31503011 shell dumpsys package io.appium.uiautomator2.server.test'
[debug] [35m[ADB][39m 'io.appium.uiautomator2.server.test' is installed
[debug] [35m[ADB][39m Checking app cert for /Users/vanthink_test_ios/.nvm/v8.14.1/lib/node_modules/appium/node_modules/appium-uiautomator2-server/apks/appium-uiautomator2-server-debug-androidTest.apk
[debug] [35m[ADB][39m Starting '/Users/vanthink_test_ios/Desktop/intsall/adt-bundle-mac-x86_64-20140624/sdk/build-tools/28.0.3/apksigner' with args '["verify","--print-certs","/Users/vanthink_test_ios/.nvm/v8.14.1/lib/node_modules/appium/node_modules/appium-uiautomator2-server/apks/appium-uiautomator2-server-debug-androidTest.apk"]'
[debug] [35m[ADB][39m apksigner stdout: Signer #1 certificate DN: EMAILADDRESS=android@android.com, CN=Android, OU=Android, O=Android, L=Mountain View, ST=California, C=US
[debug] [35m[ADB][39m Signer #1 certificate SHA-256 digest: a40da80a59d170caa950cf15c18c454d47a39b26989d8b640ecd745ba71bf5dc
[debug] [35m[ADB][39m Signer #1 certificate SHA-1 digest: 61ed377e85d386a8dfee6b864bd85b0bfaa5af81
[debug] [35m[ADB][39m Signer #1 certificate MD5 digest: e89b158e4bcf988ebd09eb83f5378e87
[debug] [35m[ADB][39m 
[debug] [35m[ADB][39m '/Users/vanthink_test_ios/.nvm/v8.14.1/lib/node_modules/appium/node_modules/appium-uiautomator2-server/apks/appium-uiautomator2-server-debug-androidTest.apk' is already signed.
[35m[UiAutomator2][39m Server packages are not going to be (re)installed
[debug] [35m[UiAutomator2][39m Waiting up to 30000ms for services to be available
[debug] [35m[ADB][39m Running '/Users/vanthink_test_ios/Desktop/intsall/adt-bundle-mac-x86_64-20140624/sdk/platform-tools/adb -P 5037 -s RELBB18A31503011 shell pm list instrumentation'
[debug] [35m[UiAutomator2][39m Instrumentation target 'io.appium.uiautomator2.server.test/androidx.test.runner.AndroidJUnitRunner' is available
[debug] [35m[UiAutomator2][39m Forwarding UiAutomator2 Server port 6790 to 8200
[debug] [35m[ADB][39m Forwarding system: 8200 to device: 6790
[debug] [35m[ADB][39m Running '/Users/vanthink_test_ios/Desktop/intsall/adt-bundle-mac-x86_64-20140624/sdk/platform-tools/adb -P 5037 -s RELBB18A31503011 forward tcp\:8200 tcp\:6790'
[debug] [35m[ADB][39m Checking app cert for /Users/vanthink_test_ios/Downloads/student_env_devMasterDebug_1.4.8-5.apk
[debug] [35m[ADB][39m Starting '/Users/vanthink_test_ios/Desktop/intsall/adt-bundle-mac-x86_64-20140624/sdk/build-tools/28.0.3/apksigner' with args '["verify","--print-certs","/Users/vanthink_test_ios/Downloads/student_env_devMasterDebug_1.4.8-5.apk"]'
[debug] [35m[ADB][39m apksigner stdout: Signer #1 certificate DN: EMAILADDRESS=android@android.com, CN=Android, OU=Android, O=Android, L=Mountain View, ST=California, C=US
[debug] [35m[ADB][39m Signer #1 certificate SHA-256 digest: a40da80a59d170caa950cf15c18c454d47a39b26989d8b640ecd745ba71bf5dc
[debug] [35m[ADB][39m Signer #1 certificate SHA-1 digest: 61ed377e85d386a8dfee6b864bd85b0bfaa5af81
[debug] [35m[ADB][39m Signer #1 certificate MD5 digest: e89b158e4bcf988ebd09eb83f5378e87
[debug] [35m[ADB][39m 
[debug] [35m[ADB][39m '/Users/vanthink_test_ios/Downloads/student_env_devMasterDebug_1.4.8-5.apk' is already signed.
[debug] [35m[ADB][39m Getting install status for com.vanthink.student.debug
[debug] [35m[ADB][39m Running '/Users/vanthink_test_ios/Desktop/intsall/adt-bundle-mac-x86_64-20140624/sdk/platform-tools/adb -P 5037 -s RELBB18A31503011 shell dumpsys package com.vanthink.student.debug'
[debug] [35m[ADB][39m 'com.vanthink.student.debug' is installed
[debug] [35m[ADB][39m Getting package info for 'com.vanthink.student.debug'
[debug] [35m[ADB][39m Running '/Users/vanthink_test_ios/Desktop/intsall/adt-bundle-mac-x86_64-20140624/sdk/platform-tools/adb -P 5037 -s RELBB18A31503011 shell dumpsys package com.vanthink.student.debug'
[35m[ADB][39m Cannot extract apk info using apkanalyzer. Falling back to aapt. Original error: Could not find 'apkanalyzer' in ["/Users/vanthink_test_ios/Desktop/intsall/adt-bundle-mac-x86_64-20140624/sdk/platform-tools/apkanalyzer","/Users/vanthink_test_ios/Desktop/intsall/adt-bundle-mac-x86_64-20140624/sdk/emulator/apkanalyzer","/Users/vanthink_test_ios/Desktop/intsall/adt-bundle-mac-x86_64-20140624/sdk/tools/apkanalyzer","/Users/vanthink_test_ios/Desktop/intsall/adt-bundle-mac-x86_64-20140624/sdk/tools/bin/apkanalyzer","/Users/vanthink_test_ios/Desktop/intsall/adt-bundle-mac-x86_64-20140624/sdk/build-tools/28.0.3/apkanalyzer","/Users/vanthink_test_ios/Desktop/intsall/adt-bundle-mac-x86_64-20140624/sdk/build-tools/28.0.0/apkanalyzer","/Users/vanthink_test_ios/Desktop/intsall/adt-bundle-mac-x86_64-20140624/sdk/build-tools/27.0.1/apkanalyzer","/Users/vanthink_test_ios/Desktop/intsall/adt-bundle-mac-x86_64-20140624/sdk/build-tools/23.0.1/apkanalyzer"]. Do you have Android Build Tools installed at '/Users/vanthink_test_ios/Desktop/intsall/adt-bundle-mac-x86_64-20140624/sdk'?
[debug] [35m[ADB][39m The version name of the installed 'com.vanthink.student.debug' is greater or equal to the application version name ('1.4.8' >= '1.4.8')
[debug] [35m[ADB][39m There is no need to install/upgrade '/Users/vanthink_test_ios/Downloads/student_env_devMasterDebug_1.4.8-5.apk'
[debug] [35m[UiAutomator2][39m Performing shallow cleanup of automation leftovers
[debug] [35m[UiAutomator2][39m No obsolete sessions have been detected (Error: socket hang up)
[debug] [35m[ADB][39m Running '/Users/vanthink_test_ios/Desktop/intsall/adt-bundle-mac-x86_64-20140624/sdk/platform-tools/adb -P 5037 -s RELBB18A31503011 shell am force-stop io.appium.uiautomator2.server.test'
[35m[UiAutomator2][39m Starting UIAutomator2 server 4.3.0
[35m[UiAutomator2][39m Using UIAutomator2 server from '/Users/vanthink_test_ios/.nvm/v8.14.1/lib/node_modules/appium/node_modules/appium-uiautomator2-server/apks/appium-uiautomator2-server-v4.3.0.apk' and test from '/Users/vanthink_test_ios/.nvm/v8.14.1/lib/node_modules/appium/node_modules/appium-uiautomator2-server/apks/appium-uiautomator2-server-debug-androidTest.apk'
[35m[UiAutomator2][39m Waiting up to 30000ms for UiAutomator2 to be online...
[debug] [35m[ADB][39m Creating ADB subprocess with args: ["-P",5037,"-s","RELBB18A31503011","shell","am","instrument","-w","io.appium.uiautomator2.server.test/androidx.test.runner.AndroidJUnitRunner"]
[debug] [35m[WD Proxy][39m Matched '/status' to command name 'getStatus'
[debug] [35m[WD Proxy][39m Proxying [GET /status] to [GET http://localhost:8200/wd/hub/status] with no body
[35m[WD Proxy][39m Got an unexpected response with status undefined: {"code":"ECONNRESET"}
[35m[HTTP][39m [37m-->[39m [37mGET[39m [37m/wd/hub/status[39m
[35m[HTTP][39m [90m{}[39m
[debug] [35m[GENERIC][39m Calling AppiumDriver.getStatus() with args: []
[debug] [35m[GENERIC][39m Responding to client with driver.getStatus() result: {"build":{"version":"1.15.1"}}
[35m[HTTP][39m [37m<-- GET /wd/hub/status [39m[32m200[39m [90m3 ms - 68[39m
[35m[HTTP][39m [90m[39m
[debug] [35m[Instrumentation][39m io.appium.uiautomator2.server.test.AppiumUiAutomator2Server:
[debug] [35m[WD Proxy][39m Matched '/status' to command name 'getStatus'
[debug] [35m[WD Proxy][39m Proxying [GET /status] to [GET http://localhost:8200/wd/hub/status] with no body
[35m[WD Proxy][39m Got an unexpected response with status undefined: {"code":"ECONNRESET"}
[debug] [35m[WD Proxy][39m Matched '/status' to command name 'getStatus'
[debug] [35m[WD Proxy][39m Proxying [GET /status] to [GET http://localhost:8200/wd/hub/status] with no body
[debug] [35m[WD Proxy][39m Got response with status 200: {"sessionId":"None","value":{"ready":true,"message":"UiAutomator2 Server is ready to accept commands"}}
[debug] [35m[UiAutomator2][39m The initialization of the instrumentation process took 3170ms
[debug] [35m[WD Proxy][39m Matched '/session' to command name 'createSession'
[debug] [35m[WD Proxy][39m Proxying [POST /session] to [POST http://localhost:8200/wd/hub/session] with body: {"capabilities":{"firstMatch":[{"platform":"LINUX","webStorageEnabled":false,"takesScreenshot":true,"javascriptEnabled":true,"databaseEnabled":false,"networkConnectionEnabled":true,"locationContextEnabled":false,"warnings":{},"desired":{"platformName":"android","server:CONFIG_UUID":"15a42bd3-35fa-4e22-8708-8a0899f575e9","app":"/Users/vanthink_test_ios/Downloads/student_env_devMasterDebug_1.4.8-5.apk","automationName":"uiautomator2","deviceName":"HUAWEI_CX_MAX","noReset":true,"platformVersion":"9.0","resetKeyboard":true,"systemPort":8200,"udid":"RELBB18A31503011"},"platformName":"android","server:CONFIG_UUID":"15a42bd3-35fa-4e22-8708-8a0899f575e9","app":"/Users/vanthink_test_ios/Downloads/student_env_devMasterDebug_1.4.8-5.apk","automationName":"uiautomator2","deviceName":"RELBB18A31503011","noReset":true,"platformVersion":"9.0","resetKeyboard":true,"systemPort":8200,"udid":"RELBB18A31503011","deviceUDID":"RELBB18A31503011","appPackage":"com.vanthink.student.debug"}],"alwaysMatch":{}}}
[debug] [35m[WD Proxy][39m Got response with status 200: {"sessionId":"8f647034-98dc-46f2-8ede-e577a554aca7","value":{"sessionId":"8f647034-98dc-46f2-8ede-e577a554aca7","capabilities":{"firstMatch":[{"platform":"LINUX","webStorageEnabled":false,"takesScreenshot":true,"javascriptEnabled":true,"databaseEnabled":false,"networkConnectionEnabled":true,"locationContextEnabled":false,"warnings":{},"desired":{"platformName":"android","server:CONFIG_UUID":"15a42bd3-35fa-4e22-8708-8a0899f575e9","app":"/Users/vanthink_test_ios/Downloads/student_env_devMasterDebug_1.4.8-5.apk","automationName":"uiautomator2","deviceName":"HUAWEI_CX_MAX","noReset":true,"platformVersion":"9.0","resetKeyboard":true,"systemPort":8200,"udid":"RELBB18A31503011"},"platformName":"android","server:CONFIG_UUID":"15a42bd3-35fa-4e22-8708-8a0899f575e9","app":"/Users/vanthink_test_ios/Downloads/student_env_devMasterDebug_1.4.8-5.apk","automationName":"uiautomator2","deviceName":"RELBB18A31503011","noReset":true,"platformVersion":"9.0","resetKeyboard":true,"systemPort":8200,"udid":"RELBB18A31503011","devi...
[35m[WD Proxy][39m Determined the downstream protocol as 'W3C'
[debug] [35m[WD Proxy][39m Proxying [GET /appium/device/info] to [GET http://localhost:8200/wd/hub/session/8f647034-98dc-46f2-8ede-e577a554aca7/appium/device/info] with no body
[debug] [35m[WD Proxy][39m Got response with status 200: {"sessionId":"8f647034-98dc-46f2-8ede-e577a554aca7","value":{"androidId":"aff17734d7e5de1f","manufacturer":"HUAWEI","model":"ARS-AL00","brand":"HUAWEI","apiVersion":"28","platformVersion":"9","carrierName":"","realDisplaySize":"1080x2244","displayDensity":480,"networks":[{"type":1,"typeName":"WIFI","subtype":0,"subtypeName":"","isConnected":true,"detailedState":"CONNECTED","state":"CONNECTED","extraInfo":null,"isAvailable":true,"isFailover":false,"isRoaming":false,"capabilities":{"transportTypes":"NET_CAPABILITY_SUPL","networkCapabilities":"","linkUpstreamBandwidthKbps":1048576,"linkDownBandwidthKbps":1048576,"signalStrength":-54,"networkSpecifier":null,"SSID":null}}],"locale":"zh_CN_#Hans","timeZone":"Asia\/Shanghai"}}
[debug] [35m[ADB][39m Running '/Users/vanthink_test_ios/Desktop/intsall/adt-bundle-mac-x86_64-20140624/sdk/platform-tools/adb -P 5037 -s RELBB18A31503011 shell dumpsys window'
[35m[AndroidDriver][39m Screen already unlocked, doing nothing
[35m[UiAutomator2][39m Starting 'com.vanthink.student.debug/com.vanthink.vanthinkstudent.ui.splash.SplashActivity and waiting for 'com.vanthink.student.debug/com.vanthink.vanthinkstudent.ui.splash.SplashActivity'
[debug] [35m[ADB][39m Running '/Users/vanthink_test_ios/Desktop/intsall/adt-bundle-mac-x86_64-20140624/sdk/platform-tools/adb -P 5037 -s RELBB18A31503011 shell am start -W -n com.vanthink.student.debug/com.vanthink.vanthinkstudent.ui.splash.SplashActivity -S -a android.intent.action.MAIN -c android.intent.category.LAUNCHER -f 0x10200000'
[debug] [35m[ADB][39m Waiting up to 20000ms for activity matching pkg: 'com.vanthink.student.debug' and activity: 'com.vanthink.vanthinkstudent.ui.splash.SplashActivity' to be focused
[debug] [35m[ADB][39m Possible activities, to be checked: 'com.vanthink.vanthinkstudent.ui.splash.SplashActivity', 'com.vanthink.student.debug.com.vanthink.vanthinkstudent.ui.splash.SplashActivity'
[debug] [35m[ADB][39m Getting focused package and activity
[debug] [35m[ADB][39m Running '/Users/vanthink_test_ios/Desktop/intsall/adt-bundle-mac-x86_64-20140624/sdk/platform-tools/adb -P 5037 -s RELBB18A31503011 shell dumpsys window windows'
[debug] [35m[ADB][39m Found package: 'com.vanthink.student.debug' and fully qualified activity name : 'com.vanthink.vanthinkstudent.ui.splash.SplashActivity'
[debug] [35m[WD Proxy][39m Proxying [GET /appium/device/pixel_ratio] to [GET http://localhost:8200/wd/hub/session/8f647034-98dc-46f2-8ede-e577a554aca7/appium/device/pixel_ratio] with body: {}
[debug] [35m[WD Proxy][39m Got response with status 200: {"sessionId":"8f647034-98dc-46f2-8ede-e577a554aca7","value":3}
[debug] [35m[WD Proxy][39m Matched '/appium/device/system_bars' to command name 'getSystemBars'
[debug] [35m[WD Proxy][39m Proxying [GET /appium/device/system_bars] to [GET http://localhost:8200/wd/hub/session/8f647034-98dc-46f2-8ede-e577a554aca7/appium/device/system_bars] with body: {}
[debug] [35m[WD Proxy][39m Got response with status 200: {"sessionId":"8f647034-98dc-46f2-8ede-e577a554aca7","value":{"statusBar":96}}
[debug] [35m[WD Proxy][39m Matched '/window/current/size' to command name 'getWindowSize'
[debug] [35m[WD Proxy][39m Proxying [GET /window/current/size] to [GET http://localhost:8200/wd/hub/session/8f647034-98dc-46f2-8ede-e577a554aca7/window/current/size] with body: {}
[debug] [35m[WD Proxy][39m Got response with status 200: {"sessionId":"8f647034-98dc-46f2-8ede-e577a554aca7","value":{"height":2044,"width":1080}}
[35m[Appium][39m New AndroidUiautomator2Driver session created successfully, session efca1759-c7b0-4551-a364-272528688676 added to master session list
[debug] [35m[BaseDriver][39m Event 'newSessionStarted' logged at 1583732526273 (13:42:06 GMT+0800 (CST))
[debug] [35m[W3C (efca1759)][39m Cached the protocol value 'W3C' for the new session efca1759-c7b0-4551-a364-272528688676
[debug] [35m[W3C (efca1759)][39m Responding to client with driver.createSession() result: {"capabilities":{"platform":"LINUX","webStorageEnabled":false,"takesScreenshot":true,"javascriptEnabled":true,"databaseEnabled":false,"networkConnectionEnabled":true,"locationContextEnabled":false,"warnings":{},"desired":{"platformName":"android","server:CONFIG_UUID":"15a42bd3-35fa-4e22-8708-8a0899f575e9","app":"/Users/vanthink_test_ios/Downloads/student_env_devMasterDebug_1.4.8-5.apk","automationName":"uiautomator2","deviceName":"HUAWEI_CX_MAX","noReset":true,"platformVersion":"9.0","resetKeyboard":true,"systemPort":8200,"udid":"RELBB18A31503011"},"platformName":"android","server:CONFIG_UUID":"15a42bd3-35fa-4e22-8708-8a0899f575e9","app":"/Users/vanthink_test_ios/Downloads/student_env_devMasterDebug_1.4.8-5.apk","automationName":"uiautomator2","deviceName":"RELBB18A31503011","noReset":true,"platformVersion":"9","resetKeyboard":true,"systemPort":8200,"udid":"RELBB18A31503011","deviceUDID":"RELBB18A31503011","appPackage":"com.vanthink.student.debug","deviceApiLevel":28,"deviceScreenSize":"1080x2244","deviceS...
[35m[HTTP][39m [37m<-- POST /wd/hub/session [39m[32m200[39m [90m9045 ms - 1252[39m
[35m[HTTP][39m [90m[39m
[35m[HTTP][39m [37m-->[39m [37mGET[39m [37m/wd/hub/status[39m
[35m[HTTP][39m [90m{}[39m
[debug] [35m[GENERIC][39m Calling AppiumDriver.getStatus() with args: []
[debug] [35m[GENERIC][39m Responding to client with driver.getStatus() result: {"build":{"version":"1.15.1"}}
[35m[HTTP][39m [37m<-- GET /wd/hub/status [39m[32m200[39m [90m1 ms - 68[39m
[35m[HTTP][39m [90m[39m
[35m[HTTP][39m [37m-->[39m [37mGET[39m [37m/wd/hub/session/efca1759-c7b0-4551-a364-272528688676/appium/device/current_activity[39m
[35m[HTTP][39m [90m{}[39m
[debug] [35m[W3C (efca1759)][39m Calling AppiumDriver.getCurrentActivity() with args: ["efca1759-c7b0-4551-a364-272528688676"]
[debug] [35m[ADB][39m Getting focused package and activity
[debug] [35m[ADB][39m Running '/Users/vanthink_test_ios/Desktop/intsall/adt-bundle-mac-x86_64-20140624/sdk/platform-tools/adb -P 5037 -s RELBB18A31503011 shell dumpsys window windows'
[debug] [35m[W3C (efca1759)][39m Responding to client with driver.getCurrentActivity() result: "com.vanthink.vanthinkstudent.ui.user.login.LoginActivity"
[35m[HTTP][39m [37m<-- GET /wd/hub/session/efca1759-c7b0-4551-a364-272528688676/appium/device/current_activity [39m[32m200[39m [90m133 ms - 68[39m
[35m[HTTP][39m [90m[39m
[35m[HTTP][39m [37m-->[39m [37mPOST[39m [37m/wd/hub/session/efca1759-c7b0-4551-a364-272528688676/element[39m
[35m[HTTP][39m [90m{"using":"id","value":"com.vanthink.student.debug:id/btn_login"}[39m
[debug] [35m[W3C (efca1759)][39m Calling AppiumDriver.findElement() with args: ["id","com.vanthink.student.debug:id/btn_login","efca1759-c7b0-4551-a364-272528688676"]
[debug] [35m[BaseDriver][39m Valid locator strategies for this request: xpath, id, class name, accessibility id, -android uiautomator
[debug] [35m[BaseDriver][39m Waiting up to 0 ms for condition
[debug] [35m[WD Proxy][39m Matched '/element' to command name 'findElement'
[debug] [35m[WD Proxy][39m Proxying [POST /element] to [POST http://localhost:8200/wd/hub/session/8f647034-98dc-46f2-8ede-e577a554aca7/element] with body: {"strategy":"id","selector":"com.vanthink.student.debug:id/btn_login","context":"","multiple":false}
[debug] [35m[WD Proxy][39m Got response with status 200: {"sessionId":"8f647034-98dc-46f2-8ede-e577a554aca7","value":{"ELEMENT":"09858271-1667-4385-aa6f-2d9a4eb2d7e1","element-6066-11e4-a52e-4f735466cecf":"09858271-1667-4385-aa6f-2d9a4eb2d7e1"}}
[debug] [35m[W3C (efca1759)][39m Responding to client with driver.findElement() result: {"element-6066-11e4-a52e-4f735466cecf":"09858271-1667-4385-aa6f-2d9a4eb2d7e1","ELEMENT":"09858271-1667-4385-aa6f-2d9a4eb2d7e1"}
[35m[HTTP][39m [37m<-- POST /wd/hub/session/efca1759-c7b0-4551-a364-272528688676/element [39m[32m200[39m [90m169 ms - 137[39m
[35m[HTTP][39m [90m[39m
[35m[HTTP][39m [37m-->[39m [37mGET[39m [37m/wd/hub/status[39m
[35m[HTTP][39m [90m{}[39m
[debug] [35m[GENERIC][39m Calling AppiumDriver.getStatus() with args: []
[debug] [35m[GENERIC][39m Responding to client with driver.getStatus() result: {"build":{"version":"1.15.1"}}
[35m[HTTP][39m [37m<-- GET /wd/hub/status [39m[32m200[39m [90m2 ms - 68[39m
[35m[HTTP][39m [90m[39m
[35m[HTTP][39m [37m-->[39m [37mPOST[39m [37m/wd/hub/session/efca1759-c7b0-4551-a364-272528688676/element[39m
[35m[HTTP][39m [90m{"using":"id","value":"com.vanthink.student.debug:id/ed_user_nickname"}[39m
[debug] [35m[W3C (efca1759)][39m Calling AppiumDriver.findElement() with args: ["id","com.vanthink.student.debug:id/ed_user_nickname","efca1759-c7b0-4551-a364-272528688676"]
[debug] [35m[BaseDriver][39m Valid locator strategies for this request: xpath, id, class name, accessibility id, -android uiautomator
[debug] [35m[BaseDriver][39m Waiting up to 0 ms for condition
[debug] [35m[WD Proxy][39m Matched '/element' to command name 'findElement'
[debug] [35m[WD Proxy][39m Proxying [POST /element] to [POST http://localhost:8200/wd/hub/session/8f647034-98dc-46f2-8ede-e577a554aca7/element] with body: {"strategy":"id","selector":"com.vanthink.student.debug:id/ed_user_nickname","context":"","multiple":false}
[debug] [35m[WD Proxy][39m Got response with status 200: {"sessionId":"8f647034-98dc-46f2-8ede-e577a554aca7","value":{"ELEMENT":"fbd125f7-fa9b-4e90-823d-d0fadc18bcfb","element-6066-11e4-a52e-4f735466cecf":"fbd125f7-fa9b-4e90-823d-d0fadc18bcfb"}}
[debug] [35m[W3C (efca1759)][39m Responding to client with driver.findElement() result: {"element-6066-11e4-a52e-4f735466cecf":"fbd125f7-fa9b-4e90-823d-d0fadc18bcfb","ELEMENT":"fbd125f7-fa9b-4e90-823d-d0fadc18bcfb"}
[35m[HTTP][39m [37m<-- POST /wd/hub/session/efca1759-c7b0-4551-a364-272528688676/element [39m[32m200[39m [90m125 ms - 137[39m
[35m[HTTP][39m [90m[39m
[35m[HTTP][39m [37m-->[39m [37mPOST[39m [37m/wd/hub/session/efca1759-c7b0-4551-a364-272528688676/element[39m
[35m[HTTP][39m [90m{"using":"id","value":"com.vanthink.student.debug:id/ed_user_pwd"}[39m
[debug] [35m[W3C (efca1759)][39m Calling AppiumDriver.findElement() with args: ["id","com.vanthink.student.debug:id/ed_user_pwd","efca1759-c7b0-4551-a364-272528688676"]
[debug] [35m[BaseDriver][39m Valid locator strategies for this request: xpath, id, class name, accessibility id, -android uiautomator
[debug] [35m[BaseDriver][39m Waiting up to 0 ms for condition
[debug] [35m[WD Proxy][39m Matched '/element' to command name 'findElement'
[debug] [35m[WD Proxy][39m Proxying [POST /element] to [POST http://localhost:8200/wd/hub/session/8f647034-98dc-46f2-8ede-e577a554aca7/element] with body: {"strategy":"id","selector":"com.vanthink.student.debug:id/ed_user_pwd","context":"","multiple":false}
[debug] [35m[WD Proxy][39m Got response with status 200: {"sessionId":"8f647034-98dc-46f2-8ede-e577a554aca7","value":{"ELEMENT":"680bf7d5-d1b8-4c00-b0bc-488d20f98496","element-6066-11e4-a52e-4f735466cecf":"680bf7d5-d1b8-4c00-b0bc-488d20f98496"}}
[debug] [35m[W3C (efca1759)][39m Responding to client with driver.findElement() result: {"element-6066-11e4-a52e-4f735466cecf":"680bf7d5-d1b8-4c00-b0bc-488d20f98496","ELEMENT":"680bf7d5-d1b8-4c00-b0bc-488d20f98496"}
[35m[HTTP][39m [37m<-- POST /wd/hub/session/efca1759-c7b0-4551-a364-272528688676/element [39m[32m200[39m [90m90 ms - 137[39m
[35m[HTTP][39m [90m[39m
[35m[HTTP][39m [37m-->[39m [37mPOST[39m [37m/wd/hub/session/efca1759-c7b0-4551-a364-272528688676/element/fbd125f7-fa9b-4e90-823d-d0fadc18bcfb/value[39m
[35m[HTTP][39m [90m{"text":"16612341007","value":["1","6","6","1","2","3","4","1","0","0","7"],"id":"fbd125f7-fa9b-4e90-823d-d0fadc18bcfb"}[39m
[debug] [35m[W3C (efca1759)][39m Calling AppiumDriver.setValue() with args: [["1","6","6","1","2","3","4","1","0","0","7"],"fbd125f7-fa9b-4e90-823d-d0fadc18bcfb","efca1759-c7b0-4551-a364-272528688676"]
[debug] [35m[WD Proxy][39m Matched '/element/fbd125f7-fa9b-4e90-823d-d0fadc18bcfb/value' to command name 'setValue'
[debug] [35m[Protocol Converter][39m Added 'value' property ["1","6","6","1","2","3","4","1","0","0","7"] to 'setValue' request body
[debug] [35m[WD Proxy][39m Proxying [POST /element/fbd125f7-fa9b-4e90-823d-d0fadc18bcfb/value] to [POST http://localhost:8200/wd/hub/session/8f647034-98dc-46f2-8ede-e577a554aca7/element/fbd125f7-fa9b-4e90-823d-d0fadc18bcfb/value] with body: {"elementId":"fbd125f7-fa9b-4e90-823d-d0fadc18bcfb","text":"16612341007","replace":false,"value":["1","6","6","1","2","3","4","1","0","0","7"]}
[debug] [35m[WD Proxy][39m Got response with status 200: {"sessionId":"8f647034-98dc-46f2-8ede-e577a554aca7","value":null}
[debug] [35m[W3C (efca1759)][39m Responding to client with driver.setValue() result: null
[35m[HTTP][39m [37m<-- POST /wd/hub/session/efca1759-c7b0-4551-a364-272528688676/element/fbd125f7-fa9b-4e90-823d-d0fadc18bcfb/value [39m[32m200[39m [90m657 ms - 14[39m
[35m[HTTP][39m [90m[39m
[35m[HTTP][39m [37m-->[39m [37mPOST[39m [37m/wd/hub/session/efca1759-c7b0-4551-a364-272528688676/element/680bf7d5-d1b8-4c00-b0bc-488d20f98496/value[39m
[35m[HTTP][39m [90m{"text":"123456","value":["1","2","3","4","5","6"],"id":"680bf7d5-d1b8-4c00-b0bc-488d20f98496"}[39m
[debug] [35m[W3C (efca1759)][39m Calling AppiumDriver.setValue() with args: [["1","2","3","4","5","6"],"680bf7d5-d1b8-4c00-b0bc-488d20f98496","efca1759-c7b0-4551-a364-272528688676"]
[debug] [35m[WD Proxy][39m Matched '/element/680bf7d5-d1b8-4c00-b0bc-488d20f98496/value' to command name 'setValue'
[debug] [35m[Protocol Converter][39m Added 'value' property ["1","2","3","4","5","6"] to 'setValue' request body
[debug] [35m[WD Proxy][39m Proxying [POST /element/680bf7d5-d1b8-4c00-b0bc-488d20f98496/value] to [POST http://localhost:8200/wd/hub/session/8f647034-98dc-46f2-8ede-e577a554aca7/element/680bf7d5-d1b8-4c00-b0bc-488d20f98496/value] with body: {"elementId":"680bf7d5-d1b8-4c00-b0bc-488d20f98496","text":"123456","replace":false,"value":["1","2","3","4","5","6"]}
[debug] [35m[WD Proxy][39m Got response with status 200: {"sessionId":"8f647034-98dc-46f2-8ede-e577a554aca7","value":null}
[debug] [35m[W3C (efca1759)][39m Responding to client with driver.setValue() result: null
[35m[HTTP][39m [37m<-- POST /wd/hub/session/efca1759-c7b0-4551-a364-272528688676/element/680bf7d5-d1b8-4c00-b0bc-488d20f98496/value [39m[32m200[39m [90m1145 ms - 14[39m
[35m[HTTP][39m [90m[39m
[35m[HTTP][39m [37m-->[39m [37mPOST[39m [37m/wd/hub/session/efca1759-c7b0-4551-a364-272528688676/element[39m
[35m[HTTP][39m [90m{"using":"id","value":"com.vanthink.student.debug:id/btn_login"}[39m
[debug] [35m[W3C (efca1759)][39m Calling AppiumDriver.findElement() with args: ["id","com.vanthink.student.debug:id/btn_login","efca1759-c7b0-4551-a364-272528688676"]
[debug] [35m[BaseDriver][39m Valid locator strategies for this request: xpath, id, class name, accessibility id, -android uiautomator
[debug] [35m[BaseDriver][39m Waiting up to 0 ms for condition
[debug] [35m[WD Proxy][39m Matched '/element' to command name 'findElement'
[debug] [35m[WD Proxy][39m Proxying [POST /element] to [POST http://localhost:8200/wd/hub/session/8f647034-98dc-46f2-8ede-e577a554aca7/element] with body: {"strategy":"id","selector":"com.vanthink.student.debug:id/btn_login","context":"","multiple":false}
[debug] [35m[WD Proxy][39m Got response with status 200: {"sessionId":"8f647034-98dc-46f2-8ede-e577a554aca7","value":{"ELEMENT":"ec4e1d7b-f706-424e-ba3a-1570a3a87580","element-6066-11e4-a52e-4f735466cecf":"ec4e1d7b-f706-424e-ba3a-1570a3a87580"}}
[debug] [35m[W3C (efca1759)][39m Responding to client with driver.findElement() result: {"element-6066-11e4-a52e-4f735466cecf":"ec4e1d7b-f706-424e-ba3a-1570a3a87580","ELEMENT":"ec4e1d7b-f706-424e-ba3a-1570a3a87580"}
[35m[HTTP][39m [37m<-- POST /wd/hub/session/efca1759-c7b0-4551-a364-272528688676/element [39m[32m200[39m [90m580 ms - 137[39m
[35m[HTTP][39m [90m[39m
[35m[HTTP][39m [37m-->[39m [37mPOST[39m [37m/wd/hub/session/efca1759-c7b0-4551-a364-272528688676/element/ec4e1d7b-f706-424e-ba3a-1570a3a87580/click[39m
[35m[HTTP][39m [90m{"id":"ec4e1d7b-f706-424e-ba3a-1570a3a87580"}[39m
[debug] [35m[W3C (efca1759)][39m Calling AppiumDriver.click() with args: ["ec4e1d7b-f706-424e-ba3a-1570a3a87580","efca1759-c7b0-4551-a364-272528688676"]
[debug] [35m[WD Proxy][39m Matched '/element/ec4e1d7b-f706-424e-ba3a-1570a3a87580/click' to command name 'click'
[debug] [35m[WD Proxy][39m Proxying [POST /element/ec4e1d7b-f706-424e-ba3a-1570a3a87580/click] to [POST http://localhost:8200/wd/hub/session/8f647034-98dc-46f2-8ede-e577a554aca7/element/ec4e1d7b-f706-424e-ba3a-1570a3a87580/click] with body: {"element":"ec4e1d7b-f706-424e-ba3a-1570a3a87580"}
[debug] [35m[WD Proxy][39m Got response with status 200: {"sessionId":"8f647034-98dc-46f2-8ede-e577a554aca7","value":null}
[debug] [35m[W3C (efca1759)][39m Responding to client with driver.click() result: null
[35m[HTTP][39m [37m<-- POST /wd/hub/session/efca1759-c7b0-4551-a364-272528688676/element/ec4e1d7b-f706-424e-ba3a-1570a3a87580/click [39m[32m200[39m [90m96 ms - 14[39m
[35m[HTTP][39m [90m[39m
[35m[HTTP][39m [37m-->[39m [37mGET[39m [37m/wd/hub/status[39m
[35m[HTTP][39m [90m{}[39m
[debug] [35m[GENERIC][39m Calling AppiumDriver.getStatus() with args: []
[debug] [35m[GENERIC][39m Responding to client with driver.getStatus() result: {"build":{"version":"1.15.1"}}
[35m[HTTP][39m [37m<-- GET /wd/hub/status [39m[32m200[39m [90m1 ms - 68[39m
[35m[HTTP][39m [90m[39m
[35m[HTTP][39m [37m-->[39m [37mGET[39m [37m/wd/hub/session/efca1759-c7b0-4551-a364-272528688676/screenshot[39m
[35m[HTTP][39m [90m{}[39m
[debug] [35m[W3C (efca1759)][39m Calling AppiumDriver.getScreenshot() with args: ["efca1759-c7b0-4551-a364-272528688676"]
[debug] [35m[WD Proxy][39m Matched '/screenshot' to command name 'getScreenshot'
[debug] [35m[WD Proxy][39m Proxying [GET /screenshot] to [GET http://localhost:8200/wd/hub/session/8f647034-98dc-46f2-8ede-e577a554aca7/screenshot] with no body
[debug] [35m[WD Proxy][39m Got response with status 200: {"sessionId":"8f647034-98dc-46f2-8ede-e577a554aca7","value":"iVBORw0KGgoAAAANSUhEUgAABDgAAAjECAYAAABJ4N+ZAAAABHNCSVQICAgIfAhkiAAAIABJREFU\neJzs3Xd4HNd5Nvz7zGwvWPRKAARJsPciikWFpDplSZYsyZaLZDl2XGPHjh3HTpzYn\/MlXxKlvHnl\nGtuyY8uWLasXS1SXKPbeSZAEUYnesXXmfH\/MYoHFLoAFsCgL3r\/rgogdzMyeRVnt3Puc54it9z8n\nQURERERERESUwpSpHgARERERERER0Xgx4CAiIiIiIiKilMeAg4iIiIiIiIhSHgMOIiIiIiIiIkp5\nDDiIiIiIiIiIKOUx4CAiIiIiIiKilMeAg4iIiIiIiIhSHgMOIiIiIiIiIkp5DDiIiIiIiIiIKOUx\n4CAiIiIiIiKilMeAg4iIiIiIiIhSHgMOIiIiIiIiIkp5DDiIiIiIiIiIKOUx4CAiIiIiIiKilMeA\ng4iIiIiIiIhSHgMOIiIiIiIiIkp5DDiIiIiIiIiIKOUx4CAiIiIiIiKilMeAg4iIiIiIiIhSHgMO\nIiIiIiIiIkp5DDiIiIiIiIiIKOUx4CAiIiIiIiKilMeAg4iIiIiIiIhSHgMOIiIiIiIiIkp5DDiI\niIiIiIiIKOUx4CAiIiIiIiKilMeAg4iIiIiIiIhSHgMOIiIiIiIiIkp5DDiIiIiIiIiIKOUx4CAi\nIiIiIiKilGea6gFMNItZQWa6DSaTSGh\/f0BHU4t3gkdFRERERERERMk0owOOtctzsHldAcQo61Te\n2FmLIydbJmZQI0hPsyAz3Qa3ywyXwwyX0\/jQNIlAUIM\/oCEY1NHRFUBVbTfaOvxTMk4AEEICEliW\ndwqfWvZbFHvq4ZBeQJfwajbUtObiF+c+ikONSwEBSJlYyDTT3Zx3GA8Uv4MMUxesShCq1CGk8b00\nPuSAfyUgxaBt\/f9KH...
[debug] [35m[W3C (efca1759)][39m Responding to client with driver.getScreenshot() result: "iVBORw0KGgoAAAANSUhEUgAABDgAAAjECAYAAABJ4N+ZAAAABHNCSVQICAgIfAhkiAAAIABJREFU\neJzs3Xd4HNd5Nvz7zGwvWPRKAARJsPciikWFpDplSZYsyZaLZDl2XGPHjh3HTpzYn/MlXxKlvHnl\nGtuyY8uWLasXS1SXKPbeSZAEUYnesXXmfH/MYoHFLoAFsCgL3r/rgogdzMyeRVnt3Puc54it9z8n\nQURERERERESUwpSpHgARERERERER0Xgx4CAiIiIiIiKilMeAg4iIiIiIiIhSHgMOIiIiIiIiIkp5\nDDiIiIiIiIiIKOUx4CAiIiIiIiKilMeAg4iIiIiIiIhSHgMOIiIiIiIiIkp5DDiIiIiIiIiIKOUx\n4CAiIiIiIiKilMeAg4iIiIiIiIhSHgMOIiIiIiIiIkp5DDiIiIiIiIiIKOUx4CAiIiIiIiKilMeA\ng4iIiIiIiIhSHgMOIiIiIiIiIkp5DDiIiIiIiIiIKOUx4CAiIiIiIiKilMeAg4iIiIiIiIhSHgMO\nIiIiIiIiIkp5DDiIiIiIiIiIKOUx4CAiIiIiIiKilMeAg4iIiIiIiIhSHgMOIiIiIiIiIkp5DDiI\niIiIiIiIKOUx4CAiIiIiIiKilMeAg4iIiIiIiIhSHgMOIiIiIiIiIkp5DDiIiIiIiIiIKOUx4CAi\nIiIiIiKilGea6gFMNItZQWa6DSaTSGh/f0BHU4t3gkdFRERERERERMk0owOOtctzsHldAcQo61Te\n2FmLIydbJmZQI0hPsyAz3Qa3ywyXwwyX0/jQNIlAUIM/oCEY1NHRFUBVbTfaOvxTMk4AEEICEliW\ndwqfWvZbFHvq4ZBeQJfwajbUtObiF+c+ikONSwEBSJlYyDTT3Zx3GA8Uv4MMUxesShCq1CGk8b00\nPuSAfyUgxaBt/f9KHdCkAr9mRlvIjV83b8WOrtVJG+v169pQPtuTtPMBwIXqDry+OyOp5yQiIiJK\nVUIAed...
[35m[HTTP][39m [37m<-- GET /wd/hub/session/efca1759-c7b0-4551-a364-272528688676/screenshot [39m[32m200[39m [90m877 ms - 472910[39m
[35m[HTTP][39m [90m[39m
[35m[HTTP][39m [37m-->[39m [37mGET[39m [37m/wd/hub/session/efca1759-c7b0-4551-a364-272528688676/appium/device/current_activity[39m
[35m[HTTP][39m [90m{}[39m
[debug] [35m[W3C (efca1759)][39m Calling AppiumDriver.getCurrentActivity() with args: ["efca1759-c7b0-4551-a364-272528688676"]
[debug] [35m[ADB][39m Getting focused package and activity
[debug] [35m[ADB][39m Running '/Users/vanthink_test_ios/Desktop/intsall/adt-bundle-mac-x86_64-20140624/sdk/platform-tools/adb -P 5037 -s RELBB18A31503011 shell dumpsys window windows'
[debug] [35m[W3C (efca1759)][39m Responding to client with driver.getCurrentActivity() result: "com.vanthink.vanthinkstudent.ui.home.HomeActivity"
[35m[HTTP][39m [37m<-- GET /wd/hub/session/efca1759-c7b0-4551-a364-272528688676/appium/device/current_activity [39m[32m200[39m [90m83 ms - 61[39m
[35m[HTTP][39m [90m[39m
[35m[HTTP][39m [37m-->[39m [37mPOST[39m [37m/wd/hub/session/efca1759-c7b0-4551-a364-272528688676/element[39m
[35m[HTTP][39m [90m{"using":"id","value":"com.vanthink.student.debug:id/btn_login"}[39m
[debug] [35m[W3C (efca1759)][39m Calling AppiumDriver.findElement() with args: ["id","com.vanthink.student.debug:id/btn_login","efca1759-c7b0-4551-a364-272528688676"]
[debug] [35m[BaseDriver][39m Valid locator strategies for this request: xpath, id, class name, accessibility id, -android uiautomator
[debug] [35m[BaseDriver][39m Waiting up to 0 ms for condition
[debug] [35m[WD Proxy][39m Matched '/element' to command name 'findElement'
[debug] [35m[WD Proxy][39m Proxying [POST /element] to [POST http://localhost:8200/wd/hub/session/8f647034-98dc-46f2-8ede-e577a554aca7/element] with body: {"strategy":"id","selector":"com.vanthink.student.debug:id/btn_login","context":"","multiple":false}
[35m[WD Proxy][39m Got an unexpected response with status 404: {"sessionId":"8f647034-98dc-46f2-8ede-e577a554aca7","value":{"error":"no such element","message":"An element could not be located on the page using the given search parameters","stacktrace":"io.appium.uiautomator2.common.exceptions.ElementNotFoundException: An element could not be located on the page using the given search parameters\n\tat io.appium.uiautomator2.handler.FindElement.safeHandle(FindElement.java:78)\n\tat io.appium.uiautomator2.handler.request.SafeRequestHandler.handle(SafeRequestHandler.java:38)\n\tat io.appium.uiautomator2.server.AppiumServlet.handleRequest(AppiumServlet.java:252)\n\tat io.appium.uiautomator2.server.AppiumServlet.handleHttpRequest(AppiumServlet.java:242)\n\tat io.appium.uiautomator2.http.ServerHandler.channelRead(ServerHandler.java:44)\n\tat io.netty.channel.AbstractChannelHandlerContext.invokeChannelRead(AbstractChannelHandlerContext.java:366)\n\tat io.netty.channel.AbstractChannelHandlerContext.invokeChannelRead(AbstractChannelHandlerContext.java:352)\n\tat io.netty.chann...
[debug] [35m[W3C][39m Matched W3C error code 'no such element' to NoSuchElementError
[debug] [35m[W3C (efca1759)][39m Encountered internal error running command: NoSuchElementError: An element could not be located on the page using the given search parameters.
[debug] [35m[W3C (efca1759)][39m     at AndroidUiautomator2Driver.findElOrEls (/Users/vanthink_test_ios/.nvm/v8.14.1/lib/node_modules/appium/node_modules/appium-android-driver/lib/commands/find.js:75:11)
[debug] [35m[W3C (efca1759)][39m     at <anonymous>
[35m[HTTP][39m [37m<-- POST /wd/hub/session/efca1759-c7b0-4551-a364-272528688676/element [39m[33m404[39m [90m314 ms - 434[39m
[35m[HTTP][39m [90m[39m
[35m[HTTP][39m [37m-->[39m [37mPOST[39m [37m/wd/hub/session/efca1759-c7b0-4551-a364-272528688676/element[39m
[35m[HTTP][39m [90m{"using":"id","value":"com.vanthink.student.debug:id/btn_login"}[39m
[debug] [35m[W3C (efca1759)][39m Calling AppiumDriver.findElement() with args: ["id","com.vanthink.student.debug:id/btn_login","efca1759-c7b0-4551-a364-272528688676"]
[debug] [35m[BaseDriver][39m Valid locator strategies for this request: xpath, id, class name, accessibility id, -android uiautomator
[debug] [35m[BaseDriver][39m Waiting up to 0 ms for condition
[debug] [35m[WD Proxy][39m Matched '/element' to command name 'findElement'
[debug] [35m[WD Proxy][39m Proxying [POST /element] to [POST http://localhost:8200/wd/hub/session/8f647034-98dc-46f2-8ede-e577a554aca7/element] with body: {"strategy":"id","selector":"com.vanthink.student.debug:id/btn_login","context":"","multiple":false}
[35m[WD Proxy][39m Got an unexpected response with status 404: {"sessionId":"8f647034-98dc-46f2-8ede-e577a554aca7","value":{"error":"no such element","message":"An element could not be located on the page using the given search parameters","stacktrace":"io.appium.uiautomator2.common.exceptions.ElementNotFoundException: An element could not be located on the page using the given search parameters\n\tat io.appium.uiautomator2.handler.FindElement.safeHandle(FindElement.java:78)\n\tat io.appium.uiautomator2.handler.request.SafeRequestHandler.handle(SafeRequestHandler.java:38)\n\tat io.appium.uiautomator2.server.AppiumServlet.handleRequest(AppiumServlet.java:252)\n\tat io.appium.uiautomator2.server.AppiumServlet.handleHttpRequest(AppiumServlet.java:242)\n\tat io.appium.uiautomator2.http.ServerHandler.channelRead(ServerHandler.java:44)\n\tat io.netty.channel.AbstractChannelHandlerContext.invokeChannelRead(AbstractChannelHandlerContext.java:366)\n\tat io.netty.channel.AbstractChannelHandlerContext.invokeChannelRead(AbstractChannelHandlerContext.java:352)\n\tat io.netty.chann...
[debug] [35m[W3C][39m Matched W3C error code 'no such element' to NoSuchElementError
[debug] [35m[W3C (efca1759)][39m Encountered internal error running command: NoSuchElementError: An element could not be located on the page using the given search parameters.
[debug] [35m[W3C (efca1759)][39m     at AndroidUiautomator2Driver.findElOrEls (/Users/vanthink_test_ios/.nvm/v8.14.1/lib/node_modules/appium/node_modules/appium-android-driver/lib/commands/find.js:75:11)
[debug] [35m[W3C (efca1759)][39m     at <anonymous>
[35m[HTTP][39m [37m<-- POST /wd/hub/session/efca1759-c7b0-4551-a364-272528688676/element [39m[33m404[39m [90m248 ms - 434[39m
[35m[HTTP][39m [90m[39m
[35m[HTTP][39m [37m-->[39m [37mPOST[39m [37m/wd/hub/session/efca1759-c7b0-4551-a364-272528688676/element[39m
[35m[HTTP][39m [90m{"using":"id","value":"com.vanthink.student.debug:id/btn_login"}[39m
[debug] [35m[W3C (efca1759)][39m Calling AppiumDriver.findElement() with args: ["id","com.vanthink.student.debug:id/btn_login","efca1759-c7b0-4551-a364-272528688676"]
[debug] [35m[BaseDriver][39m Valid locator strategies for this request: xpath, id, class name, accessibility id, -android uiautomator
[debug] [35m[BaseDriver][39m Waiting up to 0 ms for condition
[debug] [35m[WD Proxy][39m Matched '/element' to command name 'findElement'
[debug] [35m[WD Proxy][39m Proxying [POST /element] to [POST http://localhost:8200/wd/hub/session/8f647034-98dc-46f2-8ede-e577a554aca7/element] with body: {"strategy":"id","selector":"com.vanthink.student.debug:id/btn_login","context":"","multiple":false}
[35m[WD Proxy][39m Got an unexpected response with status 404: {"sessionId":"8f647034-98dc-46f2-8ede-e577a554aca7","value":{"error":"no such element","message":"An element could not be located on the page using the given search parameters","stacktrace":"io.appium.uiautomator2.common.exceptions.ElementNotFoundException: An element could not be located on the page using the given search parameters\n\tat io.appium.uiautomator2.handler.FindElement.safeHandle(FindElement.java:78)\n\tat io.appium.uiautomator2.handler.request.SafeRequestHandler.handle(SafeRequestHandler.java:38)\n\tat io.appium.uiautomator2.server.AppiumServlet.handleRequest(AppiumServlet.java:252)\n\tat io.appium.uiautomator2.server.AppiumServlet.handleHttpRequest(AppiumServlet.java:242)\n\tat io.appium.uiautomator2.http.ServerHandler.channelRead(ServerHandler.java:44)\n\tat io.netty.channel.AbstractChannelHandlerContext.invokeChannelRead(AbstractChannelHandlerContext.java:366)\n\tat io.netty.channel.AbstractChannelHandlerContext.invokeChannelRead(AbstractChannelHandlerContext.java:352)\n\tat io.netty.chann...
[debug] [35m[W3C][39m Matched W3C error code 'no such element' to NoSuchElementError
[debug] [35m[W3C (efca1759)][39m Encountered internal error running command: NoSuchElementError: An element could not be located on the page using the given search parameters.
[debug] [35m[W3C (efca1759)][39m     at AndroidUiautomator2Driver.findElOrEls (/Users/vanthink_test_ios/.nvm/v8.14.1/lib/node_modules/appium/node_modules/appium-android-driver/lib/commands/find.js:75:11)
[debug] [35m[W3C (efca1759)][39m     at <anonymous>
[35m[HTTP][39m [37m<-- POST /wd/hub/session/efca1759-c7b0-4551-a364-272528688676/element [39m[33m404[39m [90m220 ms - 434[39m
[35m[HTTP][39m [90m[39m
[35m[HTTP][39m [37m-->[39m [37mPOST[39m [37m/wd/hub/session/efca1759-c7b0-4551-a364-272528688676/element[39m
[35m[HTTP][39m [90m{"using":"id","value":"com.vanthink.student.debug:id/btn_login"}[39m
[debug] [35m[W3C (efca1759)][39m Calling AppiumDriver.findElement() with args: ["id","com.vanthink.student.debug:id/btn_login","efca1759-c7b0-4551-a364-272528688676"]
[debug] [35m[BaseDriver][39m Valid locator strategies for this request: xpath, id, class name, accessibility id, -android uiautomator
[debug] [35m[BaseDriver][39m Waiting up to 0 ms for condition
[debug] [35m[WD Proxy][39m Matched '/element' to command name 'findElement'
[debug] [35m[WD Proxy][39m Proxying [POST /element] to [POST http://localhost:8200/wd/hub/session/8f647034-98dc-46f2-8ede-e577a554aca7/element] with body: {"strategy":"id","selector":"com.vanthink.student.debug:id/btn_login","context":"","multiple":false}
[35m[WD Proxy][39m Got an unexpected response with status 404: {"sessionId":"8f647034-98dc-46f2-8ede-e577a554aca7","value":{"error":"no such element","message":"An element could not be located on the page using the given search parameters","stacktrace":"io.appium.uiautomator2.common.exceptions.ElementNotFoundException: An element could not be located on the page using the given search parameters\n\tat io.appium.uiautomator2.handler.FindElement.safeHandle(FindElement.java:78)\n\tat io.appium.uiautomator2.handler.request.SafeRequestHandler.handle(SafeRequestHandler.java:38)\n\tat io.appium.uiautomator2.server.AppiumServlet.handleRequest(AppiumServlet.java:252)\n\tat io.appium.uiautomator2.server.AppiumServlet.handleHttpRequest(AppiumServlet.java:242)\n\tat io.appium.uiautomator2.http.ServerHandler.channelRead(ServerHandler.java:44)\n\tat io.netty.channel.AbstractChannelHandlerContext.invokeChannelRead(AbstractChannelHandlerContext.java:366)\n\tat io.netty.channel.AbstractChannelHandlerContext.invokeChannelRead(AbstractChannelHandlerContext.java:352)\n\tat io.netty.chann...
[debug] [35m[W3C][39m Matched W3C error code 'no such element' to NoSuchElementError
[debug] [35m[W3C (efca1759)][39m Encountered internal error running command: NoSuchElementError: An element could not be located on the page using the given search parameters.
[debug] [35m[W3C (efca1759)][39m     at AndroidUiautomator2Driver.findElOrEls (/Users/vanthink_test_ios/.nvm/v8.14.1/lib/node_modules/appium/node_modules/appium-android-driver/lib/commands/find.js:75:11)
[debug] [35m[W3C (efca1759)][39m     at <anonymous>
[35m[HTTP][39m [37m<-- POST /wd/hub/session/efca1759-c7b0-4551-a364-272528688676/element [39m[33m404[39m [90m220 ms - 434[39m
[35m[HTTP][39m [90m[39m
[35m[HTTP][39m [37m-->[39m [37mGET[39m [37m/wd/hub/status[39m
[35m[HTTP][39m [90m{}[39m
[debug] [35m[GENERIC][39m Calling AppiumDriver.getStatus() with args: []
[debug] [35m[GENERIC][39m Responding to client with driver.getStatus() result: {"build":{"version":"1.15.1"}}
[35m[HTTP][39m [37m<-- GET /wd/hub/status [39m[32m200[39m [90m2 ms - 68[39m
[35m[HTTP][39m [90m[39m
[35m[HTTP][39m [37m-->[39m [37mPOST[39m [37m/wd/hub/session/efca1759-c7b0-4551-a364-272528688676/element[39m
[35m[HTTP][39m [90m{"using":"id","value":"com.vanthink.student.debug:id/btn_login"}[39m
[debug] [35m[W3C (efca1759)][39m Calling AppiumDriver.findElement() with args: ["id","com.vanthink.student.debug:id/btn_login","efca1759-c7b0-4551-a364-272528688676"]
[debug] [35m[BaseDriver][39m Valid locator strategies for this request: xpath, id, class name, accessibility id, -android uiautomator
[debug] [35m[BaseDriver][39m Waiting up to 0 ms for condition
[debug] [35m[WD Proxy][39m Matched '/element' to command name 'findElement'
[debug] [35m[WD Proxy][39m Proxying [POST /element] to [POST http://localhost:8200/wd/hub/session/8f647034-98dc-46f2-8ede-e577a554aca7/element] with body: {"strategy":"id","selector":"com.vanthink.student.debug:id/btn_login","context":"","multiple":false}
[35m[WD Proxy][39m Got an unexpected response with status 404: {"sessionId":"8f647034-98dc-46f2-8ede-e577a554aca7","value":{"error":"no such element","message":"An element could not be located on the page using the given search parameters","stacktrace":"io.appium.uiautomator2.common.exceptions.ElementNotFoundException: An element could not be located on the page using the given search parameters\n\tat io.appium.uiautomator2.handler.FindElement.safeHandle(FindElement.java:78)\n\tat io.appium.uiautomator2.handler.request.SafeRequestHandler.handle(SafeRequestHandler.java:38)\n\tat io.appium.uiautomator2.server.AppiumServlet.handleRequest(AppiumServlet.java:252)\n\tat io.appium.uiautomator2.server.AppiumServlet.handleHttpRequest(AppiumServlet.java:242)\n\tat io.appium.uiautomator2.http.ServerHandler.channelRead(ServerHandler.java:44)\n\tat io.netty.channel.AbstractChannelHandlerContext.invokeChannelRead(AbstractChannelHandlerContext.java:366)\n\tat io.netty.channel.AbstractChannelHandlerContext.invokeChannelRead(AbstractChannelHandlerContext.java:352)\n\tat io.netty.chann...
[debug] [35m[W3C][39m Matched W3C error code 'no such element' to NoSuchElementError
[debug] [35m[W3C (efca1759)][39m Encountered internal error running command: NoSuchElementError: An element could not be located on the page using the given search parameters.
[debug] [35m[W3C (efca1759)][39m     at AndroidUiautomator2Driver.findElOrEls (/Users/vanthink_test_ios/.nvm/v8.14.1/lib/node_modules/appium/node_modules/appium-android-driver/lib/commands/find.js:75:11)
[debug] [35m[W3C (efca1759)][39m     at <anonymous>
[35m[HTTP][39m [37m<-- POST /wd/hub/session/efca1759-c7b0-4551-a364-272528688676/element [39m[33m404[39m [90m217 ms - 434[39m
[35m[HTTP][39m [90m[39m
[35m[HTTP][39m [37m-->[39m [37mPOST[39m [37m/wd/hub/session/efca1759-c7b0-4551-a364-272528688676/element[39m
[35m[HTTP][39m [90m{"using":"id","value":"com.vanthink.student.debug:id/btn_login"}[39m
[debug] [35m[W3C (efca1759)][39m Calling AppiumDriver.findElement() with args: ["id","com.vanthink.student.debug:id/btn_login","efca1759-c7b0-4551-a364-272528688676"]
[debug] [35m[BaseDriver][39m Valid locator strategies for this request: xpath, id, class name, accessibility id, -android uiautomator
[debug] [35m[BaseDriver][39m Waiting up to 0 ms for condition
[debug] [35m[WD Proxy][39m Matched '/element' to command name 'findElement'
[debug] [35m[WD Proxy][39m Proxying [POST /element] to [POST http://localhost:8200/wd/hub/session/8f647034-98dc-46f2-8ede-e577a554aca7/element] with body: {"strategy":"id","selector":"com.vanthink.student.debug:id/btn_login","context":"","multiple":false}
[35m[WD Proxy][39m Got an unexpected response with status 404: {"sessionId":"8f647034-98dc-46f2-8ede-e577a554aca7","value":{"error":"no such element","message":"An element could not be located on the page using the given search parameters","stacktrace":"io.appium.uiautomator2.common.exceptions.ElementNotFoundException: An element could not be located on the page using the given search parameters\n\tat io.appium.uiautomator2.handler.FindElement.safeHandle(FindElement.java:78)\n\tat io.appium.uiautomator2.handler.request.SafeRequestHandler.handle(SafeRequestHandler.java:38)\n\tat io.appium.uiautomator2.server.AppiumServlet.handleRequest(AppiumServlet.java:252)\n\tat io.appium.uiautomator2.server.AppiumServlet.handleHttpRequest(AppiumServlet.java:242)\n\tat io.appium.uiautomator2.http.ServerHandler.channelRead(ServerHandler.java:44)\n\tat io.netty.channel.AbstractChannelHandlerContext.invokeChannelRead(AbstractChannelHandlerContext.java:366)\n\tat io.netty.channel.AbstractChannelHandlerContext.invokeChannelRead(AbstractChannelHandlerContext.java:352)\n\tat io.netty.chann...
[debug] [35m[W3C][39m Matched W3C error code 'no such element' to NoSuchElementError
[debug] [35m[W3C (efca1759)][39m Encountered internal error running command: NoSuchElementError: An element could not be located on the page using the given search parameters.
[debug] [35m[W3C (efca1759)][39m     at AndroidUiautomator2Driver.findElOrEls (/Users/vanthink_test_ios/.nvm/v8.14.1/lib/node_modules/appium/node_modules/appium-android-driver/lib/commands/find.js:75:11)
[debug] [35m[W3C (efca1759)][39m     at <anonymous>
[35m[HTTP][39m [37m<-- POST /wd/hub/session/efca1759-c7b0-4551-a364-272528688676/element [39m[33m404[39m [90m771 ms - 434[39m
[35m[HTTP][39m [90m[39m
[35m[HTTP][39m [37m-->[39m [37mPOST[39m [37m/wd/hub/session/efca1759-c7b0-4551-a364-272528688676/element[39m
[35m[HTTP][39m [90m{"using":"xpath","value":"//android.widget.TextView[contains(@text,'做试卷')]"}[39m
[debug] [35m[W3C (efca1759)][39m Calling AppiumDriver.findElement() with args: ["xpath","//android.widget.TextView[contains(@text,'做试卷')]","efca1759-c7b0-4551-a364-272528688676"]
[debug] [35m[BaseDriver][39m Valid locator strategies for this request: xpath, id, class name, accessibility id, -android uiautomator
[debug] [35m[BaseDriver][39m Waiting up to 0 ms for condition
[debug] [35m[WD Proxy][39m Matched '/element' to command name 'findElement'
[debug] [35m[WD Proxy][39m Proxying [POST /element] to [POST http://localhost:8200/wd/hub/session/8f647034-98dc-46f2-8ede-e577a554aca7/element] with body: {"strategy":"xpath","selector":"//android.widget.TextView[contains(@text,'做试卷')]","context":"","multiple":false}
[debug] [35m[WD Proxy][39m Got response with status 200: {"sessionId":"8f647034-98dc-46f2-8ede-e577a554aca7","value":{"ELEMENT":"741eb790-9024-4169-8bc8-92c649b7b3b1","element-6066-11e4-a52e-4f735466cecf":"741eb790-9024-4169-8bc8-92c649b7b3b1"}}
[debug] [35m[W3C (efca1759)][39m Responding to client with driver.findElement() result: {"element-6066-11e4-a52e-4f735466cecf":"741eb790-9024-4169-8bc8-92c649b7b3b1","ELEMENT":"741eb790-9024-4169-8bc8-92c649b7b3b1"}
[35m[HTTP][39m [37m<-- POST /wd/hub/session/efca1759-c7b0-4551-a364-272528688676/element [39m[32m200[39m [90m972 ms - 137[39m
[35m[HTTP][39m [90m[39m
[35m[HTTP][39m [37m-->[39m [37mPOST[39m [37m/wd/hub/session/efca1759-c7b0-4551-a364-272528688676/element[39m
[35m[HTTP][39m [90m{"using":"xpath","value":"//android.widget.TextView[contains(@text,'做试卷')]"}[39m
[debug] [35m[W3C (efca1759)][39m Calling AppiumDriver.findElement() with args: ["xpath","//android.widget.TextView[contains(@text,'做试卷')]","efca1759-c7b0-4551-a364-272528688676"]
[debug] [35m[BaseDriver][39m Valid locator strategies for this request: xpath, id, class name, accessibility id, -android uiautomator
[debug] [35m[BaseDriver][39m Waiting up to 0 ms for condition
[debug] [35m[WD Proxy][39m Matched '/element' to command name 'findElement'
[debug] [35m[WD Proxy][39m Proxying [POST /element] to [POST http://localhost:8200/wd/hub/session/8f647034-98dc-46f2-8ede-e577a554aca7/element] with body: {"strategy":"xpath","selector":"//android.widget.TextView[contains(@text,'做试卷')]","context":"","multiple":false}
[debug] [35m[WD Proxy][39m Got response with status 200: {"sessionId":"8f647034-98dc-46f2-8ede-e577a554aca7","value":{"ELEMENT":"e3222642-a00c-4929-a766-a3bb4b39b985","element-6066-11e4-a52e-4f735466cecf":"e3222642-a00c-4929-a766-a3bb4b39b985"}}
[debug] [35m[W3C (efca1759)][39m Responding to client with driver.findElement() result: {"element-6066-11e4-a52e-4f735466cecf":"e3222642-a00c-4929-a766-a3bb4b39b985","ELEMENT":"e3222642-a00c-4929-a766-a3bb4b39b985"}
[35m[HTTP][39m [37m<-- POST /wd/hub/session/efca1759-c7b0-4551-a364-272528688676/element [39m[32m200[39m [90m1325 ms - 137[39m
[35m[HTTP][39m [90m[39m
[35m[HTTP][39m [37m-->[39m [37mPOST[39m [37m/wd/hub/session/efca1759-c7b0-4551-a364-272528688676/element[39m
[35m[HTTP][39m [90m{"using":"id","value":"com.vanthink.student.debug:id/tab_profile"}[39m
[debug] [35m[W3C (efca1759)][39m Calling AppiumDriver.findElement() with args: ["id","com.vanthink.student.debug:id/tab_profile","efca1759-c7b0-4551-a364-272528688676"]
[debug] [35m[BaseDriver][39m Valid locator strategies for this request: xpath, id, class name, accessibility id, -android uiautomator
[debug] [35m[BaseDriver][39m Waiting up to 0 ms for condition
[debug] [35m[WD Proxy][39m Matched '/element' to command name 'findElement'
[debug] [35m[WD Proxy][39m Proxying [POST /element] to [POST http://localhost:8200/wd/hub/session/8f647034-98dc-46f2-8ede-e577a554aca7/element] with body: {"strategy":"id","selector":"com.vanthink.student.debug:id/tab_profile","context":"","multiple":false}
[35m[HTTP][39m [37m-->[39m [37mGET[39m [37m/wd/hub/status[39m
[35m[HTTP][39m [90m{}[39m
[debug] [35m[GENERIC][39m Calling AppiumDriver.getStatus() with args: []
[debug] [35m[GENERIC][39m Responding to client with driver.getStatus() result: {"build":{"version":"1.15.1"}}
[35m[HTTP][39m [37m<-- GET /wd/hub/status [39m[32m200[39m [90m1 ms - 68[39m
[35m[HTTP][39m [90m[39m
[35m[WD Proxy][39m Got an unexpected response with status 404: {"sessionId":"8f647034-98dc-46f2-8ede-e577a554aca7","value":{"error":"no such element","message":"An element could not be located on the page using the given search parameters","stacktrace":"io.appium.uiautomator2.common.exceptions.ElementNotFoundException: An element could not be located on the page using the given search parameters\n\tat io.appium.uiautomator2.handler.FindElement.safeHandle(FindElement.java:78)\n\tat io.appium.uiautomator2.handler.request.SafeRequestHandler.handle(SafeRequestHandler.java:38)\n\tat io.appium.uiautomator2.server.AppiumServlet.handleRequest(AppiumServlet.java:252)\n\tat io.appium.uiautomator2.server.AppiumServlet.handleHttpRequest(AppiumServlet.java:242)\n\tat io.appium.uiautomator2.http.ServerHandler.channelRead(ServerHandler.java:44)\n\tat io.netty.channel.AbstractChannelHandlerContext.invokeChannelRead(AbstractChannelHandlerContext.java:366)\n\tat io.netty.channel.AbstractChannelHandlerContext.invokeChannelRead(AbstractChannelHandlerContext.java:352)\n\tat io.netty.chann...
[debug] [35m[W3C][39m Matched W3C error code 'no such element' to NoSuchElementError
[debug] [35m[W3C (efca1759)][39m Encountered internal error running command: NoSuchElementError: An element could not be located on the page using the given search parameters.
[debug] [35m[W3C (efca1759)][39m     at AndroidUiautomator2Driver.findElOrEls (/Users/vanthink_test_ios/.nvm/v8.14.1/lib/node_modules/appium/node_modules/appium-android-driver/lib/commands/find.js:75:11)
[debug] [35m[W3C (efca1759)][39m     at <anonymous>
[35m[HTTP][39m [37m<-- POST /wd/hub/session/efca1759-c7b0-4551-a364-272528688676/element [39m[33m404[39m [90m325 ms - 434[39m
[35m[HTTP][39m [90m[39m
[35m[HTTP][39m [37m-->[39m [37mGET[39m [37m/wd/hub/session/efca1759-c7b0-4551-a364-272528688676/screenshot[39m
[35m[HTTP][39m [90m{}[39m
[debug] [35m[W3C (efca1759)][39m Calling AppiumDriver.getScreenshot() with args: ["efca1759-c7b0-4551-a364-272528688676"]
[debug] [35m[WD Proxy][39m Matched '/screenshot' to command name 'getScreenshot'
[debug] [35m[WD Proxy][39m Proxying [GET /screenshot] to [GET http://localhost:8200/wd/hub/session/8f647034-98dc-46f2-8ede-e577a554aca7/screenshot] with no body
[debug] [35m[WD Proxy][39m Got response with status 200: {"sessionId":"8f647034-98dc-46f2-8ede-e577a554aca7","value":"iVBORw0KGgoAAAANSUhEUgAABDgAAAjECAYAAABJ4N+ZAAAABHNCSVQICAgIfAhkiAAAIABJREFU\neJzsvXnw7clVH\/Y5fX9vmTfLm9FoNKtmtIykkRCWRAQCZCSwQCQIpyAkZTA4YBP+kCuFsUWSspNU\nAmWHOEWCHdvBpGwXuByMTRaygFXEMoGwJCVsISEhIU0GxEijdTQzb5a3\/W6f\/NFn7e7vvff31pn3\nfmfm9+69328vp7tPnz59zunThG\/8McYhHMIVAwIxg7mRHRGBicJ7lr8uD1ieUnqeUkmZrbzapWGA\nKBTNADOorMBcAZSGF2pLF8omOL5gajgzg4o8srZUMJeWprS0rRjNr+mKl8wVA3CPdgGXhiO0r6j9\nxGqljQdKac\/2VqAbCrC3Aj93DvTMOfA+ASsAlYAqbT8K4Pbj4DuOg248AuwJrsQN9zUBYBADvL8G\nnavgp84Dj58Dna0t3dHS3p9j4Ny+dzsILbf0e62tTMXV+kAeVW6v7Xn18eI6pL\/mgNDGBACoNHrh\n2mgN\/fwgoDCwV0A3HQVuPQY+uQKd2AOO74H3Wl9RIaAQsF63XKs210hoiKkNRfvS6qH1GryuoP0K\nPrsGnToPPH4W\/OR54PS5NL75U3G7ENB8Ou82lEMV4AI6sgIfAXB8BbrlGHD7UeC2o+CjAKEABPAa\noGfW4CfPAs9U4NmzwHNr4Fxt9KjF0aQeZp9rLPPBJqbix2gTblO7Y9uuEpSu7vCTSmkY6tQs0koK\nz1k+CN5vUL5HwKoARwAc2Wv85dz5xmMkJVEBHyfQ8aPAsRVwDMCJPfCRAuwVYNVos813Bq8ItCpA\nKcITIF1NbSVg728CWl1SHwtfb20hgMnZDjVcmdB4YYHwTQLRqv0u1PgacZp7FHmyjCkz+1pAm2jX\nn\/sa5rxVv0f2qPl...
[debug] [35m[W3C (efca1759)][39m Responding to client with driver.getScreenshot() result: "iVBORw0KGgoAAAANSUhEUgAABDgAAAjECAYAAABJ4N+ZAAAABHNCSVQICAgIfAhkiAAAIABJREFU\neJzsvXnw7clVH/Y5fX9vmTfLm9FoNKtmtIykkRCWRAQCZCSwQCQIpyAkZTA4YBP+kCuFsUWSspNU\nAmWHOEWCHdvBpGwXuByMTRaygFXEMoGwJCVsISEhIU0GxEijdTQzb5a3/W6f/NFn7e7vvff31pn3\nfmfm9+69328vp7tPnz59zunThG/8McYhHMIVAwIxg7mRHRGBicJ7lr8uD1ieUnqeUkmZrbzapWGA\nKBTNADOorMBcAZSGF2pLF8omOL5gajgzg4o8srZUMJeWprS0rRjNr+mKl8wVA3CPdgGXhiO0r6j9\nxGqljQdKac/2VqAbCrC3Aj93DvTMOfA+ASsAlYAqbT8K4Pbj4DuOg248AuwJrsQN9zUBYBADvL8G\nnavgp84Dj58Dna0t3dHS3p9j4Ny+dzsILbf0e62tTMXV+kAeVW6v7Xn18eI6pL/mgNDGBACoNHrh\n2mgN/fwgoDCwV0A3HQVuPQY+uQKd2AOO74H3Wl9RIaAQsF63XKs210hoiKkNRfvS6qH1GryuoP0K\nPrsGnToPPH4W/OR54PS5NL75U3G7ENB8Ou82lEMV4AI6sgIfAXB8BbrlGHD7UeC2o+CjAKEABPAa\noGfW4CfPAs9U4NmzwHNr4Fxt9KjF0aQeZp9rLPPBJqbix2gTblO7Y9uuEpSu7vCTSmkY6tQs0koK\nz1k+CN5vUL5HwKoARwAc2Wv85dz5xmMkJVEBHyfQ8aPAsRVwDMCJPfCRAuwVYNVos813Bq8ItCpA\nKcITIF1NbSVg728CWl1SHwtfb20hgMnZDjVcmdB4YYHwTQLRqv0u1PgacZp7FHmyjCkz+1pAm2jX\nn/sa5rxVv0f2qPlYfyg7JMGIi9Sb62hNLwgTVZYzr5+YGnlDGAADKOzvKOJg3YlIy3nWSztqIxRm\nBu0zsA...
[35m[HTTP][39m [37m<-- GET /wd/hub/session/efca1759-c7b0-4551-a364-272528688676/screenshot [39m[32m200[39m [90m2219 ms - 2356816[39m
[35m[HTTP][39m [90m[39m
[35m[HTTP][39m [37m-->[39m [37mDELETE[39m [37m/wd/hub/session/efca1759-c7b0-4551-a364-272528688676[39m
[35m[HTTP][39m [90m{}[39m
[debug] [35m[W3C (efca1759)][39m Calling AppiumDriver.deleteSession() with args: ["efca1759-c7b0-4551-a364-272528688676"]
[debug] [35m[BaseDriver][39m Event 'quitSessionRequested' logged at 1583732549388 (13:42:29 GMT+0800 (CST))
[35m[Appium][39m Removing session efca1759-c7b0-4551-a364-272528688676 from our master session list
[debug] [35m[UiAutomator2][39m Deleting UiAutomator2 session
[debug] [35m[UiAutomator2][39m Deleting UiAutomator2 server session
[debug] [35m[WD Proxy][39m Matched '/' to command name 'deleteSession'
[debug] [35m[WD Proxy][39m Proxying [DELETE /] to [DELETE http://localhost:8200/wd/hub/session/8f647034-98dc-46f2-8ede-e577a554aca7] with no body
[debug] [35m[WD Proxy][39m Got response with status 200: {"sessionId":"8f647034-98dc-46f2-8ede-e577a554aca7","value":null}
[debug] [35m[ADB][39m Running '/Users/vanthink_test_ios/Desktop/intsall/adt-bundle-mac-x86_64-20140624/sdk/platform-tools/adb -P 5037 -s RELBB18A31503011 shell am force-stop com.vanthink.student.debug'
[debug] [35m[Instrumentation][39m .
[debug] [35m[Logcat][39m Stopping logcat capture
[debug] [35m[ADB][39m Removing forwarded port socket connection: 8200 
[debug] [35m[ADB][39m Running '/Users/vanthink_test_ios/Desktop/intsall/adt-bundle-mac-x86_64-20140624/sdk/platform-tools/adb -P 5037 -s RELBB18A31503011 forward --remove tcp\:8200'
[35m[UiAutomator2][39m Restoring hidden api policy to the device default configuration
[debug] [35m[ADB][39m Running '/Users/vanthink_test_ios/Desktop/intsall/adt-bundle-mac-x86_64-20140624/sdk/platform-tools/adb -P 5037 -s RELBB18A31503011 shell settings delete global hidden_api_policy_pre_p_apps'
[debug] [35m[ADB][39m Running '/Users/vanthink_test_ios/Desktop/intsall/adt-bundle-mac-x86_64-20140624/sdk/platform-tools/adb -P 5037 -s RELBB18A31503011 shell settings delete global hidden_api_policy_p_apps'
[debug] [35m[ADB][39m Running '/Users/vanthink_test_ios/Desktop/intsall/adt-bundle-mac-x86_64-20140624/sdk/platform-tools/adb -P 5037 -s RELBB18A31503011 shell settings delete global hidden_api_policy'
[debug] [35m[BaseDriver][39m Event 'quitSessionFinished' logged at 1583732549816 (13:42:29 GMT+0800 (CST))
[debug] [35m[W3C (efca1759)][39m Received response: null
[debug] [35m[W3C (efca1759)][39m But deleting session, so not returning
[debug] [35m[W3C (efca1759)][39m Responding to client with driver.deleteSession() result: null
[35m[HTTP][39m [37m<-- DELETE /wd/hub/session/efca1759-c7b0-4551-a364-272528688676 [39m[32m200[39m [90m430 ms - 14[39m
[35m[HTTP][39m [90m[39m
