[35m[Appium][39m Welcome to Appium v1.15.1
[35m[Appium][39m Non-default server args:
[35m[Appium][39m   bootstrapPort: 5723
[35m[Appium][39m   nodeconfig: ./test_program/nodeconfig/HUAWEI_CX_MAX/9.0/mobile.json
[35m[Appium][39m   udid: RELBB18A31503011
[35m[Appium][39m Deprecated server args:
[35m[Appium][39m   [31m-U,--udid[39m => --default-capabilities '{"udid":"RELBB18A31503011"}'
[35m[Appium][39m Default capabilities, which will be added to each request unless overridden by desired capabilities:
[35m[Appium][39m   udid: RELBB18A31503011
[debug] [35m[Appium][39m Starting auto register thread for grid. Will try to register every 5000 ms.
[35m[Appium][39m Appium REST http interface listener started on 0.0.0.0:4723
[debug] [35m[Appium][39m Appium successfully registered with the grid on http://192.168.8.176:4444
[35m[HTTP][39m [37m-->[39m [37mPOST[39m [37m/wd/hub/session[39m
[35m[HTTP][39m [90m{"desiredCapabilities":{"app":"/Users/vanthink_test_ios/Downloads/student_env_devMasterDebug_1.4.8-5.apk","automationName":"uiautomator2","deviceName":"HUAWEI_CX_MAX","noReset":true,"platformName":"android","platformVersion":"9.0","resetKeyboard":true,"server:CONFIG_UUID":"687b7ff2-798d-4e11-bc78-1ab159c06d1f","systemPort":8202,"udid":"RELBB18A31503011"},"capabilities":{"desiredCapabilities":{"app":"/Users/vanthink_test_ios/Downloads/student_env_devMasterDebug_1.4.8-5.apk","automationName":"uiautomator2","deviceName":"HUAWEI_CX_MAX","noReset":true,"platformName":"android","platformVersion":"9.0","resetKeyboard":true,"server:CONFIG_UUID":"687b7ff2-798d-4e11-bc78-1ab159c06d1f","systemPort":8202,"udid":"RELBB18A31503011"},"firstMatch":[{"platformName":"android","server:CONFIG_UUID":"687b7ff2-798d-4e11-bc78-1ab159c06d1f"}]}}[39m
[debug] [35m[W3C][39m Calling AppiumDriver.createSession() with args: [{"app":"/Users/vanthink_test_ios/Downloads/student_env_devMasterDebug_1.4.8-5.apk","automationName":"uiautomator2","deviceName":"HUAWEI_CX_MAX","noReset":true,"platformName":"android","platformVersion":"9.0","resetKeyboard":true,"server:CONFIG_UUID":"687b7ff2-798d-4e11-bc78-1ab159c06d1f","systemPort":8202,"udid":"RELBB18A31503011"},null,{"desiredCapabilities":{"app":"/Users/vanthink_test_ios/Downloads/student_env_devMasterDebug_1.4.8-5.apk","automationName":"uiautomator2","deviceName":"HUAWEI_CX_MAX","noReset":true,"platformName":"android","platformVersion":"9.0","resetKeyboard":true,"server:CONFIG_UUID":"687b7ff2-798d-4e11-bc78-1ab159c06d1f","systemPort":8202,"udid":"RELBB18A31503011"},"firstMatch":[{"platformName":"android","server:CONFIG_UUID":"687b7ff2-798d-4e11-bc78-1ab159c06d1f"}]}]
[debug] [35m[BaseDriver][39m Event 'newSessionRequested' logged at 1583733675235 (14:01:15 GMT+0800 (CST))
[35m[BaseDriver][39m The capabilities ["udid"] are not standard capabilities and should have an extension prefix
[35m[Appium][39m Could not parse W3C capabilities: 'deviceName' can't be blank
[35m[Appium][39m Trying to fix W3C capabilities by merging them with JSONWP caps
[35m[BaseDriver][39m The capabilities ["app","automationName","deviceName","noReset","platformVersion","resetKeyboard","systemPort","udid"] are not standard capabilities and should have an extension prefix
[35m[Appium][39m Appium v1.15.1 creating new AndroidUiautomator2Driver (v1.37.2) session
[debug] [35m[BaseDriver][39m W3C capabilities and MJSONWP desired capabilities were provided
[debug] [35m[BaseDriver][39m Creating session with W3C capabilities: {
[debug] [35m[BaseDriver][39m   "alwaysMatch": {
[debug] [35m[BaseDriver][39m     "appium:app": "/Users/vanthink_test_ios/Downloads/student_env_devMasterDebug_1.4.8-5.apk",
[debug] [35m[BaseDriver][39m     "appium:automationName": "uiautomator2",
[debug] [35m[BaseDriver][39m     "appium:deviceName": "HUAWEI_CX_MAX",
[debug] [35m[BaseDriver][39m     "appium:noReset": true,
[debug] [35m[BaseDriver][39m     "appium:platformVersion": "9.0",
[debug] [35m[BaseDriver][39m     "appium:resetKeyboard": true,
[debug] [35m[BaseDriver][39m     "appium:systemPort": 8202,
[debug] [35m[BaseDriver][39m     "platformName": "android",
[debug] [35m[BaseDriver][39m     "server:CONFIG_UUID": "687b7ff2-798d-4e11-bc78-1ab159c06d1f",
[debug] [35m[BaseDriver][39m     "appium:udid": "RELBB18A31503011"
[debug] [35m[BaseDriver][39m   },
[debug] [35m[BaseDriver][39m   "firstMatch": [
[debug] [35m[BaseDriver][39m     {}
[debug] [35m[BaseDriver][39m   ]
[debug] [35m[BaseDriver][39m }
[35m[BaseDriver][39m The following capabilities were provided, but are not recognized by Appium:
[35m[BaseDriver][39m   server:CONFIG_UUID
[35m[BaseDriver][39m Session created with session id: 2db97b75-7dea-4bac-b74d-36d214d836eb
[35m[BaseDriver][39m Using local app '/Users/vanthink_test_ios/Downloads/student_env_devMasterDebug_1.4.8-5.apk'
[debug] [35m[UiAutomator2][39m Checking whether app is actually present
[35m[ADB][39m Found 4 'build-tools' folders under '/Users/vanthink_test_ios/Desktop/intsall/adt-bundle-mac-x86_64-20140624/sdk' (newest first):
[35m[ADB][39m     /Users/vanthink_test_ios/Desktop/intsall/adt-bundle-mac-x86_64-20140624/sdk/build-tools/28.0.3
[35m[ADB][39m     /Users/vanthink_test_ios/Desktop/intsall/adt-bundle-mac-x86_64-20140624/sdk/build-tools/28.0.0
[35m[ADB][39m     /Users/vanthink_test_ios/Desktop/intsall/adt-bundle-mac-x86_64-20140624/sdk/build-tools/27.0.1
[35m[ADB][39m     /Users/vanthink_test_ios/Desktop/intsall/adt-bundle-mac-x86_64-20140624/sdk/build-tools/23.0.1
[35m[ADB][39m Using 'adb' from '/Users/vanthink_test_ios/Desktop/intsall/adt-bundle-mac-x86_64-20140624/sdk/platform-tools/adb'
[35m[AndroidDriver][39m Retrieving device list
[debug] [35m[ADB][39m Trying to find a connected android device
[debug] [35m[ADB][39m Getting connected devices...
[debug] [35m[ADB][39m Connected devices: [{"udid":"RELBB18A31503011","state":"device"}]
[35m[AndroidDriver][39m Using device: RELBB18A31503011
[35m[ADB][39m Using 'adb' from '/Users/vanthink_test_ios/Desktop/intsall/adt-bundle-mac-x86_64-20140624/sdk/platform-tools/adb'
[debug] [35m[ADB][39m Setting device id to RELBB18A31503011
[debug] [35m[ADB][39m Running '/Users/vanthink_test_ios/Desktop/intsall/adt-bundle-mac-x86_64-20140624/sdk/platform-tools/adb -P 5037 -s RELBB18A31503011 shell getprop ro.build.version.sdk'
[debug] [35m[ADB][39m Current device property 'ro.build.version.sdk': 28
[debug] [35m[ADB][39m Running '/Users/vanthink_test_ios/Desktop/intsall/adt-bundle-mac-x86_64-20140624/sdk/platform-tools/adb -P 5037 -s RELBB18A31503011 shell getprop ro.build.version.release'
[debug] [35m[ADB][39m Current device property 'ro.build.version.release': 9
[debug] [35m[ADB][39m Device API level: 28
[35m[UiAutomator2][39m Relaxing hidden api policy
[debug] [35m[ADB][39m Running '/Users/vanthink_test_ios/Desktop/intsall/adt-bundle-mac-x86_64-20140624/sdk/platform-tools/adb -P 5037 -s RELBB18A31503011 shell settings put global hidden_api_policy_pre_p_apps 1'
[debug] [35m[ADB][39m Running '/Users/vanthink_test_ios/Desktop/intsall/adt-bundle-mac-x86_64-20140624/sdk/platform-tools/adb -P 5037 -s RELBB18A31503011 shell settings put global hidden_api_policy_p_apps 1'
[debug] [35m[ADB][39m Running '/Users/vanthink_test_ios/Desktop/intsall/adt-bundle-mac-x86_64-20140624/sdk/platform-tools/adb -P 5037 -s RELBB18A31503011 shell settings put global hidden_api_policy 1'
[debug] [35m[AndroidDriver][39m Parsing package and activity from app manifest
[35m[ADB][39m Using the alternative activity name detection method because of: Could not find 'apkanalyzer' in ["/Users/vanthink_test_ios/Desktop/intsall/adt-bundle-mac-x86_64-20140624/sdk/platform-tools/apkanalyzer","/Users/vanthink_test_ios/Desktop/intsall/adt-bundle-mac-x86_64-20140624/sdk/emulator/apkanalyzer","/Users/vanthink_test_ios/Desktop/intsall/adt-bundle-mac-x86_64-20140624/sdk/tools/apkanalyzer","/Users/vanthink_test_ios/Desktop/intsall/adt-bundle-mac-x86_64-20140624/sdk/tools/bin/apkanalyzer","/Users/vanthink_test_ios/Desktop/intsall/adt-bundle-mac-x86_64-20140624/sdk/build-tools/28.0.3/apkanalyzer","/Users/vanthink_test_ios/Desktop/intsall/adt-bundle-mac-x86_64-20140624/sdk/build-tools/28.0.0/apkanalyzer","/Users/vanthink_test_ios/Desktop/intsall/adt-bundle-mac-x86_64-20140624/sdk/build-tools/27.0.1/apkanalyzer","/Users/vanthink_test_ios/Desktop/intsall/adt-bundle-mac-x86_64-20140624/sdk/build-tools/23.0.1/apkanalyzer"]. Do you have Android Build Tools installed at '/Users/vanthink_test_ios/Desktop/intsall/adt-bundle-mac-x86_64-20140624/sdk'?
[35m[ADB][39m Using 'aapt' from '/Users/vanthink_test_ios/Desktop/intsall/adt-bundle-mac-x86_64-20140624/sdk/build-tools/28.0.3/aapt'
[35m[ADB][39m Extracting package and launch activity from manifest
[35m[ADB][39m Package name: 'com.vanthink.student.debug'
[35m[ADB][39m Main activity name: 'com.vanthink.vanthinkstudent.ui.splash.SplashActivity'
[debug] [35m[AndroidDriver][39m Parsed package and activity are: com.vanthink.student.debug/com.vanthink.vanthinkstudent.ui.splash.SplashActivity
[debug] [35m[ADB][39m Running '/Users/vanthink_test_ios/Desktop/intsall/adt-bundle-mac-x86_64-20140624/sdk/platform-tools/adb -P 5037 -s RELBB18A31503011 wait-for-device'
[debug] [35m[ADB][39m Running '/Users/vanthink_test_ios/Desktop/intsall/adt-bundle-mac-x86_64-20140624/sdk/platform-tools/adb -P 5037 -s RELBB18A31503011 shell echo ping'
[debug] [35m[AndroidDriver][39m Pushing settings apk to device...
[debug] [35m[ADB][39m Getting install status for io.appium.settings
[debug] [35m[ADB][39m Running '/Users/vanthink_test_ios/Desktop/intsall/adt-bundle-mac-x86_64-20140624/sdk/platform-tools/adb -P 5037 -s RELBB18A31503011 shell dumpsys package io.appium.settings'
[debug] [35m[ADB][39m 'io.appium.settings' is installed
[debug] [35m[ADB][39m Getting package info for 'io.appium.settings'
[debug] [35m[ADB][39m Running '/Users/vanthink_test_ios/Desktop/intsall/adt-bundle-mac-x86_64-20140624/sdk/platform-tools/adb -P 5037 -s RELBB18A31503011 shell dumpsys package io.appium.settings'
[35m[ADB][39m Cannot extract apk info using apkanalyzer. Falling back to aapt. Original error: Could not find 'apkanalyzer' in ["/Users/vanthink_test_ios/Desktop/intsall/adt-bundle-mac-x86_64-20140624/sdk/platform-tools/apkanalyzer","/Users/vanthink_test_ios/Desktop/intsall/adt-bundle-mac-x86_64-20140624/sdk/emulator/apkanalyzer","/Users/vanthink_test_ios/Desktop/intsall/adt-bundle-mac-x86_64-20140624/sdk/tools/apkanalyzer","/Users/vanthink_test_ios/Desktop/intsall/adt-bundle-mac-x86_64-20140624/sdk/tools/bin/apkanalyzer","/Users/vanthink_test_ios/Desktop/intsall/adt-bundle-mac-x86_64-20140624/sdk/build-tools/28.0.3/apkanalyzer","/Users/vanthink_test_ios/Desktop/intsall/adt-bundle-mac-x86_64-20140624/sdk/build-tools/28.0.0/apkanalyzer","/Users/vanthink_test_ios/Desktop/intsall/adt-bundle-mac-x86_64-20140624/sdk/build-tools/27.0.1/apkanalyzer","/Users/vanthink_test_ios/Desktop/intsall/adt-bundle-mac-x86_64-20140624/sdk/build-tools/23.0.1/apkanalyzer"]. Do you have Android Build Tools installed at '/Users/vanthink_test_ios/Desktop/intsall/adt-bundle-mac-x86_64-20140624/sdk'?
[debug] [35m[ADB][39m The version name of the installed 'io.appium.settings' is greater or equal to the application version name ('2.14.2' >= '2.14.2')
[debug] [35m[ADB][39m There is no need to install/upgrade '/Users/vanthink_test_ios/.nvm/v8.14.1/lib/node_modules/appium/node_modules/io.appium.settings/apks/settings_apk-debug.apk'
[debug] [35m[ADB][39m Getting IDs of all 'io.appium.settings' processes
[debug] [35m[ADB][39m Running '/Users/vanthink_test_ios/Desktop/intsall/adt-bundle-mac-x86_64-20140624/sdk/platform-tools/adb -P 5037 -s RELBB18A31503011 shell 'pgrep --help; echo $?''
[debug] [35m[ADB][39m Running '/Users/vanthink_test_ios/Desktop/intsall/adt-bundle-mac-x86_64-20140624/sdk/platform-tools/adb -P 5037 -s RELBB18A31503011 shell pgrep -f io\\.appium\\.settings'
[debug] [35m[AndroidDriver][39m io.appium.settings is already running. There is no need to reset its permissions.
[debug] [35m[ADB][39m Running '/Users/vanthink_test_ios/Desktop/intsall/adt-bundle-mac-x86_64-20140624/sdk/platform-tools/adb -P 5037 -s RELBB18A31503011 shell appops set io.appium.settings android\:mock_location allow'
[debug] [35m[Logcat][39m Starting logcat capture
[debug] [35m[ADB][39m Getting install status for io.appium.uiautomator2.server
[debug] [35m[ADB][39m Running '/Users/vanthink_test_ios/Desktop/intsall/adt-bundle-mac-x86_64-20140624/sdk/platform-tools/adb -P 5037 -s RELBB18A31503011 shell dumpsys package io.appium.uiautomator2.server'
[debug] [35m[ADB][39m 'io.appium.uiautomator2.server' is installed
[debug] [35m[ADB][39m Getting package info for 'io.appium.uiautomator2.server'
[debug] [35m[ADB][39m Running '/Users/vanthink_test_ios/Desktop/intsall/adt-bundle-mac-x86_64-20140624/sdk/platform-tools/adb -P 5037 -s RELBB18A31503011 shell dumpsys package io.appium.uiautomator2.server'
[35m[ADB][39m Cannot extract apk info using apkanalyzer. Falling back to aapt. Original error: Could not find 'apkanalyzer' in ["/Users/vanthink_test_ios/Desktop/intsall/adt-bundle-mac-x86_64-20140624/sdk/platform-tools/apkanalyzer","/Users/vanthink_test_ios/Desktop/intsall/adt-bundle-mac-x86_64-20140624/sdk/emulator/apkanalyzer","/Users/vanthink_test_ios/Desktop/intsall/adt-bundle-mac-x86_64-20140624/sdk/tools/apkanalyzer","/Users/vanthink_test_ios/Desktop/intsall/adt-bundle-mac-x86_64-20140624/sdk/tools/bin/apkanalyzer","/Users/vanthink_test_ios/Desktop/intsall/adt-bundle-mac-x86_64-20140624/sdk/build-tools/28.0.3/apkanalyzer","/Users/vanthink_test_ios/Desktop/intsall/adt-bundle-mac-x86_64-20140624/sdk/build-tools/28.0.0/apkanalyzer","/Users/vanthink_test_ios/Desktop/intsall/adt-bundle-mac-x86_64-20140624/sdk/build-tools/27.0.1/apkanalyzer","/Users/vanthink_test_ios/Desktop/intsall/adt-bundle-mac-x86_64-20140624/sdk/build-tools/23.0.1/apkanalyzer"]. Do you have Android Build Tools installed at '/Users/vanthink_test_ios/Desktop/intsall/adt-bundle-mac-x86_64-20140624/sdk'?
[debug] [35m[ADB][39m The version name of the installed 'io.appium.uiautomator2.server' is greater or equal to the application version name ('4.3.0' >= '4.3.0')
[debug] [35m[UiAutomator2][39m io.appium.uiautomator2.server installation state: sameVersionInstalled
[debug] [35m[ADB][39m Checking app cert for /Users/vanthink_test_ios/.nvm/v8.14.1/lib/node_modules/appium/node_modules/appium-uiautomator2-server/apks/appium-uiautomator2-server-v4.3.0.apk
[35m[ADB][39m Using 'apksigner' from '/Users/vanthink_test_ios/Desktop/intsall/adt-bundle-mac-x86_64-20140624/sdk/build-tools/28.0.3/apksigner'
[debug] [35m[ADB][39m Starting '/Users/vanthink_test_ios/Desktop/intsall/adt-bundle-mac-x86_64-20140624/sdk/build-tools/28.0.3/apksigner' with args '["verify","--print-certs","/Users/vanthink_test_ios/.nvm/v8.14.1/lib/node_modules/appium/node_modules/appium-uiautomator2-server/apks/appium-uiautomator2-server-v4.3.0.apk"]'
[debug] [35m[ADB][39m apksigner stdout: Signer #1 certificate DN: EMAILADDRESS=android@android.com, CN=Android, OU=Android, O=Android, L=Mountain View, ST=California, C=US
[debug] [35m[ADB][39m Signer #1 certificate SHA-256 digest: a40da80a59d170caa950cf15c18c454d47a39b26989d8b640ecd745ba71bf5dc
[debug] [35m[ADB][39m Signer #1 certificate SHA-1 digest: 61ed377e85d386a8dfee6b864bd85b0bfaa5af81
[debug] [35m[ADB][39m Signer #1 certificate MD5 digest: e89b158e4bcf988ebd09eb83f5378e87
[debug] [35m[ADB][39m 
[debug] [35m[ADB][39m '/Users/vanthink_test_ios/.nvm/v8.14.1/lib/node_modules/appium/node_modules/appium-uiautomator2-server/apks/appium-uiautomator2-server-v4.3.0.apk' is already signed.
[debug] [35m[ADB][39m Getting install status for io.appium.uiautomator2.server.test
[debug] [35m[ADB][39m Running '/Users/vanthink_test_ios/Desktop/intsall/adt-bundle-mac-x86_64-20140624/sdk/platform-tools/adb -P 5037 -s RELBB18A31503011 shell dumpsys package io.appium.uiautomator2.server.test'
[debug] [35m[ADB][39m 'io.appium.uiautomator2.server.test' is installed
[debug] [35m[ADB][39m Checking app cert for /Users/vanthink_test_ios/.nvm/v8.14.1/lib/node_modules/appium/node_modules/appium-uiautomator2-server/apks/appium-uiautomator2-server-debug-androidTest.apk
[debug] [35m[ADB][39m Starting '/Users/vanthink_test_ios/Desktop/intsall/adt-bundle-mac-x86_64-20140624/sdk/build-tools/28.0.3/apksigner' with args '["verify","--print-certs","/Users/vanthink_test_ios/.nvm/v8.14.1/lib/node_modules/appium/node_modules/appium-uiautomator2-server/apks/appium-uiautomator2-server-debug-androidTest.apk"]'
[debug] [35m[ADB][39m apksigner stdout: Signer #1 certificate DN: EMAILADDRESS=android@android.com, CN=Android, OU=Android, O=Android, L=Mountain View, ST=California, C=US
[debug] [35m[ADB][39m Signer #1 certificate SHA-256 digest: a40da80a59d170caa950cf15c18c454d47a39b26989d8b640ecd745ba71bf5dc
[debug] [35m[ADB][39m Signer #1 certificate SHA-1 digest: 61ed377e85d386a8dfee6b864bd85b0bfaa5af81
[debug] [35m[ADB][39m Signer #1 certificate MD5 digest: e89b158e4bcf988ebd09eb83f5378e87
[debug] [35m[ADB][39m 
[debug] [35m[ADB][39m '/Users/vanthink_test_ios/.nvm/v8.14.1/lib/node_modules/appium/node_modules/appium-uiautomator2-server/apks/appium-uiautomator2-server-debug-androidTest.apk' is already signed.
[35m[UiAutomator2][39m Server packages are not going to be (re)installed
[debug] [35m[UiAutomator2][39m Waiting up to 30000ms for services to be available
[debug] [35m[ADB][39m Running '/Users/vanthink_test_ios/Desktop/intsall/adt-bundle-mac-x86_64-20140624/sdk/platform-tools/adb -P 5037 -s RELBB18A31503011 shell pm list instrumentation'
[debug] [35m[UiAutomator2][39m Instrumentation target 'io.appium.uiautomator2.server.test/androidx.test.runner.AndroidJUnitRunner' is available
[debug] [35m[UiAutomator2][39m Forwarding UiAutomator2 Server port 6790 to 8202
[debug] [35m[ADB][39m Forwarding system: 8202 to device: 6790
[debug] [35m[ADB][39m Running '/Users/vanthink_test_ios/Desktop/intsall/adt-bundle-mac-x86_64-20140624/sdk/platform-tools/adb -P 5037 -s RELBB18A31503011 forward tcp\:8202 tcp\:6790'
[debug] [35m[ADB][39m Checking app cert for /Users/vanthink_test_ios/Downloads/student_env_devMasterDebug_1.4.8-5.apk
[debug] [35m[ADB][39m Starting '/Users/vanthink_test_ios/Desktop/intsall/adt-bundle-mac-x86_64-20140624/sdk/build-tools/28.0.3/apksigner' with args '["verify","--print-certs","/Users/vanthink_test_ios/Downloads/student_env_devMasterDebug_1.4.8-5.apk"]'
[debug] [35m[ADB][39m apksigner stdout: Signer #1 certificate DN: EMAILADDRESS=android@android.com, CN=Android, OU=Android, O=Android, L=Mountain View, ST=California, C=US
[debug] [35m[ADB][39m Signer #1 certificate SHA-256 digest: a40da80a59d170caa950cf15c18c454d47a39b26989d8b640ecd745ba71bf5dc
[debug] [35m[ADB][39m Signer #1 certificate SHA-1 digest: 61ed377e85d386a8dfee6b864bd85b0bfaa5af81
[debug] [35m[ADB][39m Signer #1 certificate MD5 digest: e89b158e4bcf988ebd09eb83f5378e87
[debug] [35m[ADB][39m 
[debug] [35m[ADB][39m '/Users/vanthink_test_ios/Downloads/student_env_devMasterDebug_1.4.8-5.apk' is already signed.
[debug] [35m[ADB][39m Getting install status for com.vanthink.student.debug
[debug] [35m[ADB][39m Running '/Users/vanthink_test_ios/Desktop/intsall/adt-bundle-mac-x86_64-20140624/sdk/platform-tools/adb -P 5037 -s RELBB18A31503011 shell dumpsys package com.vanthink.student.debug'
[debug] [35m[ADB][39m 'com.vanthink.student.debug' is installed
[debug] [35m[ADB][39m Getting package info for 'com.vanthink.student.debug'
[debug] [35m[ADB][39m Running '/Users/vanthink_test_ios/Desktop/intsall/adt-bundle-mac-x86_64-20140624/sdk/platform-tools/adb -P 5037 -s RELBB18A31503011 shell dumpsys package com.vanthink.student.debug'
[35m[ADB][39m Cannot extract apk info using apkanalyzer. Falling back to aapt. Original error: Could not find 'apkanalyzer' in ["/Users/vanthink_test_ios/Desktop/intsall/adt-bundle-mac-x86_64-20140624/sdk/platform-tools/apkanalyzer","/Users/vanthink_test_ios/Desktop/intsall/adt-bundle-mac-x86_64-20140624/sdk/emulator/apkanalyzer","/Users/vanthink_test_ios/Desktop/intsall/adt-bundle-mac-x86_64-20140624/sdk/tools/apkanalyzer","/Users/vanthink_test_ios/Desktop/intsall/adt-bundle-mac-x86_64-20140624/sdk/tools/bin/apkanalyzer","/Users/vanthink_test_ios/Desktop/intsall/adt-bundle-mac-x86_64-20140624/sdk/build-tools/28.0.3/apkanalyzer","/Users/vanthink_test_ios/Desktop/intsall/adt-bundle-mac-x86_64-20140624/sdk/build-tools/28.0.0/apkanalyzer","/Users/vanthink_test_ios/Desktop/intsall/adt-bundle-mac-x86_64-20140624/sdk/build-tools/27.0.1/apkanalyzer","/Users/vanthink_test_ios/Desktop/intsall/adt-bundle-mac-x86_64-20140624/sdk/build-tools/23.0.1/apkanalyzer"]. Do you have Android Build Tools installed at '/Users/vanthink_test_ios/Desktop/intsall/adt-bundle-mac-x86_64-20140624/sdk'?
[debug] [35m[ADB][39m The version name of the installed 'com.vanthink.student.debug' is greater or equal to the application version name ('1.4.8' >= '1.4.8')
[debug] [35m[ADB][39m There is no need to install/upgrade '/Users/vanthink_test_ios/Downloads/student_env_devMasterDebug_1.4.8-5.apk'
[debug] [35m[UiAutomator2][39m Performing shallow cleanup of automation leftovers
[debug] [35m[UiAutomator2][39m No obsolete sessions have been detected (Error: socket hang up)
[debug] [35m[ADB][39m Running '/Users/vanthink_test_ios/Desktop/intsall/adt-bundle-mac-x86_64-20140624/sdk/platform-tools/adb -P 5037 -s RELBB18A31503011 shell am force-stop io.appium.uiautomator2.server.test'
[35m[UiAutomator2][39m Starting UIAutomator2 server 4.3.0
[35m[UiAutomator2][39m Using UIAutomator2 server from '/Users/vanthink_test_ios/.nvm/v8.14.1/lib/node_modules/appium/node_modules/appium-uiautomator2-server/apks/appium-uiautomator2-server-v4.3.0.apk' and test from '/Users/vanthink_test_ios/.nvm/v8.14.1/lib/node_modules/appium/node_modules/appium-uiautomator2-server/apks/appium-uiautomator2-server-debug-androidTest.apk'
[35m[UiAutomator2][39m Waiting up to 30000ms for UiAutomator2 to be online...
[debug] [35m[ADB][39m Creating ADB subprocess with args: ["-P",5037,"-s","RELBB18A31503011","shell","am","instrument","-w","io.appium.uiautomator2.server.test/androidx.test.runner.AndroidJUnitRunner"]
[35m[HTTP][39m [37m-->[39m [37mGET[39m [37m/wd/hub/status[39m
[35m[HTTP][39m [90m{}[39m
[debug] [35m[GENERIC][39m Calling AppiumDriver.getStatus() with args: []
[debug] [35m[GENERIC][39m Responding to client with driver.getStatus() result: {"build":{"version":"1.15.1"}}
[35m[HTTP][39m [37m<-- GET /wd/hub/status [39m[32m200[39m [90m3 ms - 68[39m
[35m[HTTP][39m [90m[39m
[debug] [35m[WD Proxy][39m Matched '/status' to command name 'getStatus'
[debug] [35m[WD Proxy][39m Proxying [GET /status] to [GET http://localhost:8202/wd/hub/status] with no body
[35m[WD Proxy][39m Got an unexpected response with status undefined: {"code":"ECONNRESET"}
[debug] [35m[Instrumentation][39m io.appium.uiautomator2.server.test.AppiumUiAutomator2Server:
[debug] [35m[WD Proxy][39m Matched '/status' to command name 'getStatus'
[debug] [35m[WD Proxy][39m Proxying [GET /status] to [GET http://localhost:8202/wd/hub/status] with no body
[35m[WD Proxy][39m Got an unexpected response with status undefined: {"code":"ECONNRESET"}
[debug] [35m[WD Proxy][39m Matched '/status' to command name 'getStatus'
[debug] [35m[WD Proxy][39m Proxying [GET /status] to [GET http://localhost:8202/wd/hub/status] with no body
[debug] [35m[WD Proxy][39m Got response with status 200: {"sessionId":"None","value":{"ready":true,"message":"UiAutomator2 Server is ready to accept commands"}}
[debug] [35m[UiAutomator2][39m The initialization of the instrumentation process took 3172ms
[debug] [35m[WD Proxy][39m Matched '/session' to command name 'createSession'
[debug] [35m[WD Proxy][39m Proxying [POST /session] to [POST http://localhost:8202/wd/hub/session] with body: {"capabilities":{"firstMatch":[{"platform":"LINUX","webStorageEnabled":false,"takesScreenshot":true,"javascriptEnabled":true,"databaseEnabled":false,"networkConnectionEnabled":true,"locationContextEnabled":false,"warnings":{},"desired":{"platformName":"android","server:CONFIG_UUID":"687b7ff2-798d-4e11-bc78-1ab159c06d1f","app":"/Users/vanthink_test_ios/Downloads/student_env_devMasterDebug_1.4.8-5.apk","automationName":"uiautomator2","deviceName":"HUAWEI_CX_MAX","noReset":true,"platformVersion":"9.0","resetKeyboard":true,"systemPort":8202,"udid":"RELBB18A31503011"},"platformName":"android","server:CONFIG_UUID":"687b7ff2-798d-4e11-bc78-1ab159c06d1f","app":"/Users/vanthink_test_ios/Downloads/student_env_devMasterDebug_1.4.8-5.apk","automationName":"uiautomator2","deviceName":"RELBB18A31503011","noReset":true,"platformVersion":"9.0","resetKeyboard":true,"systemPort":8202,"udid":"RELBB18A31503011","deviceUDID":"RELBB18A31503011","appPackage":"com.vanthink.student.debug"}],"alwaysMatch":{}}}
[debug] [35m[WD Proxy][39m Got response with status 200: {"sessionId":"02fb9088-dc2c-4c62-9620-2918f9d53d53","value":{"sessionId":"02fb9088-dc2c-4c62-9620-2918f9d53d53","capabilities":{"firstMatch":[{"platform":"LINUX","webStorageEnabled":false,"takesScreenshot":true,"javascriptEnabled":true,"databaseEnabled":false,"networkConnectionEnabled":true,"locationContextEnabled":false,"warnings":{},"desired":{"platformName":"android","server:CONFIG_UUID":"687b7ff2-798d-4e11-bc78-1ab159c06d1f","app":"/Users/vanthink_test_ios/Downloads/student_env_devMasterDebug_1.4.8-5.apk","automationName":"uiautomator2","deviceName":"HUAWEI_CX_MAX","noReset":true,"platformVersion":"9.0","resetKeyboard":true,"systemPort":8202,"udid":"RELBB18A31503011"},"platformName":"android","server:CONFIG_UUID":"687b7ff2-798d-4e11-bc78-1ab159c06d1f","app":"/Users/vanthink_test_ios/Downloads/student_env_devMasterDebug_1.4.8-5.apk","automationName":"uiautomator2","deviceName":"RELBB18A31503011","noReset":true,"platformVersion":"9.0","resetKeyboard":true,"systemPort":8202,"udid":"RELBB18A31503011","devi...
[35m[WD Proxy][39m Determined the downstream protocol as 'W3C'
[debug] [35m[WD Proxy][39m Proxying [GET /appium/device/info] to [GET http://localhost:8202/wd/hub/session/02fb9088-dc2c-4c62-9620-2918f9d53d53/appium/device/info] with no body
[debug] [35m[WD Proxy][39m Got response with status 200: {"sessionId":"02fb9088-dc2c-4c62-9620-2918f9d53d53","value":{"androidId":"aff17734d7e5de1f","manufacturer":"HUAWEI","model":"ARS-AL00","brand":"HUAWEI","apiVersion":"28","platformVersion":"9","carrierName":"","realDisplaySize":"1080x2244","displayDensity":480,"networks":[{"type":1,"typeName":"WIFI","subtype":0,"subtypeName":"","isConnected":true,"detailedState":"CONNECTED","state":"CONNECTED","extraInfo":null,"isAvailable":true,"isFailover":false,"isRoaming":false,"capabilities":{"transportTypes":"NET_CAPABILITY_SUPL","networkCapabilities":"","linkUpstreamBandwidthKbps":1048576,"linkDownBandwidthKbps":1048576,"signalStrength":-51,"networkSpecifier":null,"SSID":null}}],"locale":"zh_CN_#Hans","timeZone":"Asia\/Shanghai"}}
[debug] [35m[ADB][39m Running '/Users/vanthink_test_ios/Desktop/intsall/adt-bundle-mac-x86_64-20140624/sdk/platform-tools/adb -P 5037 -s RELBB18A31503011 shell dumpsys window'
[35m[AndroidDriver][39m Screen already unlocked, doing nothing
[35m[UiAutomator2][39m Starting 'com.vanthink.student.debug/com.vanthink.vanthinkstudent.ui.splash.SplashActivity and waiting for 'com.vanthink.student.debug/com.vanthink.vanthinkstudent.ui.splash.SplashActivity'
[debug] [35m[ADB][39m Running '/Users/vanthink_test_ios/Desktop/intsall/adt-bundle-mac-x86_64-20140624/sdk/platform-tools/adb -P 5037 -s RELBB18A31503011 shell am start -W -n com.vanthink.student.debug/com.vanthink.vanthinkstudent.ui.splash.SplashActivity -S -a android.intent.action.MAIN -c android.intent.category.LAUNCHER -f 0x10200000'
[debug] [35m[ADB][39m Waiting up to 20000ms for activity matching pkg: 'com.vanthink.student.debug' and activity: 'com.vanthink.vanthinkstudent.ui.splash.SplashActivity' to be focused
[debug] [35m[ADB][39m Possible activities, to be checked: 'com.vanthink.vanthinkstudent.ui.splash.SplashActivity', 'com.vanthink.student.debug.com.vanthink.vanthinkstudent.ui.splash.SplashActivity'
[debug] [35m[ADB][39m Getting focused package and activity
[debug] [35m[ADB][39m Running '/Users/vanthink_test_ios/Desktop/intsall/adt-bundle-mac-x86_64-20140624/sdk/platform-tools/adb -P 5037 -s RELBB18A31503011 shell dumpsys window windows'
[debug] [35m[ADB][39m Found package: 'com.vanthink.student.debug' and fully qualified activity name : 'com.vanthink.vanthinkstudent.ui.splash.SplashActivity'
[debug] [35m[WD Proxy][39m Proxying [GET /appium/device/pixel_ratio] to [GET http://localhost:8202/wd/hub/session/02fb9088-dc2c-4c62-9620-2918f9d53d53/appium/device/pixel_ratio] with body: {}
[debug] [35m[WD Proxy][39m Got response with status 200: {"sessionId":"02fb9088-dc2c-4c62-9620-2918f9d53d53","value":3}
[debug] [35m[WD Proxy][39m Matched '/appium/device/system_bars' to command name 'getSystemBars'
[debug] [35m[WD Proxy][39m Proxying [GET /appium/device/system_bars] to [GET http://localhost:8202/wd/hub/session/02fb9088-dc2c-4c62-9620-2918f9d53d53/appium/device/system_bars] with body: {}
[debug] [35m[WD Proxy][39m Got response with status 200: {"sessionId":"02fb9088-dc2c-4c62-9620-2918f9d53d53","value":{"statusBar":96}}
[debug] [35m[WD Proxy][39m Matched '/window/current/size' to command name 'getWindowSize'
[debug] [35m[WD Proxy][39m Proxying [GET /window/current/size] to [GET http://localhost:8202/wd/hub/session/02fb9088-dc2c-4c62-9620-2918f9d53d53/window/current/size] with body: {}
[debug] [35m[WD Proxy][39m Got response with status 200: {"sessionId":"02fb9088-dc2c-4c62-9620-2918f9d53d53","value":{"height":2044,"width":1080}}
[35m[Appium][39m New AndroidUiautomator2Driver session created successfully, session 2db97b75-7dea-4bac-b74d-36d214d836eb added to master session list
[debug] [35m[BaseDriver][39m Event 'newSessionStarted' logged at 1583733684642 (14:01:24 GMT+0800 (CST))
[debug] [35m[W3C (2db97b75)][39m Cached the protocol value 'W3C' for the new session 2db97b75-7dea-4bac-b74d-36d214d836eb
[debug] [35m[W3C (2db97b75)][39m Responding to client with driver.createSession() result: {"capabilities":{"platform":"LINUX","webStorageEnabled":false,"takesScreenshot":true,"javascriptEnabled":true,"databaseEnabled":false,"networkConnectionEnabled":true,"locationContextEnabled":false,"warnings":{},"desired":{"platformName":"android","server:CONFIG_UUID":"687b7ff2-798d-4e11-bc78-1ab159c06d1f","app":"/Users/vanthink_test_ios/Downloads/student_env_devMasterDebug_1.4.8-5.apk","automationName":"uiautomator2","deviceName":"HUAWEI_CX_MAX","noReset":true,"platformVersion":"9.0","resetKeyboard":true,"systemPort":8202,"udid":"RELBB18A31503011"},"platformName":"android","server:CONFIG_UUID":"687b7ff2-798d-4e11-bc78-1ab159c06d1f","app":"/Users/vanthink_test_ios/Downloads/student_env_devMasterDebug_1.4.8-5.apk","automationName":"uiautomator2","deviceName":"RELBB18A31503011","noReset":true,"platformVersion":"9","resetKeyboard":true,"systemPort":8202,"udid":"RELBB18A31503011","deviceUDID":"RELBB18A31503011","appPackage":"com.vanthink.student.debug","deviceApiLevel":28,"deviceScreenSize":"1080x2244","deviceS...
[35m[HTTP][39m [37m<-- POST /wd/hub/session [39m[32m200[39m [90m9411 ms - 1252[39m
[35m[HTTP][39m [90m[39m
[35m[HTTP][39m [37m-->[39m [37mGET[39m [37m/wd/hub/status[39m
[35m[HTTP][39m [90m{}[39m
[debug] [35m[GENERIC][39m Calling AppiumDriver.getStatus() with args: []
[debug] [35m[GENERIC][39m Responding to client with driver.getStatus() result: {"build":{"version":"1.15.1"}}
[35m[HTTP][39m [37m<-- GET /wd/hub/status [39m[32m200[39m [90m1 ms - 68[39m
[35m[HTTP][39m [90m[39m
[35m[HTTP][39m [37m-->[39m [37mGET[39m [37m/wd/hub/session/2db97b75-7dea-4bac-b74d-36d214d836eb/appium/device/current_activity[39m
[35m[HTTP][39m [90m{}[39m
[debug] [35m[W3C (2db97b75)][39m Calling AppiumDriver.getCurrentActivity() with args: ["2db97b75-7dea-4bac-b74d-36d214d836eb"]
[debug] [35m[ADB][39m Getting focused package and activity
[debug] [35m[ADB][39m Running '/Users/vanthink_test_ios/Desktop/intsall/adt-bundle-mac-x86_64-20140624/sdk/platform-tools/adb -P 5037 -s RELBB18A31503011 shell dumpsys window windows'
[debug] [35m[W3C (2db97b75)][39m Responding to client with driver.getCurrentActivity() result: "com.vanthink.vanthinkstudent.ui.user.login.LoginActivity"
[35m[HTTP][39m [37m<-- GET /wd/hub/session/2db97b75-7dea-4bac-b74d-36d214d836eb/appium/device/current_activity [39m[32m200[39m [90m117 ms - 68[39m
[35m[HTTP][39m [90m[39m
[35m[HTTP][39m [37m-->[39m [37mPOST[39m [37m/wd/hub/session/2db97b75-7dea-4bac-b74d-36d214d836eb/element[39m
[35m[HTTP][39m [90m{"using":"id","value":"com.vanthink.student.debug:id/btn_login"}[39m
[debug] [35m[W3C (2db97b75)][39m Calling AppiumDriver.findElement() with args: ["id","com.vanthink.student.debug:id/btn_login","2db97b75-7dea-4bac-b74d-36d214d836eb"]
[debug] [35m[BaseDriver][39m Valid locator strategies for this request: xpath, id, class name, accessibility id, -android uiautomator
[debug] [35m[BaseDriver][39m Waiting up to 0 ms for condition
[debug] [35m[WD Proxy][39m Matched '/element' to command name 'findElement'
[debug] [35m[WD Proxy][39m Proxying [POST /element] to [POST http://localhost:8202/wd/hub/session/02fb9088-dc2c-4c62-9620-2918f9d53d53/element] with body: {"strategy":"id","selector":"com.vanthink.student.debug:id/btn_login","context":"","multiple":false}
[35m[HTTP][39m [37m-->[39m [37mGET[39m [37m/wd/hub/status[39m
[35m[HTTP][39m [90m{}[39m
[debug] [35m[GENERIC][39m Calling AppiumDriver.getStatus() with args: []
[debug] [35m[GENERIC][39m Responding to client with driver.getStatus() result: {"build":{"version":"1.15.1"}}
[35m[HTTP][39m [37m<-- GET /wd/hub/status [39m[32m200[39m [90m1 ms - 68[39m
[35m[HTTP][39m [90m[39m
[debug] [35m[WD Proxy][39m Got response with status 200: {"sessionId":"02fb9088-dc2c-4c62-9620-2918f9d53d53","value":{"ELEMENT":"91423ab7-c8ea-4b76-aaeb-73b726725ead","element-6066-11e4-a52e-4f735466cecf":"91423ab7-c8ea-4b76-aaeb-73b726725ead"}}
[debug] [35m[W3C (2db97b75)][39m Responding to client with driver.findElement() result: {"element-6066-11e4-a52e-4f735466cecf":"91423ab7-c8ea-4b76-aaeb-73b726725ead","ELEMENT":"91423ab7-c8ea-4b76-aaeb-73b726725ead"}
[35m[HTTP][39m [37m<-- POST /wd/hub/session/2db97b75-7dea-4bac-b74d-36d214d836eb/element [39m[32m200[39m [90m188 ms - 137[39m
[35m[HTTP][39m [90m[39m
[35m[HTTP][39m [37m-->[39m [37mPOST[39m [37m/wd/hub/session/2db97b75-7dea-4bac-b74d-36d214d836eb/element[39m
[35m[HTTP][39m [90m{"using":"id","value":"com.vanthink.student.debug:id/ed_user_nickname"}[39m
[debug] [35m[W3C (2db97b75)][39m Calling AppiumDriver.findElement() with args: ["id","com.vanthink.student.debug:id/ed_user_nickname","2db97b75-7dea-4bac-b74d-36d214d836eb"]
[debug] [35m[BaseDriver][39m Valid locator strategies for this request: xpath, id, class name, accessibility id, -android uiautomator
[debug] [35m[BaseDriver][39m Waiting up to 0 ms for condition
[debug] [35m[WD Proxy][39m Matched '/element' to command name 'findElement'
[debug] [35m[WD Proxy][39m Proxying [POST /element] to [POST http://localhost:8202/wd/hub/session/02fb9088-dc2c-4c62-9620-2918f9d53d53/element] with body: {"strategy":"id","selector":"com.vanthink.student.debug:id/ed_user_nickname","context":"","multiple":false}
[debug] [35m[WD Proxy][39m Got response with status 200: {"sessionId":"02fb9088-dc2c-4c62-9620-2918f9d53d53","value":{"ELEMENT":"7e089695-507d-49af-9383-bc177595df16","element-6066-11e4-a52e-4f735466cecf":"7e089695-507d-49af-9383-bc177595df16"}}
[debug] [35m[W3C (2db97b75)][39m Responding to client with driver.findElement() result: {"element-6066-11e4-a52e-4f735466cecf":"7e089695-507d-49af-9383-bc177595df16","ELEMENT":"7e089695-507d-49af-9383-bc177595df16"}
[35m[HTTP][39m [37m<-- POST /wd/hub/session/2db97b75-7dea-4bac-b74d-36d214d836eb/element [39m[32m200[39m [90m115 ms - 137[39m
[35m[HTTP][39m [90m[39m
[35m[HTTP][39m [37m-->[39m [37mPOST[39m [37m/wd/hub/session/2db97b75-7dea-4bac-b74d-36d214d836eb/element[39m
[35m[HTTP][39m [90m{"using":"id","value":"com.vanthink.student.debug:id/ed_user_pwd"}[39m
[debug] [35m[W3C (2db97b75)][39m Calling AppiumDriver.findElement() with args: ["id","com.vanthink.student.debug:id/ed_user_pwd","2db97b75-7dea-4bac-b74d-36d214d836eb"]
[debug] [35m[BaseDriver][39m Valid locator strategies for this request: xpath, id, class name, accessibility id, -android uiautomator
[debug] [35m[BaseDriver][39m Waiting up to 0 ms for condition
[debug] [35m[WD Proxy][39m Matched '/element' to command name 'findElement'
[debug] [35m[WD Proxy][39m Proxying [POST /element] to [POST http://localhost:8202/wd/hub/session/02fb9088-dc2c-4c62-9620-2918f9d53d53/element] with body: {"strategy":"id","selector":"com.vanthink.student.debug:id/ed_user_pwd","context":"","multiple":false}
[debug] [35m[WD Proxy][39m Got response with status 200: {"sessionId":"02fb9088-dc2c-4c62-9620-2918f9d53d53","value":{"ELEMENT":"0fe80722-de9b-4d0f-872d-02b7f0ececc6","element-6066-11e4-a52e-4f735466cecf":"0fe80722-de9b-4d0f-872d-02b7f0ececc6"}}
[debug] [35m[W3C (2db97b75)][39m Responding to client with driver.findElement() result: {"element-6066-11e4-a52e-4f735466cecf":"0fe80722-de9b-4d0f-872d-02b7f0ececc6","ELEMENT":"0fe80722-de9b-4d0f-872d-02b7f0ececc6"}
[35m[HTTP][39m [37m<-- POST /wd/hub/session/2db97b75-7dea-4bac-b74d-36d214d836eb/element [39m[32m200[39m [90m117 ms - 137[39m
[35m[HTTP][39m [90m[39m
[35m[HTTP][39m [37m-->[39m [37mPOST[39m [37m/wd/hub/session/2db97b75-7dea-4bac-b74d-36d214d836eb/element/7e089695-507d-49af-9383-bc177595df16/value[39m
[35m[HTTP][39m [90m{"text":"16612341007","value":["1","6","6","1","2","3","4","1","0","0","7"],"id":"7e089695-507d-49af-9383-bc177595df16"}[39m
[debug] [35m[W3C (2db97b75)][39m Calling AppiumDriver.setValue() with args: [["1","6","6","1","2","3","4","1","0","0","7"],"7e089695-507d-49af-9383-bc177595df16","2db97b75-7dea-4bac-b74d-36d214d836eb"]
[debug] [35m[WD Proxy][39m Matched '/element/7e089695-507d-49af-9383-bc177595df16/value' to command name 'setValue'
[debug] [35m[Protocol Converter][39m Added 'value' property ["1","6","6","1","2","3","4","1","0","0","7"] to 'setValue' request body
[debug] [35m[WD Proxy][39m Proxying [POST /element/7e089695-507d-49af-9383-bc177595df16/value] to [POST http://localhost:8202/wd/hub/session/02fb9088-dc2c-4c62-9620-2918f9d53d53/element/7e089695-507d-49af-9383-bc177595df16/value] with body: {"elementId":"7e089695-507d-49af-9383-bc177595df16","text":"16612341007","replace":false,"value":["1","6","6","1","2","3","4","1","0","0","7"]}
[debug] [35m[WD Proxy][39m Got response with status 200: {"sessionId":"02fb9088-dc2c-4c62-9620-2918f9d53d53","value":null}
[debug] [35m[W3C (2db97b75)][39m Responding to client with driver.setValue() result: null
[35m[HTTP][39m [37m<-- POST /wd/hub/session/2db97b75-7dea-4bac-b74d-36d214d836eb/element/7e089695-507d-49af-9383-bc177595df16/value [39m[32m200[39m [90m682 ms - 14[39m
[35m[HTTP][39m [90m[39m
[35m[HTTP][39m [37m-->[39m [37mPOST[39m [37m/wd/hub/session/2db97b75-7dea-4bac-b74d-36d214d836eb/element/0fe80722-de9b-4d0f-872d-02b7f0ececc6/value[39m
[35m[HTTP][39m [90m{"text":"123456","value":["1","2","3","4","5","6"],"id":"0fe80722-de9b-4d0f-872d-02b7f0ececc6"}[39m
[debug] [35m[W3C (2db97b75)][39m Calling AppiumDriver.setValue() with args: [["1","2","3","4","5","6"],"0fe80722-de9b-4d0f-872d-02b7f0ececc6","2db97b75-7dea-4bac-b74d-36d214d836eb"]
[debug] [35m[WD Proxy][39m Matched '/element/0fe80722-de9b-4d0f-872d-02b7f0ececc6/value' to command name 'setValue'
[debug] [35m[Protocol Converter][39m Added 'value' property ["1","2","3","4","5","6"] to 'setValue' request body
[debug] [35m[WD Proxy][39m Proxying [POST /element/0fe80722-de9b-4d0f-872d-02b7f0ececc6/value] to [POST http://localhost:8202/wd/hub/session/02fb9088-dc2c-4c62-9620-2918f9d53d53/element/0fe80722-de9b-4d0f-872d-02b7f0ececc6/value] with body: {"elementId":"0fe80722-de9b-4d0f-872d-02b7f0ececc6","text":"123456","replace":false,"value":["1","2","3","4","5","6"]}
[debug] [35m[WD Proxy][39m Got response with status 200: {"sessionId":"02fb9088-dc2c-4c62-9620-2918f9d53d53","value":null}
[debug] [35m[W3C (2db97b75)][39m Responding to client with driver.setValue() result: null
[35m[HTTP][39m [37m<-- POST /wd/hub/session/2db97b75-7dea-4bac-b74d-36d214d836eb/element/0fe80722-de9b-4d0f-872d-02b7f0ececc6/value [39m[32m200[39m [90m1130 ms - 14[39m
[35m[HTTP][39m [90m[39m
[35m[HTTP][39m [37m-->[39m [37mPOST[39m [37m/wd/hub/session/2db97b75-7dea-4bac-b74d-36d214d836eb/element[39m
[35m[HTTP][39m [90m{"using":"id","value":"com.vanthink.student.debug:id/btn_login"}[39m
[debug] [35m[W3C (2db97b75)][39m Calling AppiumDriver.findElement() with args: ["id","com.vanthink.student.debug:id/btn_login","2db97b75-7dea-4bac-b74d-36d214d836eb"]
[debug] [35m[BaseDriver][39m Valid locator strategies for this request: xpath, id, class name, accessibility id, -android uiautomator
[debug] [35m[BaseDriver][39m Waiting up to 0 ms for condition
[debug] [35m[WD Proxy][39m Matched '/element' to command name 'findElement'
[debug] [35m[WD Proxy][39m Proxying [POST /element] to [POST http://localhost:8202/wd/hub/session/02fb9088-dc2c-4c62-9620-2918f9d53d53/element] with body: {"strategy":"id","selector":"com.vanthink.student.debug:id/btn_login","context":"","multiple":false}
[debug] [35m[WD Proxy][39m Got response with status 200: {"sessionId":"02fb9088-dc2c-4c62-9620-2918f9d53d53","value":{"ELEMENT":"28a0fed2-e9f9-4f89-89db-6935dd3567e9","element-6066-11e4-a52e-4f735466cecf":"28a0fed2-e9f9-4f89-89db-6935dd3567e9"}}
[debug] [35m[W3C (2db97b75)][39m Responding to client with driver.findElement() result: {"element-6066-11e4-a52e-4f735466cecf":"28a0fed2-e9f9-4f89-89db-6935dd3567e9","ELEMENT":"28a0fed2-e9f9-4f89-89db-6935dd3567e9"}
[35m[HTTP][39m [37m<-- POST /wd/hub/session/2db97b75-7dea-4bac-b74d-36d214d836eb/element [39m[32m200[39m [90m576 ms - 137[39m
[35m[HTTP][39m [90m[39m
[35m[HTTP][39m [37m-->[39m [37mPOST[39m [37m/wd/hub/session/2db97b75-7dea-4bac-b74d-36d214d836eb/element/28a0fed2-e9f9-4f89-89db-6935dd3567e9/click[39m
[35m[HTTP][39m [90m{"id":"28a0fed2-e9f9-4f89-89db-6935dd3567e9"}[39m
[debug] [35m[W3C (2db97b75)][39m Calling AppiumDriver.click() with args: ["28a0fed2-e9f9-4f89-89db-6935dd3567e9","2db97b75-7dea-4bac-b74d-36d214d836eb"]
[debug] [35m[WD Proxy][39m Matched '/element/28a0fed2-e9f9-4f89-89db-6935dd3567e9/click' to command name 'click'
[debug] [35m[WD Proxy][39m Proxying [POST /element/28a0fed2-e9f9-4f89-89db-6935dd3567e9/click] to [POST http://localhost:8202/wd/hub/session/02fb9088-dc2c-4c62-9620-2918f9d53d53/element/28a0fed2-e9f9-4f89-89db-6935dd3567e9/click] with body: {"element":"28a0fed2-e9f9-4f89-89db-6935dd3567e9"}
[debug] [35m[WD Proxy][39m Got response with status 200: {"sessionId":"02fb9088-dc2c-4c62-9620-2918f9d53d53","value":null}
[debug] [35m[W3C (2db97b75)][39m Responding to client with driver.click() result: null
[35m[HTTP][39m [37m<-- POST /wd/hub/session/2db97b75-7dea-4bac-b74d-36d214d836eb/element/28a0fed2-e9f9-4f89-89db-6935dd3567e9/click [39m[32m200[39m [90m99 ms - 14[39m
[35m[HTTP][39m [90m[39m
[35m[HTTP][39m [37m-->[39m [37mGET[39m [37m/wd/hub/status[39m
[35m[HTTP][39m [90m{}[39m
[debug] [35m[GENERIC][39m Calling AppiumDriver.getStatus() with args: []
[debug] [35m[GENERIC][39m Responding to client with driver.getStatus() result: {"build":{"version":"1.15.1"}}
[35m[HTTP][39m [37m<-- GET /wd/hub/status [39m[32m200[39m [90m2 ms - 68[39m
[35m[HTTP][39m [90m[39m
[35m[HTTP][39m [37m-->[39m [37mGET[39m [37m/wd/hub/session/2db97b75-7dea-4bac-b74d-36d214d836eb/screenshot[39m
[35m[HTTP][39m [90m{}[39m
[debug] [35m[W3C (2db97b75)][39m Calling AppiumDriver.getScreenshot() with args: ["2db97b75-7dea-4bac-b74d-36d214d836eb"]
[debug] [35m[WD Proxy][39m Matched '/screenshot' to command name 'getScreenshot'
[debug] [35m[WD Proxy][39m Proxying [GET /screenshot] to [GET http://localhost:8202/wd/hub/session/02fb9088-dc2c-4c62-9620-2918f9d53d53/screenshot] with no body
[debug] [35m[WD Proxy][39m Got response with status 200: {"sessionId":"02fb9088-dc2c-4c62-9620-2918f9d53d53","value":"iVBORw0KGgoAAAANSUhEUgAABDgAAAjECAYAAABJ4N+ZAAAABHNCSVQICAgIfAhkiAAAIABJREFU\neJzs3Xl4XGd9N\/zvfc7si0b7akmWLXmR9y2OHWexnd0hCQlJICwJoVAoUHjYSqGlhZe+7ds2bZ+n\nT0qhBQINgUDI4oSExNkTx47jeN8t27JWa9816zn3+8cZjTSakTSSRsvI38916bLm6MyZe7SM53zP\n7\/7dYtt9OyWIiIiIiIiIiFKYMtMDICIiIiIiIiKaLAYcRERERERERJTyGHAQERERERERUcpjwEFE\nREREREREKY8BBxERERERERGlPAYcRERERERERJTyGHAQERERERERUcpjwEFEREREREREKY8BBxER\nERERERGlPAYcRERERERERJTyGHAQERERERERUcpjwEFEREREREREKY8BBxERERERERGlPAYcRERE\nRERERJTyGHAQERERERERUcpjwEFEREREREREKY8BBxERERERERGlPAYcRERERERERJTyGHAQERER\nERERUcpjwEFEREREREREKY8BBxERERERERGlPAYcRERERERERJTyGHAQERERERERUcpjwEFERERE\nREREKY8BBxERERERERGlPAYcRERERERERJTyGHAQERERERERUcpjwEFEREREREREKY8BBxERERER\nERGlPAYcRERERERERJTyTDM9gKlmMSvITLfBZBIJ7e8P6Ghp807xqIiIiIiIiIgomeZ0wLF+ZQ62\nbCiAGGedymu763H4RNvUDGoM6WkWZKbb4HaZ4XKY4XIaH5omEQhq8Ac0BIM6unoCqKnvRUeXf0bG\nCQBCSEACK\/JO4jMrfo1iTyMc0gvoEl7Nhrr2XPz87MdxsHk5IAApEwuZ5rqb8g7h\/uK3kGHqgVUJ\nQpU6hDS+l8aHHPKvBKQY...
[debug] [35m[W3C (2db97b75)][39m Responding to client with driver.getScreenshot() result: "iVBORw0KGgoAAAANSUhEUgAABDgAAAjECAYAAABJ4N+ZAAAABHNCSVQICAgIfAhkiAAAIABJREFU\neJzs3Xl4XGd9N/zvfc7si0b7akmWLXmR9y2OHWexnd0hCQlJICwJoVAoUHjYSqGlhZe+7ds2bZ+n\nT0qhBQINgUDI4oSExNkTx47jeN8t27JWa9816zn3+8cZjTSakTSSRsvI38916bLm6MyZe7SM53zP\n7/7dYtt9OyWIiIiIiIiIiFKYMtMDICIiIiIiIiKaLAYcRERERERERJTyGHAQERERERERUcpjwEFE\nREREREREKY8BBxERERERERGlPAYcRERERERERJTyGHAQERERERERUcpjwEFEREREREREKY8BBxER\nERERERGlPAYcRERERERERJTyGHAQERERERERUcpjwEFEREREREREKY8BBxERERERERGlPAYcRERE\nRERERJTyGHAQERERERERUcpjwEFEREREREREKY8BBxERERERERGlPAYcRERERERERJTyGHAQERER\nERERUcpjwEFEREREREREKY8BBxERERERERGlPAYcRERERERERJTyGHAQERERERERUcpjwEFERERE\nREREKY8BBxERERERERGlPAYcRERERERERJTyGHAQERERERERUcpjwEFEREREREREKY8BBxERERER\nERGlPAYcRERERERERJTyTDM9gKlmMSvITLfBZBIJ7e8P6Ghp807xqIiIiIiIiIgomeZ0wLF+ZQ62\nbCiAGGedymu763H4RNvUDGoM6WkWZKbb4HaZ4XKY4XIaH5omEQhq8Ac0BIM6unoCqKnvRUeXf0bG\nCQBCSEACK/JO4jMrfo1iTyMc0gvoEl7Nhrr2XPz87MdxsHk5IAApEwuZ5rqb8g7h/uK3kGHqgVUJ\nQpU6hDS+l8aHHPKvBKQYtm3wX6kDmlTg18zoCLnxWOs27OpZm7SxXrehAxXzPUk7HgCcr+3Cq3sz\nknpMIi...
[35m[HTTP][39m [37m<-- GET /wd/hub/session/2db97b75-7dea-4bac-b74d-36d214d836eb/screenshot [39m[32m200[39m [90m878 ms - 450320[39m
[35m[HTTP][39m [90m[39m
[35m[HTTP][39m [37m-->[39m [37mGET[39m [37m/wd/hub/session/2db97b75-7dea-4bac-b74d-36d214d836eb/appium/device/current_activity[39m
[35m[HTTP][39m [90m{}[39m
[debug] [35m[W3C (2db97b75)][39m Calling AppiumDriver.getCurrentActivity() with args: ["2db97b75-7dea-4bac-b74d-36d214d836eb"]
[debug] [35m[ADB][39m Getting focused package and activity
[debug] [35m[ADB][39m Running '/Users/vanthink_test_ios/Desktop/intsall/adt-bundle-mac-x86_64-20140624/sdk/platform-tools/adb -P 5037 -s RELBB18A31503011 shell dumpsys window windows'
[debug] [35m[W3C (2db97b75)][39m Responding to client with driver.getCurrentActivity() result: "com.vanthink.vanthinkstudent.ui.home.HomeActivity"
[35m[HTTP][39m [37m<-- GET /wd/hub/session/2db97b75-7dea-4bac-b74d-36d214d836eb/appium/device/current_activity [39m[32m200[39m [90m72 ms - 61[39m
[35m[HTTP][39m [90m[39m
[35m[HTTP][39m [37m-->[39m [37mPOST[39m [37m/wd/hub/session/2db97b75-7dea-4bac-b74d-36d214d836eb/element[39m
[35m[HTTP][39m [90m{"using":"id","value":"com.vanthink.student.debug:id/btn_login"}[39m
[debug] [35m[W3C (2db97b75)][39m Calling AppiumDriver.findElement() with args: ["id","com.vanthink.student.debug:id/btn_login","2db97b75-7dea-4bac-b74d-36d214d836eb"]
[debug] [35m[BaseDriver][39m Valid locator strategies for this request: xpath, id, class name, accessibility id, -android uiautomator
[debug] [35m[BaseDriver][39m Waiting up to 0 ms for condition
[debug] [35m[WD Proxy][39m Matched '/element' to command name 'findElement'
[debug] [35m[WD Proxy][39m Proxying [POST /element] to [POST http://localhost:8202/wd/hub/session/02fb9088-dc2c-4c62-9620-2918f9d53d53/element] with body: {"strategy":"id","selector":"com.vanthink.student.debug:id/btn_login","context":"","multiple":false}
[35m[WD Proxy][39m Got an unexpected response with status 404: {"sessionId":"02fb9088-dc2c-4c62-9620-2918f9d53d53","value":{"error":"no such element","message":"An element could not be located on the page using the given search parameters","stacktrace":"io.appium.uiautomator2.common.exceptions.ElementNotFoundException: An element could not be located on the page using the given search parameters\n\tat io.appium.uiautomator2.handler.FindElement.safeHandle(FindElement.java:78)\n\tat io.appium.uiautomator2.handler.request.SafeRequestHandler.handle(SafeRequestHandler.java:38)\n\tat io.appium.uiautomator2.server.AppiumServlet.handleRequest(AppiumServlet.java:252)\n\tat io.appium.uiautomator2.server.AppiumServlet.handleHttpRequest(AppiumServlet.java:242)\n\tat io.appium.uiautomator2.http.ServerHandler.channelRead(ServerHandler.java:44)\n\tat io.netty.channel.AbstractChannelHandlerContext.invokeChannelRead(AbstractChannelHandlerContext.java:366)\n\tat io.netty.channel.AbstractChannelHandlerContext.invokeChannelRead(AbstractChannelHandlerContext.java:352)\n\tat io.netty.chann...
[debug] [35m[W3C][39m Matched W3C error code 'no such element' to NoSuchElementError
[debug] [35m[W3C (2db97b75)][39m Encountered internal error running command: NoSuchElementError: An element could not be located on the page using the given search parameters.
[debug] [35m[W3C (2db97b75)][39m     at AndroidUiautomator2Driver.findElOrEls (/Users/vanthink_test_ios/.nvm/v8.14.1/lib/node_modules/appium/node_modules/appium-android-driver/lib/commands/find.js:75:11)
[debug] [35m[W3C (2db97b75)][39m     at <anonymous>
[35m[HTTP][39m [37m<-- POST /wd/hub/session/2db97b75-7dea-4bac-b74d-36d214d836eb/element [39m[33m404[39m [90m440 ms - 434[39m
[35m[HTTP][39m [90m[39m
[35m[HTTP][39m [37m-->[39m [37mPOST[39m [37m/wd/hub/session/2db97b75-7dea-4bac-b74d-36d214d836eb/element[39m
[35m[HTTP][39m [90m{"using":"id","value":"com.vanthink.student.debug:id/btn_login"}[39m
[debug] [35m[W3C (2db97b75)][39m Calling AppiumDriver.findElement() with args: ["id","com.vanthink.student.debug:id/btn_login","2db97b75-7dea-4bac-b74d-36d214d836eb"]
[debug] [35m[BaseDriver][39m Valid locator strategies for this request: xpath, id, class name, accessibility id, -android uiautomator
[debug] [35m[BaseDriver][39m Waiting up to 0 ms for condition
[debug] [35m[WD Proxy][39m Matched '/element' to command name 'findElement'
[debug] [35m[WD Proxy][39m Proxying [POST /element] to [POST http://localhost:8202/wd/hub/session/02fb9088-dc2c-4c62-9620-2918f9d53d53/element] with body: {"strategy":"id","selector":"com.vanthink.student.debug:id/btn_login","context":"","multiple":false}
[35m[WD Proxy][39m Got an unexpected response with status 404: {"sessionId":"02fb9088-dc2c-4c62-9620-2918f9d53d53","value":{"error":"no such element","message":"An element could not be located on the page using the given search parameters","stacktrace":"io.appium.uiautomator2.common.exceptions.ElementNotFoundException: An element could not be located on the page using the given search parameters\n\tat io.appium.uiautomator2.handler.FindElement.safeHandle(FindElement.java:78)\n\tat io.appium.uiautomator2.handler.request.SafeRequestHandler.handle(SafeRequestHandler.java:38)\n\tat io.appium.uiautomator2.server.AppiumServlet.handleRequest(AppiumServlet.java:252)\n\tat io.appium.uiautomator2.server.AppiumServlet.handleHttpRequest(AppiumServlet.java:242)\n\tat io.appium.uiautomator2.http.ServerHandler.channelRead(ServerHandler.java:44)\n\tat io.netty.channel.AbstractChannelHandlerContext.invokeChannelRead(AbstractChannelHandlerContext.java:366)\n\tat io.netty.channel.AbstractChannelHandlerContext.invokeChannelRead(AbstractChannelHandlerContext.java:352)\n\tat io.netty.chann...
[debug] [35m[W3C][39m Matched W3C error code 'no such element' to NoSuchElementError
[debug] [35m[W3C (2db97b75)][39m Encountered internal error running command: NoSuchElementError: An element could not be located on the page using the given search parameters.
[debug] [35m[W3C (2db97b75)][39m     at AndroidUiautomator2Driver.findElOrEls (/Users/vanthink_test_ios/.nvm/v8.14.1/lib/node_modules/appium/node_modules/appium-android-driver/lib/commands/find.js:75:11)
[debug] [35m[W3C (2db97b75)][39m     at <anonymous>
[35m[HTTP][39m [37m<-- POST /wd/hub/session/2db97b75-7dea-4bac-b74d-36d214d836eb/element [39m[33m404[39m [90m307 ms - 434[39m
[35m[HTTP][39m [90m[39m
[35m[HTTP][39m [37m-->[39m [37mPOST[39m [37m/wd/hub/session/2db97b75-7dea-4bac-b74d-36d214d836eb/element[39m
[35m[HTTP][39m [90m{"using":"id","value":"com.vanthink.student.debug:id/btn_login"}[39m
[debug] [35m[W3C (2db97b75)][39m Calling AppiumDriver.findElement() with args: ["id","com.vanthink.student.debug:id/btn_login","2db97b75-7dea-4bac-b74d-36d214d836eb"]
[debug] [35m[BaseDriver][39m Valid locator strategies for this request: xpath, id, class name, accessibility id, -android uiautomator
[debug] [35m[BaseDriver][39m Waiting up to 0 ms for condition
[debug] [35m[WD Proxy][39m Matched '/element' to command name 'findElement'
[debug] [35m[WD Proxy][39m Proxying [POST /element] to [POST http://localhost:8202/wd/hub/session/02fb9088-dc2c-4c62-9620-2918f9d53d53/element] with body: {"strategy":"id","selector":"com.vanthink.student.debug:id/btn_login","context":"","multiple":false}
[35m[WD Proxy][39m Got an unexpected response with status 404: {"sessionId":"02fb9088-dc2c-4c62-9620-2918f9d53d53","value":{"error":"no such element","message":"An element could not be located on the page using the given search parameters","stacktrace":"io.appium.uiautomator2.common.exceptions.ElementNotFoundException: An element could not be located on the page using the given search parameters\n\tat io.appium.uiautomator2.handler.FindElement.safeHandle(FindElement.java:78)\n\tat io.appium.uiautomator2.handler.request.SafeRequestHandler.handle(SafeRequestHandler.java:38)\n\tat io.appium.uiautomator2.server.AppiumServlet.handleRequest(AppiumServlet.java:252)\n\tat io.appium.uiautomator2.server.AppiumServlet.handleHttpRequest(AppiumServlet.java:242)\n\tat io.appium.uiautomator2.http.ServerHandler.channelRead(ServerHandler.java:44)\n\tat io.netty.channel.AbstractChannelHandlerContext.invokeChannelRead(AbstractChannelHandlerContext.java:366)\n\tat io.netty.channel.AbstractChannelHandlerContext.invokeChannelRead(AbstractChannelHandlerContext.java:352)\n\tat io.netty.chann...
[debug] [35m[W3C][39m Matched W3C error code 'no such element' to NoSuchElementError
[debug] [35m[W3C (2db97b75)][39m Encountered internal error running command: NoSuchElementError: An element could not be located on the page using the given search parameters.
[debug] [35m[W3C (2db97b75)][39m     at AndroidUiautomator2Driver.findElOrEls (/Users/vanthink_test_ios/.nvm/v8.14.1/lib/node_modules/appium/node_modules/appium-android-driver/lib/commands/find.js:75:11)
[debug] [35m[W3C (2db97b75)][39m     at <anonymous>
[35m[HTTP][39m [37m<-- POST /wd/hub/session/2db97b75-7dea-4bac-b74d-36d214d836eb/element [39m[33m404[39m [90m254 ms - 434[39m
[35m[HTTP][39m [90m[39m
[35m[HTTP][39m [37m-->[39m [37mGET[39m [37m/wd/hub/status[39m
[35m[HTTP][39m [90m{}[39m
[debug] [35m[GENERIC][39m Calling AppiumDriver.getStatus() with args: []
[debug] [35m[GENERIC][39m Responding to client with driver.getStatus() result: {"build":{"version":"1.15.1"}}
[35m[HTTP][39m [37m<-- GET /wd/hub/status [39m[32m200[39m [90m2 ms - 68[39m
[35m[HTTP][39m [90m[39m
[35m[HTTP][39m [37m-->[39m [37mPOST[39m [37m/wd/hub/session/2db97b75-7dea-4bac-b74d-36d214d836eb/element[39m
[35m[HTTP][39m [90m{"using":"id","value":"com.vanthink.student.debug:id/btn_login"}[39m
[debug] [35m[W3C (2db97b75)][39m Calling AppiumDriver.findElement() with args: ["id","com.vanthink.student.debug:id/btn_login","2db97b75-7dea-4bac-b74d-36d214d836eb"]
[debug] [35m[BaseDriver][39m Valid locator strategies for this request: xpath, id, class name, accessibility id, -android uiautomator
[debug] [35m[BaseDriver][39m Waiting up to 0 ms for condition
[debug] [35m[WD Proxy][39m Matched '/element' to command name 'findElement'
[debug] [35m[WD Proxy][39m Proxying [POST /element] to [POST http://localhost:8202/wd/hub/session/02fb9088-dc2c-4c62-9620-2918f9d53d53/element] with body: {"strategy":"id","selector":"com.vanthink.student.debug:id/btn_login","context":"","multiple":false}
[35m[WD Proxy][39m Got an unexpected response with status 404: {"sessionId":"02fb9088-dc2c-4c62-9620-2918f9d53d53","value":{"error":"no such element","message":"An element could not be located on the page using the given search parameters","stacktrace":"io.appium.uiautomator2.common.exceptions.ElementNotFoundException: An element could not be located on the page using the given search parameters\n\tat io.appium.uiautomator2.handler.FindElement.safeHandle(FindElement.java:78)\n\tat io.appium.uiautomator2.handler.request.SafeRequestHandler.handle(SafeRequestHandler.java:38)\n\tat io.appium.uiautomator2.server.AppiumServlet.handleRequest(AppiumServlet.java:252)\n\tat io.appium.uiautomator2.server.AppiumServlet.handleHttpRequest(AppiumServlet.java:242)\n\tat io.appium.uiautomator2.http.ServerHandler.channelRead(ServerHandler.java:44)\n\tat io.netty.channel.AbstractChannelHandlerContext.invokeChannelRead(AbstractChannelHandlerContext.java:366)\n\tat io.netty.channel.AbstractChannelHandlerContext.invokeChannelRead(AbstractChannelHandlerContext.java:352)\n\tat io.netty.chann...
[debug] [35m[W3C][39m Matched W3C error code 'no such element' to NoSuchElementError
[debug] [35m[W3C (2db97b75)][39m Encountered internal error running command: NoSuchElementError: An element could not be located on the page using the given search parameters.
[debug] [35m[W3C (2db97b75)][39m     at AndroidUiautomator2Driver.findElOrEls (/Users/vanthink_test_ios/.nvm/v8.14.1/lib/node_modules/appium/node_modules/appium-android-driver/lib/commands/find.js:75:11)
[debug] [35m[W3C (2db97b75)][39m     at <anonymous>
[35m[HTTP][39m [37m<-- POST /wd/hub/session/2db97b75-7dea-4bac-b74d-36d214d836eb/element [39m[33m404[39m [90m216 ms - 434[39m
[35m[HTTP][39m [90m[39m
[35m[HTTP][39m [37m-->[39m [37mPOST[39m [37m/wd/hub/session/2db97b75-7dea-4bac-b74d-36d214d836eb/element[39m
[35m[HTTP][39m [90m{"using":"id","value":"com.vanthink.student.debug:id/btn_login"}[39m
[debug] [35m[W3C (2db97b75)][39m Calling AppiumDriver.findElement() with args: ["id","com.vanthink.student.debug:id/btn_login","2db97b75-7dea-4bac-b74d-36d214d836eb"]
[debug] [35m[BaseDriver][39m Valid locator strategies for this request: xpath, id, class name, accessibility id, -android uiautomator
[debug] [35m[BaseDriver][39m Waiting up to 0 ms for condition
[debug] [35m[WD Proxy][39m Matched '/element' to command name 'findElement'
[debug] [35m[WD Proxy][39m Proxying [POST /element] to [POST http://localhost:8202/wd/hub/session/02fb9088-dc2c-4c62-9620-2918f9d53d53/element] with body: {"strategy":"id","selector":"com.vanthink.student.debug:id/btn_login","context":"","multiple":false}
[35m[WD Proxy][39m Got an unexpected response with status 404: {"sessionId":"02fb9088-dc2c-4c62-9620-2918f9d53d53","value":{"error":"no such element","message":"An element could not be located on the page using the given search parameters","stacktrace":"io.appium.uiautomator2.common.exceptions.ElementNotFoundException: An element could not be located on the page using the given search parameters\n\tat io.appium.uiautomator2.handler.FindElement.safeHandle(FindElement.java:78)\n\tat io.appium.uiautomator2.handler.request.SafeRequestHandler.handle(SafeRequestHandler.java:38)\n\tat io.appium.uiautomator2.server.AppiumServlet.handleRequest(AppiumServlet.java:252)\n\tat io.appium.uiautomator2.server.AppiumServlet.handleHttpRequest(AppiumServlet.java:242)\n\tat io.appium.uiautomator2.http.ServerHandler.channelRead(ServerHandler.java:44)\n\tat io.netty.channel.AbstractChannelHandlerContext.invokeChannelRead(AbstractChannelHandlerContext.java:366)\n\tat io.netty.channel.AbstractChannelHandlerContext.invokeChannelRead(AbstractChannelHandlerContext.java:352)\n\tat io.netty.chann...
[debug] [35m[W3C][39m Matched W3C error code 'no such element' to NoSuchElementError
[debug] [35m[W3C (2db97b75)][39m Encountered internal error running command: NoSuchElementError: An element could not be located on the page using the given search parameters.
[debug] [35m[W3C (2db97b75)][39m     at AndroidUiautomator2Driver.findElOrEls (/Users/vanthink_test_ios/.nvm/v8.14.1/lib/node_modules/appium/node_modules/appium-android-driver/lib/commands/find.js:75:11)
[debug] [35m[W3C (2db97b75)][39m     at <anonymous>
[35m[HTTP][39m [37m<-- POST /wd/hub/session/2db97b75-7dea-4bac-b74d-36d214d836eb/element [39m[33m404[39m [90m223 ms - 434[39m
[35m[HTTP][39m [90m[39m
[35m[HTTP][39m [37m-->[39m [37mPOST[39m [37m/wd/hub/session/2db97b75-7dea-4bac-b74d-36d214d836eb/element[39m
[35m[HTTP][39m [90m{"using":"id","value":"com.vanthink.student.debug:id/btn_login"}[39m
[debug] [35m[W3C (2db97b75)][39m Calling AppiumDriver.findElement() with args: ["id","com.vanthink.student.debug:id/btn_login","2db97b75-7dea-4bac-b74d-36d214d836eb"]
[debug] [35m[BaseDriver][39m Valid locator strategies for this request: xpath, id, class name, accessibility id, -android uiautomator
[debug] [35m[BaseDriver][39m Waiting up to 0 ms for condition
[debug] [35m[WD Proxy][39m Matched '/element' to command name 'findElement'
[debug] [35m[WD Proxy][39m Proxying [POST /element] to [POST http://localhost:8202/wd/hub/session/02fb9088-dc2c-4c62-9620-2918f9d53d53/element] with body: {"strategy":"id","selector":"com.vanthink.student.debug:id/btn_login","context":"","multiple":false}
[35m[WD Proxy][39m Got an unexpected response with status 404: {"sessionId":"02fb9088-dc2c-4c62-9620-2918f9d53d53","value":{"error":"no such element","message":"An element could not be located on the page using the given search parameters","stacktrace":"io.appium.uiautomator2.common.exceptions.ElementNotFoundException: An element could not be located on the page using the given search parameters\n\tat io.appium.uiautomator2.handler.FindElement.safeHandle(FindElement.java:78)\n\tat io.appium.uiautomator2.handler.request.SafeRequestHandler.handle(SafeRequestHandler.java:38)\n\tat io.appium.uiautomator2.server.AppiumServlet.handleRequest(AppiumServlet.java:252)\n\tat io.appium.uiautomator2.server.AppiumServlet.handleHttpRequest(AppiumServlet.java:242)\n\tat io.appium.uiautomator2.http.ServerHandler.channelRead(ServerHandler.java:44)\n\tat io.netty.channel.AbstractChannelHandlerContext.invokeChannelRead(AbstractChannelHandlerContext.java:366)\n\tat io.netty.channel.AbstractChannelHandlerContext.invokeChannelRead(AbstractChannelHandlerContext.java:352)\n\tat io.netty.chann...
[debug] [35m[W3C][39m Matched W3C error code 'no such element' to NoSuchElementError
[debug] [35m[W3C (2db97b75)][39m Encountered internal error running command: NoSuchElementError: An element could not be located on the page using the given search parameters.
[debug] [35m[W3C (2db97b75)][39m     at AndroidUiautomator2Driver.findElOrEls (/Users/vanthink_test_ios/.nvm/v8.14.1/lib/node_modules/appium/node_modules/appium-android-driver/lib/commands/find.js:75:11)
[debug] [35m[W3C (2db97b75)][39m     at <anonymous>
[35m[HTTP][39m [37m<-- POST /wd/hub/session/2db97b75-7dea-4bac-b74d-36d214d836eb/element [39m[33m404[39m [90m688 ms - 434[39m
[35m[HTTP][39m [90m[39m
[35m[HTTP][39m [37m-->[39m [37mPOST[39m [37m/wd/hub/session/2db97b75-7dea-4bac-b74d-36d214d836eb/element[39m
[35m[HTTP][39m [90m{"using":"xpath","value":"//android.widget.TextView[contains(@text,'做试卷')]"}[39m
[debug] [35m[W3C (2db97b75)][39m Calling AppiumDriver.findElement() with args: ["xpath","//android.widget.TextView[contains(@text,'做试卷')]","2db97b75-7dea-4bac-b74d-36d214d836eb"]
[debug] [35m[BaseDriver][39m Valid locator strategies for this request: xpath, id, class name, accessibility id, -android uiautomator
[debug] [35m[BaseDriver][39m Waiting up to 0 ms for condition
[debug] [35m[WD Proxy][39m Matched '/element' to command name 'findElement'
[debug] [35m[WD Proxy][39m Proxying [POST /element] to [POST http://localhost:8202/wd/hub/session/02fb9088-dc2c-4c62-9620-2918f9d53d53/element] with body: {"strategy":"xpath","selector":"//android.widget.TextView[contains(@text,'做试卷')]","context":"","multiple":false}
[debug] [35m[WD Proxy][39m Got response with status 200: {"sessionId":"02fb9088-dc2c-4c62-9620-2918f9d53d53","value":{"ELEMENT":"b83cacb3-1061-4061-add5-5e4f849208ec","element-6066-11e4-a52e-4f735466cecf":"b83cacb3-1061-4061-add5-5e4f849208ec"}}
[debug] [35m[W3C (2db97b75)][39m Responding to client with driver.findElement() result: {"element-6066-11e4-a52e-4f735466cecf":"b83cacb3-1061-4061-add5-5e4f849208ec","ELEMENT":"b83cacb3-1061-4061-add5-5e4f849208ec"}
[35m[HTTP][39m [37m<-- POST /wd/hub/session/2db97b75-7dea-4bac-b74d-36d214d836eb/element [39m[32m200[39m [90m1020 ms - 137[39m
[35m[HTTP][39m [90m[39m
[35m[HTTP][39m [37m-->[39m [37mPOST[39m [37m/wd/hub/session/2db97b75-7dea-4bac-b74d-36d214d836eb/element[39m
[35m[HTTP][39m [90m{"using":"xpath","value":"//android.widget.TextView[contains(@text,'做试卷')]"}[39m
[debug] [35m[W3C (2db97b75)][39m Calling AppiumDriver.findElement() with args: ["xpath","//android.widget.TextView[contains(@text,'做试卷')]","2db97b75-7dea-4bac-b74d-36d214d836eb"]
[debug] [35m[BaseDriver][39m Valid locator strategies for this request: xpath, id, class name, accessibility id, -android uiautomator
[debug] [35m[BaseDriver][39m Waiting up to 0 ms for condition
[debug] [35m[WD Proxy][39m Matched '/element' to command name 'findElement'
[debug] [35m[WD Proxy][39m Proxying [POST /element] to [POST http://localhost:8202/wd/hub/session/02fb9088-dc2c-4c62-9620-2918f9d53d53/element] with body: {"strategy":"xpath","selector":"//android.widget.TextView[contains(@text,'做试卷')]","context":"","multiple":false}
[35m[HTTP][39m [37m-->[39m [37mGET[39m [37m/wd/hub/status[39m
[35m[HTTP][39m [90m{}[39m
[debug] [35m[GENERIC][39m Calling AppiumDriver.getStatus() with args: []
[debug] [35m[GENERIC][39m Responding to client with driver.getStatus() result: {"build":{"version":"1.15.1"}}
[35m[HTTP][39m [37m<-- GET /wd/hub/status [39m[32m200[39m [90m2 ms - 68[39m
[35m[HTTP][39m [90m[39m
[debug] [35m[WD Proxy][39m Got response with status 200: {"sessionId":"02fb9088-dc2c-4c62-9620-2918f9d53d53","value":{"ELEMENT":"33385690-893c-4279-9818-dc2e93c95e67","element-6066-11e4-a52e-4f735466cecf":"33385690-893c-4279-9818-dc2e93c95e67"}}
[debug] [35m[W3C (2db97b75)][39m Responding to client with driver.findElement() result: {"element-6066-11e4-a52e-4f735466cecf":"33385690-893c-4279-9818-dc2e93c95e67","ELEMENT":"33385690-893c-4279-9818-dc2e93c95e67"}
[35m[HTTP][39m [37m<-- POST /wd/hub/session/2db97b75-7dea-4bac-b74d-36d214d836eb/element [39m[32m200[39m [90m1216 ms - 137[39m
[35m[HTTP][39m [90m[39m
[35m[HTTP][39m [37m-->[39m [37mPOST[39m [37m/wd/hub/session/2db97b75-7dea-4bac-b74d-36d214d836eb/element[39m
[35m[HTTP][39m [90m{"using":"id","value":"com.vanthink.student.debug:id/tab_profile"}[39m
[debug] [35m[W3C (2db97b75)][39m Calling AppiumDriver.findElement() with args: ["id","com.vanthink.student.debug:id/tab_profile","2db97b75-7dea-4bac-b74d-36d214d836eb"]
[debug] [35m[BaseDriver][39m Valid locator strategies for this request: xpath, id, class name, accessibility id, -android uiautomator
[debug] [35m[BaseDriver][39m Waiting up to 0 ms for condition
[debug] [35m[WD Proxy][39m Matched '/element' to command name 'findElement'
[debug] [35m[WD Proxy][39m Proxying [POST /element] to [POST http://localhost:8202/wd/hub/session/02fb9088-dc2c-4c62-9620-2918f9d53d53/element] with body: {"strategy":"id","selector":"com.vanthink.student.debug:id/tab_profile","context":"","multiple":false}
[debug] [35m[WD Proxy][39m Got response with status 200: {"sessionId":"02fb9088-dc2c-4c62-9620-2918f9d53d53","value":{"ELEMENT":"0a68869a-bc01-4272-a496-09ab9336761f","element-6066-11e4-a52e-4f735466cecf":"0a68869a-bc01-4272-a496-09ab9336761f"}}
[debug] [35m[W3C (2db97b75)][39m Responding to client with driver.findElement() result: {"element-6066-11e4-a52e-4f735466cecf":"0a68869a-bc01-4272-a496-09ab9336761f","ELEMENT":"0a68869a-bc01-4272-a496-09ab9336761f"}
[35m[HTTP][39m [37m<-- POST /wd/hub/session/2db97b75-7dea-4bac-b74d-36d214d836eb/element [39m[32m200[39m [90m165 ms - 137[39m
[35m[HTTP][39m [90m[39m
[35m[HTTP][39m [37m-->[39m [37mPOST[39m [37m/wd/hub/session/2db97b75-7dea-4bac-b74d-36d214d836eb/element/0a68869a-bc01-4272-a496-09ab9336761f/click[39m
[35m[HTTP][39m [90m{"id":"0a68869a-bc01-4272-a496-09ab9336761f"}[39m
[debug] [35m[W3C (2db97b75)][39m Calling AppiumDriver.click() with args: ["0a68869a-bc01-4272-a496-09ab9336761f","2db97b75-7dea-4bac-b74d-36d214d836eb"]
[debug] [35m[WD Proxy][39m Matched '/element/0a68869a-bc01-4272-a496-09ab9336761f/click' to command name 'click'
[debug] [35m[WD Proxy][39m Proxying [POST /element/0a68869a-bc01-4272-a496-09ab9336761f/click] to [POST http://localhost:8202/wd/hub/session/02fb9088-dc2c-4c62-9620-2918f9d53d53/element/0a68869a-bc01-4272-a496-09ab9336761f/click] with body: {"element":"0a68869a-bc01-4272-a496-09ab9336761f"}
[debug] [35m[WD Proxy][39m Got response with status 200: {"sessionId":"02fb9088-dc2c-4c62-9620-2918f9d53d53","value":null}
[debug] [35m[W3C (2db97b75)][39m Responding to client with driver.click() result: null
[35m[HTTP][39m [37m<-- POST /wd/hub/session/2db97b75-7dea-4bac-b74d-36d214d836eb/element/0a68869a-bc01-4272-a496-09ab9336761f/click [39m[32m200[39m [90m87 ms - 14[39m
[35m[HTTP][39m [90m[39m
[35m[HTTP][39m [37m-->[39m [37mPOST[39m [37m/wd/hub/session/2db97b75-7dea-4bac-b74d-36d214d836eb/element[39m
[35m[HTTP][39m [90m{"using":"xpath","value":"//android.widget.TextView[contains(@text,'设置')]"}[39m
[debug] [35m[W3C (2db97b75)][39m Calling AppiumDriver.findElement() with args: ["xpath","//android.widget.TextView[contains(@text,'设置')]","2db97b75-7dea-4bac-b74d-36d214d836eb"]
[debug] [35m[BaseDriver][39m Valid locator strategies for this request: xpath, id, class name, accessibility id, -android uiautomator
[debug] [35m[BaseDriver][39m Waiting up to 0 ms for condition
[debug] [35m[WD Proxy][39m Matched '/element' to command name 'findElement'
[debug] [35m[WD Proxy][39m Proxying [POST /element] to [POST http://localhost:8202/wd/hub/session/02fb9088-dc2c-4c62-9620-2918f9d53d53/element] with body: {"strategy":"xpath","selector":"//android.widget.TextView[contains(@text,'设置')]","context":"","multiple":false}
[debug] [35m[WD Proxy][39m Got response with status 200: {"sessionId":"02fb9088-dc2c-4c62-9620-2918f9d53d53","value":{"ELEMENT":"1a51c4cf-3dea-4976-8ad9-04e1cfaf6795","element-6066-11e4-a52e-4f735466cecf":"1a51c4cf-3dea-4976-8ad9-04e1cfaf6795"}}
[debug] [35m[W3C (2db97b75)][39m Responding to client with driver.findElement() result: {"element-6066-11e4-a52e-4f735466cecf":"1a51c4cf-3dea-4976-8ad9-04e1cfaf6795","ELEMENT":"1a51c4cf-3dea-4976-8ad9-04e1cfaf6795"}
[35m[HTTP][39m [37m<-- POST /wd/hub/session/2db97b75-7dea-4bac-b74d-36d214d836eb/element [39m[32m200[39m [90m855 ms - 137[39m
[35m[HTTP][39m [90m[39m
[35m[HTTP][39m [37m-->[39m [37mGET[39m [37m/wd/hub/session/2db97b75-7dea-4bac-b74d-36d214d836eb/window/rect[39m
[35m[HTTP][39m [90m{}[39m
[debug] [35m[W3C (2db97b75)][39m Calling AppiumDriver.getWindowRect() with args: ["2db97b75-7dea-4bac-b74d-36d214d836eb"]
[debug] [35m[WD Proxy][39m Matched '/window/current/size' to command name 'getWindowSize'
[debug] [35m[WD Proxy][39m Proxying [GET /window/current/size] to [GET http://localhost:8202/wd/hub/session/02fb9088-dc2c-4c62-9620-2918f9d53d53/window/current/size] with body: {}
[debug] [35m[WD Proxy][39m Got response with status 200: {"sessionId":"02fb9088-dc2c-4c62-9620-2918f9d53d53","value":{"height":2044,"width":1080}}
[debug] [35m[W3C (2db97b75)][39m Responding to client with driver.getWindowRect() result: {"width":1080,"height":2044,"x":0,"y":0}
[35m[HTTP][39m [37m<-- GET /wd/hub/session/2db97b75-7dea-4bac-b74d-36d214d836eb/window/rect [39m[32m200[39m [90m39 ms - 50[39m
[35m[HTTP][39m [90m[39m
[35m[HTTP][39m [37m-->[39m [37mGET[39m [37m/wd/hub/session/2db97b75-7dea-4bac-b74d-36d214d836eb/window/rect[39m
[35m[HTTP][39m [90m{}[39m
[debug] [35m[W3C (2db97b75)][39m Calling AppiumDriver.getWindowRect() with args: ["2db97b75-7dea-4bac-b74d-36d214d836eb"]
[debug] [35m[WD Proxy][39m Matched '/window/current/size' to command name 'getWindowSize'
[debug] [35m[WD Proxy][39m Proxying [GET /window/current/size] to [GET http://localhost:8202/wd/hub/session/02fb9088-dc2c-4c62-9620-2918f9d53d53/window/current/size] with body: {}
[debug] [35m[WD Proxy][39m Got response with status 200: {"sessionId":"02fb9088-dc2c-4c62-9620-2918f9d53d53","value":{"height":2044,"width":1080}}
[debug] [35m[W3C (2db97b75)][39m Responding to client with driver.getWindowRect() result: {"width":1080,"height":2044,"x":0,"y":0}
[35m[HTTP][39m [37m<-- GET /wd/hub/session/2db97b75-7dea-4bac-b74d-36d214d836eb/window/rect [39m[32m200[39m [90m39 ms - 50[39m
[35m[HTTP][39m [90m[39m
[35m[HTTP][39m [37m-->[39m [37mGET[39m [37m/wd/hub/session/2db97b75-7dea-4bac-b74d-36d214d836eb/window/rect[39m
[35m[HTTP][39m [90m{}[39m
[debug] [35m[W3C (2db97b75)][39m Calling AppiumDriver.getWindowRect() with args: ["2db97b75-7dea-4bac-b74d-36d214d836eb"]
[debug] [35m[WD Proxy][39m Matched '/window/current/size' to command name 'getWindowSize'
[debug] [35m[WD Proxy][39m Proxying [GET /window/current/size] to [GET http://localhost:8202/wd/hub/session/02fb9088-dc2c-4c62-9620-2918f9d53d53/window/current/size] with body: {}
[debug] [35m[WD Proxy][39m Got response with status 200: {"sessionId":"02fb9088-dc2c-4c62-9620-2918f9d53d53","value":{"height":2044,"width":1080}}
[debug] [35m[W3C (2db97b75)][39m Responding to client with driver.getWindowRect() result: {"width":1080,"height":2044,"x":0,"y":0}
[35m[HTTP][39m [37m<-- GET /wd/hub/session/2db97b75-7dea-4bac-b74d-36d214d836eb/window/rect [39m[32m200[39m [90m47 ms - 50[39m
[35m[HTTP][39m [90m[39m
[35m[HTTP][39m [37m-->[39m [37mPOST[39m [37m/wd/hub/session/2db97b75-7dea-4bac-b74d-36d214d836eb/touch/perform[39m
[35m[HTTP][39m [90m{"actions":[{"action":"press","options":{"x":540,"y":408}},{"action":"wait","options":{"ms":1000}},{"action":"moveTo","options":{"x":540,"y":1635}},{"action":"release","options":{}}]}[39m
[debug] [35m[W3C (2db97b75)][39m Calling AppiumDriver.performTouch() with args: [[{"action":"press","options":{"x":540,"y":408}},{"action":"wait","options":{"ms":1000}},{"action":"moveTo","options":{"x":540,"y":1635}},{"action":"release","options":{}}],"2db97b75-7dea-4bac-b74d-36d214d836eb"]
[debug] [35m[WD Proxy][39m Matched '/touch/perform' to command name 'performTouch'
[debug] [35m[WD Proxy][39m Proxying [POST /touch/perform] to [POST http://localhost:8202/wd/hub/session/02fb9088-dc2c-4c62-9620-2918f9d53d53/touch/perform] with body: {"startX":540,"startY":408,"endX":540,"endY":1635,"steps":28}
[debug] [35m[WD Proxy][39m Got response with status 200: {"sessionId":"02fb9088-dc2c-4c62-9620-2918f9d53d53","value":null}
[debug] [35m[W3C (2db97b75)][39m Responding to client with driver.performTouch() result: null
[35m[HTTP][39m [37m<-- POST /wd/hub/session/2db97b75-7dea-4bac-b74d-36d214d836eb/touch/perform [39m[32m200[39m [90m1604 ms - 14[39m
[35m[HTTP][39m [90m[39m
[35m[HTTP][39m [37m-->[39m [37mPOST[39m [37m/wd/hub/session/2db97b75-7dea-4bac-b74d-36d214d836eb/element[39m
[35m[HTTP][39m [90m{"using":"id","value":"com.vanthink.student.debug:id/name"}[39m
[debug] [35m[W3C (2db97b75)][39m Calling AppiumDriver.findElement() with args: ["id","com.vanthink.student.debug:id/name","2db97b75-7dea-4bac-b74d-36d214d836eb"]
[debug] [35m[BaseDriver][39m Valid locator strategies for this request: xpath, id, class name, accessibility id, -android uiautomator
[debug] [35m[BaseDriver][39m Waiting up to 0 ms for condition
[debug] [35m[WD Proxy][39m Matched '/element' to command name 'findElement'
[debug] [35m[WD Proxy][39m Proxying [POST /element] to [POST http://localhost:8202/wd/hub/session/02fb9088-dc2c-4c62-9620-2918f9d53d53/element] with body: {"strategy":"id","selector":"com.vanthink.student.debug:id/name","context":"","multiple":false}
[debug] [35m[WD Proxy][39m Got response with status 200: {"sessionId":"02fb9088-dc2c-4c62-9620-2918f9d53d53","value":{"ELEMENT":"36c24e4d-399a-4aaf-ab03-274474eb17cc","element-6066-11e4-a52e-4f735466cecf":"36c24e4d-399a-4aaf-ab03-274474eb17cc"}}
[debug] [35m[W3C (2db97b75)][39m Responding to client with driver.findElement() result: {"element-6066-11e4-a52e-4f735466cecf":"36c24e4d-399a-4aaf-ab03-274474eb17cc","ELEMENT":"36c24e4d-399a-4aaf-ab03-274474eb17cc"}
[35m[HTTP][39m [37m<-- POST /wd/hub/session/2db97b75-7dea-4bac-b74d-36d214d836eb/element [39m[32m200[39m [90m102 ms - 137[39m
[35m[HTTP][39m [90m[39m
[35m[HTTP][39m [37m-->[39m [37mGET[39m [37m/wd/hub/session/2db97b75-7dea-4bac-b74d-36d214d836eb/element/36c24e4d-399a-4aaf-ab03-274474eb17cc/text[39m
[35m[HTTP][39m [90m{}[39m
[35m[W3C (2db97b75)][39m Driver proxy active, passing request on via HTTP proxy
[debug] [35m[WD Proxy][39m Matched '/wd/hub/session/2db97b75-7dea-4bac-b74d-36d214d836eb/element/36c24e4d-399a-4aaf-ab03-274474eb17cc/text' to command name 'getText'
[debug] [35m[WD Proxy][39m Proxying [GET /wd/hub/session/2db97b75-7dea-4bac-b74d-36d214d836eb/element/36c24e4d-399a-4aaf-ab03-274474eb17cc/text] to [GET http://localhost:8202/wd/hub/session/02fb9088-dc2c-4c62-9620-2918f9d53d53/element/36c24e4d-399a-4aaf-ab03-274474eb17cc/text] with body: {}
[debug] [35m[WD Proxy][39m Got response with status 200: {"sessionId":"02fb9088-dc2c-4c62-9620-2918f9d53d53","value":"test07"}
[35m[WD Proxy][39m Replacing sessionId 02fb9088-dc2c-4c62-9620-2918f9d53d53 with 2db97b75-7dea-4bac-b74d-36d214d836eb
[35m[HTTP][39m [37m<-- GET /wd/hub/session/2db97b75-7dea-4bac-b74d-36d214d836eb/element/36c24e4d-399a-4aaf-ab03-274474eb17cc/text [39m[32m200[39m [90m72 ms - 69[39m
[35m[HTTP][39m [90m[39m
[35m[HTTP][39m [37m-->[39m [37mGET[39m [37m/wd/hub/session/2db97b75-7dea-4bac-b74d-36d214d836eb/window/rect[39m
[35m[HTTP][39m [90m{}[39m
[debug] [35m[W3C (2db97b75)][39m Calling AppiumDriver.getWindowRect() with args: ["2db97b75-7dea-4bac-b74d-36d214d836eb"]
[debug] [35m[WD Proxy][39m Matched '/window/current/size' to command name 'getWindowSize'
[debug] [35m[WD Proxy][39m Proxying [GET /window/current/size] to [GET http://localhost:8202/wd/hub/session/02fb9088-dc2c-4c62-9620-2918f9d53d53/window/current/size] with body: {}
[debug] [35m[WD Proxy][39m Got response with status 200: {"sessionId":"02fb9088-dc2c-4c62-9620-2918f9d53d53","value":{"height":2044,"width":1080}}
[debug] [35m[W3C (2db97b75)][39m Responding to client with driver.getWindowRect() result: {"width":1080,"height":2044,"x":0,"y":0}
[35m[HTTP][39m [37m<-- GET /wd/hub/session/2db97b75-7dea-4bac-b74d-36d214d836eb/window/rect [39m[32m200[39m [90m62 ms - 50[39m
[35m[HTTP][39m [90m[39m
[35m[HTTP][39m [37m-->[39m [37mGET[39m [37m/wd/hub/session/2db97b75-7dea-4bac-b74d-36d214d836eb/window/rect[39m
[35m[HTTP][39m [90m{}[39m
[debug] [35m[W3C (2db97b75)][39m Calling AppiumDriver.getWindowRect() with args: ["2db97b75-7dea-4bac-b74d-36d214d836eb"]
[debug] [35m[WD Proxy][39m Matched '/window/current/size' to command name 'getWindowSize'
[debug] [35m[WD Proxy][39m Proxying [GET /window/current/size] to [GET http://localhost:8202/wd/hub/session/02fb9088-dc2c-4c62-9620-2918f9d53d53/window/current/size] with body: {}
[debug] [35m[WD Proxy][39m Got response with status 200: {"sessionId":"02fb9088-dc2c-4c62-9620-2918f9d53d53","value":{"height":2044,"width":1080}}
[debug] [35m[W3C (2db97b75)][39m Responding to client with driver.getWindowRect() result: {"width":1080,"height":2044,"x":0,"y":0}
[35m[HTTP][39m [37m<-- GET /wd/hub/session/2db97b75-7dea-4bac-b74d-36d214d836eb/window/rect [39m[32m200[39m [90m40 ms - 50[39m
[35m[HTTP][39m [90m[39m
[35m[HTTP][39m [37m-->[39m [37mGET[39m [37m/wd/hub/session/2db97b75-7dea-4bac-b74d-36d214d836eb/window/rect[39m
[35m[HTTP][39m [90m{}[39m
[debug] [35m[W3C (2db97b75)][39m Calling AppiumDriver.getWindowRect() with args: ["2db97b75-7dea-4bac-b74d-36d214d836eb"]
[debug] [35m[WD Proxy][39m Matched '/window/current/size' to command name 'getWindowSize'
[debug] [35m[WD Proxy][39m Proxying [GET /window/current/size] to [GET http://localhost:8202/wd/hub/session/02fb9088-dc2c-4c62-9620-2918f9d53d53/window/current/size] with body: {}
[debug] [35m[WD Proxy][39m Got response with status 200: {"sessionId":"02fb9088-dc2c-4c62-9620-2918f9d53d53","value":{"height":2044,"width":1080}}
[debug] [35m[W3C (2db97b75)][39m Responding to client with driver.getWindowRect() result: {"width":1080,"height":2044,"x":0,"y":0}
[35m[HTTP][39m [37m<-- GET /wd/hub/session/2db97b75-7dea-4bac-b74d-36d214d836eb/window/rect [39m[32m200[39m [90m48 ms - 50[39m
[35m[HTTP][39m [90m[39m
[35m[HTTP][39m [37m-->[39m [37mPOST[39m [37m/wd/hub/session/2db97b75-7dea-4bac-b74d-36d214d836eb/touch/perform[39m
[35m[HTTP][39m [90m{"actions":[{"action":"press","options":{"x":540,"y":1635}},{"action":"wait","options":{"ms":1000}},{"action":"moveTo","options":{"x":540,"y":408}},{"action":"release","options":{}}]}[39m
[debug] [35m[W3C (2db97b75)][39m Calling AppiumDriver.performTouch() with args: [[{"action":"press","options":{"x":540,"y":1635}},{"action":"wait","options":{"ms":1000}},{"action":"moveTo","options":{"x":540,"y":408}},{"action":"release","options":{}}],"2db97b75-7dea-4bac-b74d-36d214d836eb"]
[debug] [35m[WD Proxy][39m Matched '/touch/perform' to command name 'performTouch'
[debug] [35m[WD Proxy][39m Proxying [POST /touch/perform] to [POST http://localhost:8202/wd/hub/session/02fb9088-dc2c-4c62-9620-2918f9d53d53/touch/perform] with body: {"startX":540,"startY":1635,"endX":540,"endY":408,"steps":28}
[debug] [35m[Instrumentation][39m java.lang.SecurityException: Injecting to another application requires INJECT_EVENTS permission
[debug] [35m[Instrumentation][39m 	at android.os.Parcel.createException(Parcel.java:1953)
[debug] [35m[Instrumentation][39m 	at android.os.Parcel.readException(Parcel.java:1921)
[debug] [35m[Instrumentation][39m 	at android.os.Parcel.readException(Parcel.java:1871)
[debug] [35m[Instrumentation][39m 	at android.hardware.input.IInputManager$Stub$Proxy.injectInputEvent(IInputManager.java:583)
[debug] [35m[Instrumentation][39m 	at android.hardware.input.InputManager.injectInputEvent(InputManager.java:886)
[debug] [35m[Instrumentation][39m 	at android.app.UiAutomationConnection.injectInputEvent(UiAutomationConnection.java:127)
[debug] [35m[Instrumentation][39m 	at android.app.IUiAutomationConnection$Stub.onTransact(IUiAutomationConnection.java:85)
[debug] [35m[Instrumentation][39m 	at android.os.Binder.execTransact(Binder.java:739)
[35m[WD Proxy][39m Got an unexpected response with status 500: {"sessionId":"02fb9088-dc2c-4c62-9620-2918f9d53d53","value":{"error":"unknown error","message":"java.lang.SecurityException: Injecting to another application requires INJECT_EVENTS permission","stacktrace":"java.lang.SecurityException: Injecting to another application requires INJECT_EVENTS permission\n\tat android.os.Parcel.createException(Parcel.java:1953)\n\tat android.os.Parcel.readException(Parcel.java:1921)\n\tat android.os.Parcel.readException(Parcel.java:1871)\n\tat android.app.IUiAutomationConnection$Stub$Proxy.injectInputEvent(IUiAutomationConnection.java:292)\n\tat android.app.UiAutomation.injectInputEvent(UiAutomation.java:520)\n\tat androidx.test.uiautomator.InteractionController.injectEventSync(InteractionController.java:690)\n\tat androidx.test.uiautomator.InteractionController.touchMove(InteractionController.java:370)\n\tat androidx.test.uiautomator.InteractionController.swipe(InteractionController.java:491)\n\tat androidx.test.uiautomator.InteractionController.swipe(InteractionController.j...
[debug] [35m[W3C][39m Matched W3C error code 'unknown error' to UnknownError
[debug] [35m[W3C (2db97b75)][39m Encountered internal error running command: An unknown server-side error occurred while processing the command. Original error: java.lang.SecurityException: Injecting to another application requires INJECT_EVENTS permission
[debug] [35m[W3C (2db97b75)][39m java.lang.SecurityException: Injecting to another application requires INJECT_EVENTS permission
[debug] [35m[W3C (2db97b75)][39m 	at android.os.Parcel.createException(Parcel.java:1953)
[debug] [35m[W3C (2db97b75)][39m 	at android.os.Parcel.readException(Parcel.java:1921)
[debug] [35m[W3C (2db97b75)][39m 	at android.os.Parcel.readException(Parcel.java:1871)
[debug] [35m[W3C (2db97b75)][39m 	at android.app.IUiAutomationConnection$Stub$Proxy.injectInputEvent(IUiAutomationConnection.java:292)
[debug] [35m[W3C (2db97b75)][39m 	at android.app.UiAutomation.injectInputEvent(UiAutomation.java:520)
[debug] [35m[W3C (2db97b75)][39m 	at androidx.test.uiautomator.InteractionController.injectEventSync(InteractionController.java:690)
[debug] [35m[W3C (2db97b75)][39m 	at androidx.test.uiautomator.InteractionController.touchMove(InteractionController.java:370)
[debug] [35m[W3C (2db97b75)][39m 	at androidx.test.uiautomator.InteractionController.swipe(InteractionController.java:491)
[debug] [35m[W3C (2db97b75)][39m 	at androidx.test.uiautomator.InteractionController.swipe(InteractionController.java:460)
[debug] [35m[W3C (2db97b75)][39m 	at androidx.test.uiautomator.UiDevice.swipe(UiDevice.java:575)
[debug] [35m[W3C (2db97b75)][39m 	at io.appium.uiautomator2.handler.Swipe$1.run(Swipe.java:56)
[debug] [35m[W3C (2db97b75)][39m 	at android.app.UiAutomation.executeAndWaitForEvent(UiAutomation.java:599)
[debug] [35m[W3C (2db97b75)][39m 	at io.appium.uiautomator2.core.EventRegister.runAndRegisterScrollEvents(EventRegister.java:39)
[debug] [35m[W3C (2db97b75)][39m 	at io.appium.uiautomator2.core.EventRegister.runAndRegisterScrollEvents(EventRegister.java:78)
[debug] [35m[W3C (2db97b75)][39m 	at io.appium.uiautomator2.handler.Swipe.safeHandle(Swipe.java:53)
[debug] [35m[W3C (2db97b75)][39m 	at io.appium.uiautomator2.handler.request.SafeRequestHandler.handle(SafeRequestHandler.java:38)
[debug] [35m[W3C (2db97b75)][39m 	at io.appium.uiautomator2.server.AppiumServlet.handleRequest(AppiumServlet.java:252)
[debug] [35m[W3C (2db97b75)][39m 	at io.appium.uiautomator2.server.AppiumServlet.handleHttpRequest(AppiumServlet.java:242)
[debug] [35m[W3C (2db97b75)][39m 	at io.appium.uiautomator2.http.ServerHandler.channelRead(ServerHandler.java:44)
[debug] [35m[W3C (2db97b75)][39m 	at io.netty.channel.AbstractChannelHandlerContext.invokeChannelRead(AbstractChannelHandlerContext.java:366)
[debug] [35m[W3C (2db97b75)][39m 	at io.netty.channel.AbstractChannelHandlerContext.invokeChannelRead(AbstractChannelHandlerContext.java:352)
[debug] [35m[W3C (2db97b75)][39m 	at io.netty.channel.AbstractChannelHandlerContext.fireChannelRead(AbstractChannelHandlerContext.java:345)
[debug] [35m[W3C (2db97b75)][39m 	at io.netty.handler.codec.MessageToMessageDecoder.channelRead(MessageToMessageDecoder.java:102)
[debug] [35m[W3C (2db97b75)][39m 	at io.netty.channel.AbstractChannelHandlerContext.invokeChannelRead(AbstractChannelHandlerContext.java:366)
[debug] [35m[W3C (2db97b75)][39m 	at io.netty.channel.AbstractChannelHandlerContext.invokeChannelRead(AbstractChannelHandlerContext.java:352)
[debug] [35m[W3C (2db97b75)][39m 	at io.netty.channel.AbstractChannelHandlerContext.fireChannelRead(AbstractChannelHandlerContext.java:345)
[debug] [35m[W3C (2db97b75)][39m 	at io.netty.channel.CombinedChannelDuplexHandler$DelegatingChannelHandlerContext.fireChannelRead(CombinedChannelDuplexHandler.java:435)
[debug] [35m[W3C (2db97b75)][39m 	at io.netty.handler.codec.ByteToMessageDecoder.fireChannelRead(ByteToMessageDecoder.java:293)
[debug] [35m[W3C (2db97b75)][39m 	at io.netty.handler.codec.ByteToMessageDecoder.channelRead(ByteToMessageDecoder.java:267)
[debug] [35m[W3C (2db97b75)][39m 	at io.netty.channel.CombinedChannelDuplexHandler.channelRead(CombinedChannelDuplexHandler.java:250)
[debug] [35m[W3C (2db97b75)][39m 	at io.netty.channel.AbstractChannelHandlerContext.invokeChannelRead(AbstractChannelHandlerContext.java:366)
[debug] [35m[W3C (2db97b75)][39m 	at io.netty.channel.AbstractChannelHandlerContext.invokeChannelRead(AbstractChannelHandlerContext.java:352)
[debug] [35m[W3C (2db97b75)][39m 	at io.netty.channel.AbstractChannelHandlerContext.fireChannelRead(AbstractChannelHandlerContext.java:345)
[debug] [35m[W3C (2db97b75)][39m 	at io.netty.channel.DefaultChannelPipeline$HeadContext.channelRead(DefaultChannelPipeline.java:1294)
[debug] [35m[W3C (2db97b75)][39m 	at io.netty.channel.AbstractChannelHandlerContext.invokeChannelRead(AbstractChannelHandlerContext.java:366)
[debug] [35m[W3C (2db97b75)][39m 	at io.netty.channel.AbstractChannelHandlerContext.invokeChannelRead(AbstractChannelHandlerContext.java:352)
[debug] [35m[W3C (2db97b75)][39m 	at io.netty.channel.DefaultChannelPipeline.fireChannelRead(DefaultChannelPipeline.java:911)
[debug] [35m[W3C (2db97b75)][39m 	at io.netty.channel.nio.AbstractNioByteChannel$NioByteUnsafe.read(AbstractNioByteChannel.java:131)
[debug] [35m[W3C (2db97b75)][39m 	at io.netty.channel.nio.NioEventLoop.processSelectedKey(NioEventLoop.java:611)
[debug] [35m[W3C (2db97b75)][39m 	at io.netty.channel.nio.NioEventLoop.processSelectedKeysOptimized(NioEventLoop.java:552)
[debug] [35m[W3C (2db97b75)][39m 	at io.netty.channel.nio.NioEventLoop.processSelectedKeys(NioEventLoop.java:466)
[debug] [35m[W3C (2db97b75)][39m 	at io.netty.channel.nio.NioEventLoop.run(NioEventLoop.java:438)
[debug] [35m[W3C (2db97b75)][39m 	at io.netty.util.concurrent.SingleThreadEventExecutor$2.run(SingleThreadEventExecutor.java:140)
[debug] [35m[W3C (2db97b75)][39m 	at io.netty.util.concurrent.DefaultThreadFactory$DefaultRunnableDecorator.run(DefaultThreadFactory.java:144)
[debug] [35m[W3C (2db97b75)][39m 	at java.lang.Thread.run(Thread.java:784)
[debug] [35m[W3C (2db97b75)][39m 
[35m[HTTP][39m [37m<-- POST /wd/hub/session/2db97b75-7dea-4bac-b74d-36d214d836eb/touch/perform [39m[31m500[39m [90m195 ms - 4527[39m
[35m[HTTP][39m [90m[39m
[35m[HTTP][39m [37m-->[39m [37mGET[39m [37m/wd/hub/session/2db97b75-7dea-4bac-b74d-36d214d836eb/screenshot[39m
[35m[HTTP][39m [90m{}[39m
[debug] [35m[W3C (2db97b75)][39m Calling AppiumDriver.getScreenshot() with args: ["2db97b75-7dea-4bac-b74d-36d214d836eb"]
[debug] [35m[WD Proxy][39m Matched '/screenshot' to command name 'getScreenshot'
[debug] [35m[WD Proxy][39m Proxying [GET /screenshot] to [GET http://localhost:8202/wd/hub/session/02fb9088-dc2c-4c62-9620-2918f9d53d53/screenshot] with no body
[35m[HTTP][39m [37m-->[39m [37mGET[39m [37m/wd/hub/status[39m
[35m[HTTP][39m [90m{}[39m
[debug] [35m[GENERIC][39m Calling AppiumDriver.getStatus() with args: []
[debug] [35m[GENERIC][39m Responding to client with driver.getStatus() result: {"build":{"version":"1.15.1"}}
[35m[HTTP][39m [37m<-- GET /wd/hub/status [39m[32m200[39m [90m1 ms - 68[39m
[35m[HTTP][39m [90m[39m
[debug] [35m[WD Proxy][39m Got response with status 200: {"sessionId":"02fb9088-dc2c-4c62-9620-2918f9d53d53","value":"iVBORw0KGgoAAAANSUhEUgAABDgAAAjECAYAAABJ4N+ZAAAABHNCSVQICAgIfAhkiAAAIABJREFU\neJzs3Xd8I3edP\/7XzKgXy7Ll3tf2Fm\/v2ZJsS9tsCCEhCYSSQie0LwccF+64gy\/3hd8BB9\/vXYAA\ngcBBSCCkbEJCsunJZkt219ur1+vee1Of+f0xsixZsiXb8tryvp6Phx9rjWdGI8vSal7z\/rw\/wva7\ndisgIiIiIiIiIkpi4kwfABERERERERHRVDHgICIiIiIiIqKkx4CDiIiIiIiIiJIeAw4iIiIiIiIi\nSnoMOIiIiIiIiIgo6THgICIiIiIiIqKkx4CDiIiIiIiIiJIeAw4iIiIiIiIiSnoMOIiIiIiIiIgo\n6THgICIiIiIiIqKkx4CDiIiIiIiIiJIeAw4iIiIiIiIiSnoMOIiIiIiIiIgo6THgICIiIiIiIqKk\nx4CDiIiIiIiIiJIeAw4iIiIiIiIiSnoMOIiIiIiIiIgo6THgICIiIiIiIqKkx4CDiIiIiIiIiJIe\nAw4iIiIiIiIiSnoMOIiIiIiIiIgo6THgICIiIiIiIqKkx4CDiIiIiIiIiJIeAw4iIiIiIiIiSnoM\nOIiIiIiIiIgo6THgICIiIiIiIqKkx4CDiIiIiIiIiJIeAw4iIiIiIiIiSnoMOIiIiIiIiIgo6THg\nICIiIiIiIqKkp5npA5huOq2ItFQDNBohrvXdHhntnc5pPioiIiIiIiIiSqQ5HXCsWZaBzWtzIEyw\nTuW1vY04drpzeg4qhtQUHdJSDbBatLCYtLCY1S+\/X4HH64fb44fXK6O334O6xgF097pn5DgBQBAU\nQAGWZp3BJ5b+CQW2ZpgUJyArcPoNaOjKxG8vfASVbUsAAVCU+EKmue6GrKO4u+At2DX90IteSIoM\nQVF\/l+qXEvKvAijC...
[debug] [35m[W3C (2db97b75)][39m Responding to client with driver.getScreenshot() result: "iVBORw0KGgoAAAANSUhEUgAABDgAAAjECAYAAABJ4N+ZAAAABHNCSVQICAgIfAhkiAAAIABJREFU\neJzs3Xd8I3edP/7XzKgXy7Ll3tf2Fm/v2ZJsS9tsCCEhCYSSQie0LwccF+64gy/3hd8BB9/vXYAA\ngcBBSCCkbEJCsunJZkt219ur1+vee1Of+f0xsixZsiXb8tryvp6Phx9rjWdGI8vSal7z/rw/wva7\ndisgIiIiIiIiIkpi4kwfABERERERERHRVDHgICIiIiIiIqKkx4CDiIiIiIiIiJIeAw4iIiIiIiIi\nSnoMOIiIiIiIiIgo6THgICIiIiIiIqKkx4CDiIiIiIiIiJIeAw4iIiIiIiIiSnoMOIiIiIiIiIgo\n6THgICIiIiIiIqKkx4CDiIiIiIiIiJIeAw4iIiIiIiIiSnoMOIiIiIiIiIgo6THgICIiIiIiIqKk\nx4CDiIiIiIiIiJIeAw4iIiIiIiIiSnoMOIiIiIiIiIgo6THgICIiIiIiIqKkx4CDiIiIiIiIiJIe\nAw4iIiIiIiIiSnoMOIiIiIiIiIgo6THgICIiIiIiIqKkx4CDiIiIiIiIiJIeAw4iIiIiIiIiSnoM\nOIiIiIiIiIgo6THgICIiIiIiIqKkx4CDiIiIiIiIiJIeAw4iIiIiIiIiSnoMOIiIiIiIiIgo6THg\nICIiIiIiIqKkp5npA5huOq2ItFQDNBohrvXdHhntnc5pPioiIiIiIiIiSqQ5HXCsWZaBzWtzIEyw\nTuW1vY04drpzeg4qhtQUHdJSDbBatLCYtLCY1S+/X4HH64fb44fXK6O334O6xgF097pn5DgBQBAU\nQAGWZp3BJ5b+CQW2ZpgUJyArcPoNaOjKxG8vfASVbUsAAVCU+EKmue6GrKO4u+At2DX90IteSIoM\nQVF/l+qXEvKvAijCqGUj/yoy4FdEuP1adPus+EPHduzpX5WwY926thvlxbaE7Q8Aqut78ep+e0L3\nSURERJ...
[35m[HTTP][39m [37m<-- GET /wd/hub/session/2db97b75-7dea-4bac-b74d-36d214d836eb/screenshot [39m[32m200[39m [90m729 ms - 166986[39m
[35m[HTTP][39m [90m[39m
[35m[HTTP][39m [37m-->[39m [37mDELETE[39m [37m/wd/hub/session/2db97b75-7dea-4bac-b74d-36d214d836eb[39m
[35m[HTTP][39m [90m{}[39m
[debug] [35m[W3C (2db97b75)][39m Calling AppiumDriver.deleteSession() with args: ["2db97b75-7dea-4bac-b74d-36d214d836eb"]
[debug] [35m[BaseDriver][39m Event 'quitSessionRequested' logged at 1583733710351 (14:01:50 GMT+0800 (CST))
[35m[Appium][39m Removing session 2db97b75-7dea-4bac-b74d-36d214d836eb from our master session list
[debug] [35m[UiAutomator2][39m Deleting UiAutomator2 session
[debug] [35m[UiAutomator2][39m Deleting UiAutomator2 server session
[debug] [35m[WD Proxy][39m Matched '/' to command name 'deleteSession'
[debug] [35m[WD Proxy][39m Proxying [DELETE /] to [DELETE http://localhost:8202/wd/hub/session/02fb9088-dc2c-4c62-9620-2918f9d53d53] with no body
[debug] [35m[WD Proxy][39m Got response with status 200: {"sessionId":"02fb9088-dc2c-4c62-9620-2918f9d53d53","value":null}
[debug] [35m[ADB][39m Running '/Users/vanthink_test_ios/Desktop/intsall/adt-bundle-mac-x86_64-20140624/sdk/platform-tools/adb -P 5037 -s RELBB18A31503011 shell am force-stop com.vanthink.student.debug'
[debug] [35m[Logcat][39m Stopping logcat capture
[debug] [35m[ADB][39m Removing forwarded port socket connection: 8202 
[debug] [35m[ADB][39m Running '/Users/vanthink_test_ios/Desktop/intsall/adt-bundle-mac-x86_64-20140624/sdk/platform-tools/adb -P 5037 -s RELBB18A31503011 forward --remove tcp\:8202'
[35m[UiAutomator2][39m Restoring hidden api policy to the device default configuration
[debug] [35m[ADB][39m Running '/Users/vanthink_test_ios/Desktop/intsall/adt-bundle-mac-x86_64-20140624/sdk/platform-tools/adb -P 5037 -s RELBB18A31503011 shell settings delete global hidden_api_policy_pre_p_apps'
[debug] [35m[ADB][39m Running '/Users/vanthink_test_ios/Desktop/intsall/adt-bundle-mac-x86_64-20140624/sdk/platform-tools/adb -P 5037 -s RELBB18A31503011 shell settings delete global hidden_api_policy_p_apps'
[debug] [35m[ADB][39m Running '/Users/vanthink_test_ios/Desktop/intsall/adt-bundle-mac-x86_64-20140624/sdk/platform-tools/adb -P 5037 -s RELBB18A31503011 shell settings delete global hidden_api_policy'
[debug] [35m[BaseDriver][39m Event 'quitSessionFinished' logged at 1583733710728 (14:01:50 GMT+0800 (CST))
[debug] [35m[W3C (2db97b75)][39m Received response: null
[debug] [35m[W3C (2db97b75)][39m But deleting session, so not returning
[debug] [35m[W3C (2db97b75)][39m Responding to client with driver.deleteSession() result: null
[35m[HTTP][39m [37m<-- DELETE /wd/hub/session/2db97b75-7dea-4bac-b74d-36d214d836eb [39m[32m200[39m [90m378 ms - 14[39m
[35m[HTTP][39m [90m[39m
