[35m[Appium][39m Welcome to Appium v1.15.1
[35m[Appium][39m Non-default server args:
[35m[Appium][39m   bootstrapPort: 5723
[35m[Appium][39m   nodeconfig: ./test_program/nodeconfig/HUAWEI_CX_MAX/9.0/mobile.json
[35m[Appium][39m   udid: RELBB18A31503011
[35m[Appium][39m Deprecated server args:
[35m[Appium][39m   [31m-U,--udid[39m => --default-capabilities '{"udid":"RELBB18A31503011"}'
[35m[Appium][39m Default capabilities, which will be added to each request unless overridden by desired capabilities:
[35m[Appium][39m   udid: RELBB18A31503011
[debug] [35m[Appium][39m Starting auto register thread for grid. Will try to register every 5000 ms.
[35m[Appium][39m Appium REST http interface listener started on 0.0.0.0:4723
[35m[HTTP][39m [37m-->[39m [37mGET[39m [37m/wd/hub/status[39m
[35m[HTTP][39m [90m{}[39m
[debug] [35m[GENERIC][39m Calling AppiumDriver.getStatus() with args: []
[debug] [35m[GENERIC][39m Responding to client with driver.getStatus() result: {"build":{"version":"1.15.1"}}
[35m[HTTP][39m [37m<-- GET /wd/hub/status [39m[32m200[39m [90m5 ms - 68[39m
[35m[HTTP][39m [90m[39m
[debug] [35m[Appium][39m Appium successfully registered with the grid on http://192.168.8.176:4444
[35m[HTTP][39m [37m-->[39m [37mPOST[39m [37m/wd/hub/session[39m
[35m[HTTP][39m [90m{"desiredCapabilities":{"app":"/Users/vanthink_test_ios/Downloads/student_env_devMasterDebug_1.4.8-5.apk","automationName":"uiautomator2","deviceName":"HUAWEI_CX_MAX","noReset":true,"platformName":"android","platformVersion":"9.0","resetKeyboard":true,"server:CONFIG_UUID":"2c288225-07ce-445e-a4ac-90003853c16d","systemPort":8202,"udid":"RELBB18A31503011"},"capabilities":{"desiredCapabilities":{"app":"/Users/vanthink_test_ios/Downloads/student_env_devMasterDebug_1.4.8-5.apk","automationName":"uiautomator2","deviceName":"HUAWEI_CX_MAX","noReset":true,"platformName":"android","platformVersion":"9.0","resetKeyboard":true,"server:CONFIG_UUID":"2c288225-07ce-445e-a4ac-90003853c16d","systemPort":8202,"udid":"RELBB18A31503011"},"firstMatch":[{"platformName":"android","server:CONFIG_UUID":"2c288225-07ce-445e-a4ac-90003853c16d"}]}}[39m
[debug] [35m[W3C][39m Calling AppiumDriver.createSession() with args: [{"app":"/Users/vanthink_test_ios/Downloads/student_env_devMasterDebug_1.4.8-5.apk","automationName":"uiautomator2","deviceName":"HUAWEI_CX_MAX","noReset":true,"platformName":"android","platformVersion":"9.0","resetKeyboard":true,"server:CONFIG_UUID":"2c288225-07ce-445e-a4ac-90003853c16d","systemPort":8202,"udid":"RELBB18A31503011"},null,{"desiredCapabilities":{"app":"/Users/vanthink_test_ios/Downloads/student_env_devMasterDebug_1.4.8-5.apk","automationName":"uiautomator2","deviceName":"HUAWEI_CX_MAX","noReset":true,"platformName":"android","platformVersion":"9.0","resetKeyboard":true,"server:CONFIG_UUID":"2c288225-07ce-445e-a4ac-90003853c16d","systemPort":8202,"udid":"RELBB18A31503011"},"firstMatch":[{"platformName":"android","server:CONFIG_UUID":"2c288225-07ce-445e-a4ac-90003853c16d"}]}]
[debug] [35m[BaseDriver][39m Event 'newSessionRequested' logged at 1583733052936 (13:50:52 GMT+0800 (CST))
[35m[BaseDriver][39m The capabilities ["udid"] are not standard capabilities and should have an extension prefix
[35m[Appium][39m Could not parse W3C capabilities: 'deviceName' can't be blank
[35m[Appium][39m Trying to fix W3C capabilities by merging them with JSONWP caps
[35m[BaseDriver][39m The capabilities ["app","automationName","deviceName","noReset","platformVersion","resetKeyboard","systemPort","udid"] are not standard capabilities and should have an extension prefix
[35m[Appium][39m Appium v1.15.1 creating new AndroidUiautomator2Driver (v1.37.2) session
[debug] [35m[BaseDriver][39m W3C capabilities and MJSONWP desired capabilities were provided
[debug] [35m[BaseDriver][39m Creating session with W3C capabilities: {
[debug] [35m[BaseDriver][39m   "alwaysMatch": {
[debug] [35m[BaseDriver][39m     "appium:app": "/Users/vanthink_test_ios/Downloads/student_env_devMasterDebug_1.4.8-5.apk",
[debug] [35m[BaseDriver][39m     "appium:automationName": "uiautomator2",
[debug] [35m[BaseDriver][39m     "appium:deviceName": "HUAWEI_CX_MAX",
[debug] [35m[BaseDriver][39m     "appium:noReset": true,
[debug] [35m[BaseDriver][39m     "appium:platformVersion": "9.0",
[debug] [35m[BaseDriver][39m     "appium:resetKeyboard": true,
[debug] [35m[BaseDriver][39m     "appium:systemPort": 8202,
[debug] [35m[BaseDriver][39m     "platformName": "android",
[debug] [35m[BaseDriver][39m     "server:CONFIG_UUID": "2c288225-07ce-445e-a4ac-90003853c16d",
[debug] [35m[BaseDriver][39m     "appium:udid": "RELBB18A31503011"
[debug] [35m[BaseDriver][39m   },
[debug] [35m[BaseDriver][39m   "firstMatch": [
[debug] [35m[BaseDriver][39m     {}
[debug] [35m[BaseDriver][39m   ]
[debug] [35m[BaseDriver][39m }
[35m[BaseDriver][39m The following capabilities were provided, but are not recognized by Appium:
[35m[BaseDriver][39m   server:CONFIG_UUID
[35m[BaseDriver][39m Session created with session id: 6fbb91e0-9f04-4b87-9ea1-361ac58c7806
[35m[BaseDriver][39m Using local app '/Users/vanthink_test_ios/Downloads/student_env_devMasterDebug_1.4.8-5.apk'
[debug] [35m[UiAutomator2][39m Checking whether app is actually present
[35m[ADB][39m Found 4 'build-tools' folders under '/Users/vanthink_test_ios/Desktop/intsall/adt-bundle-mac-x86_64-20140624/sdk' (newest first):
[35m[ADB][39m     /Users/vanthink_test_ios/Desktop/intsall/adt-bundle-mac-x86_64-20140624/sdk/build-tools/28.0.3
[35m[ADB][39m     /Users/vanthink_test_ios/Desktop/intsall/adt-bundle-mac-x86_64-20140624/sdk/build-tools/28.0.0
[35m[ADB][39m     /Users/vanthink_test_ios/Desktop/intsall/adt-bundle-mac-x86_64-20140624/sdk/build-tools/27.0.1
[35m[ADB][39m     /Users/vanthink_test_ios/Desktop/intsall/adt-bundle-mac-x86_64-20140624/sdk/build-tools/23.0.1
[35m[ADB][39m Using 'adb' from '/Users/vanthink_test_ios/Desktop/intsall/adt-bundle-mac-x86_64-20140624/sdk/platform-tools/adb'
[35m[AndroidDriver][39m Retrieving device list
[debug] [35m[ADB][39m Trying to find a connected android device
[debug] [35m[ADB][39m Getting connected devices...
[debug] [35m[ADB][39m Connected devices: [{"udid":"RELBB18A31503011","state":"device"}]
[35m[AndroidDriver][39m Using device: RELBB18A31503011
[35m[ADB][39m Using 'adb' from '/Users/vanthink_test_ios/Desktop/intsall/adt-bundle-mac-x86_64-20140624/sdk/platform-tools/adb'
[debug] [35m[ADB][39m Setting device id to RELBB18A31503011
[debug] [35m[ADB][39m Running '/Users/vanthink_test_ios/Desktop/intsall/adt-bundle-mac-x86_64-20140624/sdk/platform-tools/adb -P 5037 -s RELBB18A31503011 shell getprop ro.build.version.sdk'
[debug] [35m[ADB][39m Current device property 'ro.build.version.sdk': 28
[debug] [35m[ADB][39m Running '/Users/vanthink_test_ios/Desktop/intsall/adt-bundle-mac-x86_64-20140624/sdk/platform-tools/adb -P 5037 -s RELBB18A31503011 shell getprop ro.build.version.release'
[debug] [35m[ADB][39m Current device property 'ro.build.version.release': 9
[debug] [35m[ADB][39m Device API level: 28
[35m[UiAutomator2][39m Relaxing hidden api policy
[debug] [35m[ADB][39m Running '/Users/vanthink_test_ios/Desktop/intsall/adt-bundle-mac-x86_64-20140624/sdk/platform-tools/adb -P 5037 -s RELBB18A31503011 shell settings put global hidden_api_policy_pre_p_apps 1'
[debug] [35m[ADB][39m Running '/Users/vanthink_test_ios/Desktop/intsall/adt-bundle-mac-x86_64-20140624/sdk/platform-tools/adb -P 5037 -s RELBB18A31503011 shell settings put global hidden_api_policy_p_apps 1'
[debug] [35m[ADB][39m Running '/Users/vanthink_test_ios/Desktop/intsall/adt-bundle-mac-x86_64-20140624/sdk/platform-tools/adb -P 5037 -s RELBB18A31503011 shell settings put global hidden_api_policy 1'
[debug] [35m[AndroidDriver][39m Parsing package and activity from app manifest
[35m[ADB][39m Using the alternative activity name detection method because of: Could not find 'apkanalyzer' in ["/Users/vanthink_test_ios/Desktop/intsall/adt-bundle-mac-x86_64-20140624/sdk/platform-tools/apkanalyzer","/Users/vanthink_test_ios/Desktop/intsall/adt-bundle-mac-x86_64-20140624/sdk/emulator/apkanalyzer","/Users/vanthink_test_ios/Desktop/intsall/adt-bundle-mac-x86_64-20140624/sdk/tools/apkanalyzer","/Users/vanthink_test_ios/Desktop/intsall/adt-bundle-mac-x86_64-20140624/sdk/tools/bin/apkanalyzer","/Users/vanthink_test_ios/Desktop/intsall/adt-bundle-mac-x86_64-20140624/sdk/build-tools/28.0.3/apkanalyzer","/Users/vanthink_test_ios/Desktop/intsall/adt-bundle-mac-x86_64-20140624/sdk/build-tools/28.0.0/apkanalyzer","/Users/vanthink_test_ios/Desktop/intsall/adt-bundle-mac-x86_64-20140624/sdk/build-tools/27.0.1/apkanalyzer","/Users/vanthink_test_ios/Desktop/intsall/adt-bundle-mac-x86_64-20140624/sdk/build-tools/23.0.1/apkanalyzer"]. Do you have Android Build Tools installed at '/Users/vanthink_test_ios/Desktop/intsall/adt-bundle-mac-x86_64-20140624/sdk'?
[35m[ADB][39m Using 'aapt' from '/Users/vanthink_test_ios/Desktop/intsall/adt-bundle-mac-x86_64-20140624/sdk/build-tools/28.0.3/aapt'
[35m[ADB][39m Extracting package and launch activity from manifest
[35m[ADB][39m Package name: 'com.vanthink.student.debug'
[35m[ADB][39m Main activity name: 'com.vanthink.vanthinkstudent.ui.splash.SplashActivity'
[debug] [35m[AndroidDriver][39m Parsed package and activity are: com.vanthink.student.debug/com.vanthink.vanthinkstudent.ui.splash.SplashActivity
[debug] [35m[ADB][39m Running '/Users/vanthink_test_ios/Desktop/intsall/adt-bundle-mac-x86_64-20140624/sdk/platform-tools/adb -P 5037 -s RELBB18A31503011 wait-for-device'
[debug] [35m[ADB][39m Running '/Users/vanthink_test_ios/Desktop/intsall/adt-bundle-mac-x86_64-20140624/sdk/platform-tools/adb -P 5037 -s RELBB18A31503011 shell echo ping'
[debug] [35m[AndroidDriver][39m Pushing settings apk to device...
[debug] [35m[ADB][39m Getting install status for io.appium.settings
[debug] [35m[ADB][39m Running '/Users/vanthink_test_ios/Desktop/intsall/adt-bundle-mac-x86_64-20140624/sdk/platform-tools/adb -P 5037 -s RELBB18A31503011 shell dumpsys package io.appium.settings'
[debug] [35m[ADB][39m 'io.appium.settings' is installed
[debug] [35m[ADB][39m Getting package info for 'io.appium.settings'
[debug] [35m[ADB][39m Running '/Users/vanthink_test_ios/Desktop/intsall/adt-bundle-mac-x86_64-20140624/sdk/platform-tools/adb -P 5037 -s RELBB18A31503011 shell dumpsys package io.appium.settings'
[35m[ADB][39m Cannot extract apk info using apkanalyzer. Falling back to aapt. Original error: Could not find 'apkanalyzer' in ["/Users/vanthink_test_ios/Desktop/intsall/adt-bundle-mac-x86_64-20140624/sdk/platform-tools/apkanalyzer","/Users/vanthink_test_ios/Desktop/intsall/adt-bundle-mac-x86_64-20140624/sdk/emulator/apkanalyzer","/Users/vanthink_test_ios/Desktop/intsall/adt-bundle-mac-x86_64-20140624/sdk/tools/apkanalyzer","/Users/vanthink_test_ios/Desktop/intsall/adt-bundle-mac-x86_64-20140624/sdk/tools/bin/apkanalyzer","/Users/vanthink_test_ios/Desktop/intsall/adt-bundle-mac-x86_64-20140624/sdk/build-tools/28.0.3/apkanalyzer","/Users/vanthink_test_ios/Desktop/intsall/adt-bundle-mac-x86_64-20140624/sdk/build-tools/28.0.0/apkanalyzer","/Users/vanthink_test_ios/Desktop/intsall/adt-bundle-mac-x86_64-20140624/sdk/build-tools/27.0.1/apkanalyzer","/Users/vanthink_test_ios/Desktop/intsall/adt-bundle-mac-x86_64-20140624/sdk/build-tools/23.0.1/apkanalyzer"]. Do you have Android Build Tools installed at '/Users/vanthink_test_ios/Desktop/intsall/adt-bundle-mac-x86_64-20140624/sdk'?
[debug] [35m[ADB][39m The version name of the installed 'io.appium.settings' is greater or equal to the application version name ('2.14.2' >= '2.14.2')
[debug] [35m[ADB][39m There is no need to install/upgrade '/Users/vanthink_test_ios/.nvm/v8.14.1/lib/node_modules/appium/node_modules/io.appium.settings/apks/settings_apk-debug.apk'
[debug] [35m[ADB][39m Getting IDs of all 'io.appium.settings' processes
[debug] [35m[ADB][39m Running '/Users/vanthink_test_ios/Desktop/intsall/adt-bundle-mac-x86_64-20140624/sdk/platform-tools/adb -P 5037 -s RELBB18A31503011 shell 'pgrep --help; echo $?''
[debug] [35m[ADB][39m Running '/Users/vanthink_test_ios/Desktop/intsall/adt-bundle-mac-x86_64-20140624/sdk/platform-tools/adb -P 5037 -s RELBB18A31503011 shell pgrep -f io\\.appium\\.settings'
[debug] [35m[AndroidDriver][39m io.appium.settings is already running. There is no need to reset its permissions.
[debug] [35m[ADB][39m Running '/Users/vanthink_test_ios/Desktop/intsall/adt-bundle-mac-x86_64-20140624/sdk/platform-tools/adb -P 5037 -s RELBB18A31503011 shell appops set io.appium.settings android\:mock_location allow'
[debug] [35m[Logcat][39m Starting logcat capture
[debug] [35m[ADB][39m Getting install status for io.appium.uiautomator2.server
[debug] [35m[ADB][39m Running '/Users/vanthink_test_ios/Desktop/intsall/adt-bundle-mac-x86_64-20140624/sdk/platform-tools/adb -P 5037 -s RELBB18A31503011 shell dumpsys package io.appium.uiautomator2.server'
[debug] [35m[ADB][39m 'io.appium.uiautomator2.server' is installed
[debug] [35m[ADB][39m Getting package info for 'io.appium.uiautomator2.server'
[debug] [35m[ADB][39m Running '/Users/vanthink_test_ios/Desktop/intsall/adt-bundle-mac-x86_64-20140624/sdk/platform-tools/adb -P 5037 -s RELBB18A31503011 shell dumpsys package io.appium.uiautomator2.server'
[35m[ADB][39m Cannot extract apk info using apkanalyzer. Falling back to aapt. Original error: Could not find 'apkanalyzer' in ["/Users/vanthink_test_ios/Desktop/intsall/adt-bundle-mac-x86_64-20140624/sdk/platform-tools/apkanalyzer","/Users/vanthink_test_ios/Desktop/intsall/adt-bundle-mac-x86_64-20140624/sdk/emulator/apkanalyzer","/Users/vanthink_test_ios/Desktop/intsall/adt-bundle-mac-x86_64-20140624/sdk/tools/apkanalyzer","/Users/vanthink_test_ios/Desktop/intsall/adt-bundle-mac-x86_64-20140624/sdk/tools/bin/apkanalyzer","/Users/vanthink_test_ios/Desktop/intsall/adt-bundle-mac-x86_64-20140624/sdk/build-tools/28.0.3/apkanalyzer","/Users/vanthink_test_ios/Desktop/intsall/adt-bundle-mac-x86_64-20140624/sdk/build-tools/28.0.0/apkanalyzer","/Users/vanthink_test_ios/Desktop/intsall/adt-bundle-mac-x86_64-20140624/sdk/build-tools/27.0.1/apkanalyzer","/Users/vanthink_test_ios/Desktop/intsall/adt-bundle-mac-x86_64-20140624/sdk/build-tools/23.0.1/apkanalyzer"]. Do you have Android Build Tools installed at '/Users/vanthink_test_ios/Desktop/intsall/adt-bundle-mac-x86_64-20140624/sdk'?
[debug] [35m[ADB][39m The version name of the installed 'io.appium.uiautomator2.server' is greater or equal to the application version name ('4.3.0' >= '4.3.0')
[debug] [35m[UiAutomator2][39m io.appium.uiautomator2.server installation state: sameVersionInstalled
[debug] [35m[ADB][39m Checking app cert for /Users/vanthink_test_ios/.nvm/v8.14.1/lib/node_modules/appium/node_modules/appium-uiautomator2-server/apks/appium-uiautomator2-server-v4.3.0.apk
[35m[ADB][39m Using 'apksigner' from '/Users/vanthink_test_ios/Desktop/intsall/adt-bundle-mac-x86_64-20140624/sdk/build-tools/28.0.3/apksigner'
[debug] [35m[ADB][39m Starting '/Users/vanthink_test_ios/Desktop/intsall/adt-bundle-mac-x86_64-20140624/sdk/build-tools/28.0.3/apksigner' with args '["verify","--print-certs","/Users/vanthink_test_ios/.nvm/v8.14.1/lib/node_modules/appium/node_modules/appium-uiautomator2-server/apks/appium-uiautomator2-server-v4.3.0.apk"]'
[debug] [35m[ADB][39m apksigner stdout: Signer #1 certificate DN: EMAILADDRESS=android@android.com, CN=Android, OU=Android, O=Android, L=Mountain View, ST=California, C=US
[debug] [35m[ADB][39m Signer #1 certificate SHA-256 digest: a40da80a59d170caa950cf15c18c454d47a39b26989d8b640ecd745ba71bf5dc
[debug] [35m[ADB][39m Signer #1 certificate SHA-1 digest: 61ed377e85d386a8dfee6b864bd85b0bfaa5af81
[debug] [35m[ADB][39m Signer #1 certificate MD5 digest: e89b158e4bcf988ebd09eb83f5378e87
[debug] [35m[ADB][39m 
[debug] [35m[ADB][39m '/Users/vanthink_test_ios/.nvm/v8.14.1/lib/node_modules/appium/node_modules/appium-uiautomator2-server/apks/appium-uiautomator2-server-v4.3.0.apk' is already signed.
[debug] [35m[ADB][39m Getting install status for io.appium.uiautomator2.server.test
[debug] [35m[ADB][39m Running '/Users/vanthink_test_ios/Desktop/intsall/adt-bundle-mac-x86_64-20140624/sdk/platform-tools/adb -P 5037 -s RELBB18A31503011 shell dumpsys package io.appium.uiautomator2.server.test'
[debug] [35m[ADB][39m 'io.appium.uiautomator2.server.test' is installed
[debug] [35m[ADB][39m Checking app cert for /Users/vanthink_test_ios/.nvm/v8.14.1/lib/node_modules/appium/node_modules/appium-uiautomator2-server/apks/appium-uiautomator2-server-debug-androidTest.apk
[debug] [35m[ADB][39m Starting '/Users/vanthink_test_ios/Desktop/intsall/adt-bundle-mac-x86_64-20140624/sdk/build-tools/28.0.3/apksigner' with args '["verify","--print-certs","/Users/vanthink_test_ios/.nvm/v8.14.1/lib/node_modules/appium/node_modules/appium-uiautomator2-server/apks/appium-uiautomator2-server-debug-androidTest.apk"]'
[debug] [35m[ADB][39m apksigner stdout: Signer #1 certificate DN: EMAILADDRESS=android@android.com, CN=Android, OU=Android, O=Android, L=Mountain View, ST=California, C=US
[debug] [35m[ADB][39m Signer #1 certificate SHA-256 digest: a40da80a59d170caa950cf15c18c454d47a39b26989d8b640ecd745ba71bf5dc
[debug] [35m[ADB][39m Signer #1 certificate SHA-1 digest: 61ed377e85d386a8dfee6b864bd85b0bfaa5af81
[debug] [35m[ADB][39m Signer #1 certificate MD5 digest: e89b158e4bcf988ebd09eb83f5378e87
[debug] [35m[ADB][39m 
[debug] [35m[ADB][39m '/Users/vanthink_test_ios/.nvm/v8.14.1/lib/node_modules/appium/node_modules/appium-uiautomator2-server/apks/appium-uiautomator2-server-debug-androidTest.apk' is already signed.
[35m[UiAutomator2][39m Server packages are not going to be (re)installed
[debug] [35m[UiAutomator2][39m Waiting up to 30000ms for services to be available
[debug] [35m[ADB][39m Running '/Users/vanthink_test_ios/Desktop/intsall/adt-bundle-mac-x86_64-20140624/sdk/platform-tools/adb -P 5037 -s RELBB18A31503011 shell pm list instrumentation'
[debug] [35m[UiAutomator2][39m Instrumentation target 'io.appium.uiautomator2.server.test/androidx.test.runner.AndroidJUnitRunner' is available
[debug] [35m[UiAutomator2][39m Forwarding UiAutomator2 Server port 6790 to 8202
[debug] [35m[ADB][39m Forwarding system: 8202 to device: 6790
[debug] [35m[ADB][39m Running '/Users/vanthink_test_ios/Desktop/intsall/adt-bundle-mac-x86_64-20140624/sdk/platform-tools/adb -P 5037 -s RELBB18A31503011 forward tcp\:8202 tcp\:6790'
[debug] [35m[ADB][39m Checking app cert for /Users/vanthink_test_ios/Downloads/student_env_devMasterDebug_1.4.8-5.apk
[debug] [35m[ADB][39m Starting '/Users/vanthink_test_ios/Desktop/intsall/adt-bundle-mac-x86_64-20140624/sdk/build-tools/28.0.3/apksigner' with args '["verify","--print-certs","/Users/vanthink_test_ios/Downloads/student_env_devMasterDebug_1.4.8-5.apk"]'
[debug] [35m[ADB][39m apksigner stdout: Signer #1 certificate DN: EMAILADDRESS=android@android.com, CN=Android, OU=Android, O=Android, L=Mountain View, ST=California, C=US
[debug] [35m[ADB][39m Signer #1 certificate SHA-256 digest: a40da80a59d170caa950cf15c18c454d47a39b26989d8b640ecd745ba71bf5dc
[debug] [35m[ADB][39m Signer #1 certificate SHA-1 digest: 61ed377e85d386a8dfee6b864bd85b0bfaa5af81
[debug] [35m[ADB][39m Signer #1 certificate MD5 digest: e89b158e4bcf988ebd09eb83f5378e87
[debug] [35m[ADB][39m 
[debug] [35m[ADB][39m '/Users/vanthink_test_ios/Downloads/student_env_devMasterDebug_1.4.8-5.apk' is already signed.
[debug] [35m[ADB][39m Getting install status for com.vanthink.student.debug
[debug] [35m[ADB][39m Running '/Users/vanthink_test_ios/Desktop/intsall/adt-bundle-mac-x86_64-20140624/sdk/platform-tools/adb -P 5037 -s RELBB18A31503011 shell dumpsys package com.vanthink.student.debug'
[debug] [35m[ADB][39m 'com.vanthink.student.debug' is installed
[debug] [35m[ADB][39m Getting package info for 'com.vanthink.student.debug'
[debug] [35m[ADB][39m Running '/Users/vanthink_test_ios/Desktop/intsall/adt-bundle-mac-x86_64-20140624/sdk/platform-tools/adb -P 5037 -s RELBB18A31503011 shell dumpsys package com.vanthink.student.debug'
[35m[ADB][39m Cannot extract apk info using apkanalyzer. Falling back to aapt. Original error: Could not find 'apkanalyzer' in ["/Users/vanthink_test_ios/Desktop/intsall/adt-bundle-mac-x86_64-20140624/sdk/platform-tools/apkanalyzer","/Users/vanthink_test_ios/Desktop/intsall/adt-bundle-mac-x86_64-20140624/sdk/emulator/apkanalyzer","/Users/vanthink_test_ios/Desktop/intsall/adt-bundle-mac-x86_64-20140624/sdk/tools/apkanalyzer","/Users/vanthink_test_ios/Desktop/intsall/adt-bundle-mac-x86_64-20140624/sdk/tools/bin/apkanalyzer","/Users/vanthink_test_ios/Desktop/intsall/adt-bundle-mac-x86_64-20140624/sdk/build-tools/28.0.3/apkanalyzer","/Users/vanthink_test_ios/Desktop/intsall/adt-bundle-mac-x86_64-20140624/sdk/build-tools/28.0.0/apkanalyzer","/Users/vanthink_test_ios/Desktop/intsall/adt-bundle-mac-x86_64-20140624/sdk/build-tools/27.0.1/apkanalyzer","/Users/vanthink_test_ios/Desktop/intsall/adt-bundle-mac-x86_64-20140624/sdk/build-tools/23.0.1/apkanalyzer"]. Do you have Android Build Tools installed at '/Users/vanthink_test_ios/Desktop/intsall/adt-bundle-mac-x86_64-20140624/sdk'?
[debug] [35m[ADB][39m The version name of the installed 'com.vanthink.student.debug' is greater or equal to the application version name ('1.4.8' >= '1.4.8')
[debug] [35m[ADB][39m There is no need to install/upgrade '/Users/vanthink_test_ios/Downloads/student_env_devMasterDebug_1.4.8-5.apk'
[debug] [35m[UiAutomator2][39m Performing shallow cleanup of automation leftovers
[debug] [35m[UiAutomator2][39m The following obsolete sessions are still running: ["f8991281-4fb1-4401-8c17-9a9026870a05"]
[debug] [35m[UiAutomator2][39m Cleaning up the obsolete sessions
[debug] [35m[ADB][39m Running '/Users/vanthink_test_ios/Desktop/intsall/adt-bundle-mac-x86_64-20140624/sdk/platform-tools/adb -P 5037 -s RELBB18A31503011 shell am force-stop io.appium.uiautomator2.server.test'
[35m[UiAutomator2][39m Starting UIAutomator2 server 4.3.0
[35m[UiAutomator2][39m Using UIAutomator2 server from '/Users/vanthink_test_ios/.nvm/v8.14.1/lib/node_modules/appium/node_modules/appium-uiautomator2-server/apks/appium-uiautomator2-server-v4.3.0.apk' and test from '/Users/vanthink_test_ios/.nvm/v8.14.1/lib/node_modules/appium/node_modules/appium-uiautomator2-server/apks/appium-uiautomator2-server-debug-androidTest.apk'
[35m[UiAutomator2][39m Waiting up to 30000ms for UiAutomator2 to be online...
[debug] [35m[ADB][39m Creating ADB subprocess with args: ["-P",5037,"-s","RELBB18A31503011","shell","am","instrument","-w","io.appium.uiautomator2.server.test/androidx.test.runner.AndroidJUnitRunner"]
[35m[HTTP][39m [37m-->[39m [37mGET[39m [37m/wd/hub/status[39m
[35m[HTTP][39m [90m{}[39m
[debug] [35m[GENERIC][39m Calling AppiumDriver.getStatus() with args: []
[debug] [35m[GENERIC][39m Responding to client with driver.getStatus() result: {"build":{"version":"1.15.1"}}
[35m[HTTP][39m [37m<-- GET /wd/hub/status [39m[32m200[39m [90m2 ms - 68[39m
[35m[HTTP][39m [90m[39m
[debug] [35m[WD Proxy][39m Matched '/status' to command name 'getStatus'
[debug] [35m[WD Proxy][39m Proxying [GET /status] to [GET http://localhost:8202/wd/hub/status] with no body
[35m[WD Proxy][39m Got an unexpected response with status undefined: {"code":"ECONNRESET"}
[debug] [35m[Instrumentation][39m io.appium.uiautomator2.server.test.AppiumUiAutomator2Server:
[debug] [35m[WD Proxy][39m Matched '/status' to command name 'getStatus'
[debug] [35m[WD Proxy][39m Proxying [GET /status] to [GET http://localhost:8202/wd/hub/status] with no body
[35m[WD Proxy][39m Got an unexpected response with status undefined: {"code":"ECONNRESET"}
[debug] [35m[WD Proxy][39m Matched '/status' to command name 'getStatus'
[debug] [35m[WD Proxy][39m Proxying [GET /status] to [GET http://localhost:8202/wd/hub/status] with no body
[debug] [35m[WD Proxy][39m Got response with status 200: {"sessionId":"None","value":{"ready":true,"message":"UiAutomator2 Server is ready to accept commands"}}
[debug] [35m[UiAutomator2][39m The initialization of the instrumentation process took 3169ms
[debug] [35m[WD Proxy][39m Matched '/session' to command name 'createSession'
[debug] [35m[WD Proxy][39m Proxying [POST /session] to [POST http://localhost:8202/wd/hub/session] with body: {"capabilities":{"firstMatch":[{"platform":"LINUX","webStorageEnabled":false,"takesScreenshot":true,"javascriptEnabled":true,"databaseEnabled":false,"networkConnectionEnabled":true,"locationContextEnabled":false,"warnings":{},"desired":{"platformName":"android","server:CONFIG_UUID":"2c288225-07ce-445e-a4ac-90003853c16d","app":"/Users/vanthink_test_ios/Downloads/student_env_devMasterDebug_1.4.8-5.apk","automationName":"uiautomator2","deviceName":"HUAWEI_CX_MAX","noReset":true,"platformVersion":"9.0","resetKeyboard":true,"systemPort":8202,"udid":"RELBB18A31503011"},"platformName":"android","server:CONFIG_UUID":"2c288225-07ce-445e-a4ac-90003853c16d","app":"/Users/vanthink_test_ios/Downloads/student_env_devMasterDebug_1.4.8-5.apk","automationName":"uiautomator2","deviceName":"RELBB18A31503011","noReset":true,"platformVersion":"9.0","resetKeyboard":true,"systemPort":8202,"udid":"RELBB18A31503011","deviceUDID":"RELBB18A31503011","appPackage":"com.vanthink.student.debug"}],"alwaysMatch":{}}}
[debug] [35m[WD Proxy][39m Got response with status 200: {"sessionId":"863a796c-819c-49fe-a015-08482140fc25","value":{"sessionId":"863a796c-819c-49fe-a015-08482140fc25","capabilities":{"firstMatch":[{"platform":"LINUX","webStorageEnabled":false,"takesScreenshot":true,"javascriptEnabled":true,"databaseEnabled":false,"networkConnectionEnabled":true,"locationContextEnabled":false,"warnings":{},"desired":{"platformName":"android","server:CONFIG_UUID":"2c288225-07ce-445e-a4ac-90003853c16d","app":"/Users/vanthink_test_ios/Downloads/student_env_devMasterDebug_1.4.8-5.apk","automationName":"uiautomator2","deviceName":"HUAWEI_CX_MAX","noReset":true,"platformVersion":"9.0","resetKeyboard":true,"systemPort":8202,"udid":"RELBB18A31503011"},"platformName":"android","server:CONFIG_UUID":"2c288225-07ce-445e-a4ac-90003853c16d","app":"/Users/vanthink_test_ios/Downloads/student_env_devMasterDebug_1.4.8-5.apk","automationName":"uiautomator2","deviceName":"RELBB18A31503011","noReset":true,"platformVersion":"9.0","resetKeyboard":true,"systemPort":8202,"udid":"RELBB18A31503011","devi...
[35m[WD Proxy][39m Determined the downstream protocol as 'W3C'
[debug] [35m[WD Proxy][39m Proxying [GET /appium/device/info] to [GET http://localhost:8202/wd/hub/session/863a796c-819c-49fe-a015-08482140fc25/appium/device/info] with no body
[debug] [35m[WD Proxy][39m Got response with status 200: {"sessionId":"863a796c-819c-49fe-a015-08482140fc25","value":{"androidId":"aff17734d7e5de1f","manufacturer":"HUAWEI","model":"ARS-AL00","brand":"HUAWEI","apiVersion":"28","platformVersion":"9","carrierName":"","realDisplaySize":"1080x2244","displayDensity":480,"networks":[{"type":1,"typeName":"WIFI","subtype":0,"subtypeName":"","isConnected":true,"detailedState":"CONNECTED","state":"CONNECTED","extraInfo":null,"isAvailable":true,"isFailover":false,"isRoaming":false,"capabilities":{"transportTypes":"NET_CAPABILITY_SUPL","networkCapabilities":"","linkUpstreamBandwidthKbps":1048576,"linkDownBandwidthKbps":1048576,"signalStrength":-54,"networkSpecifier":null,"SSID":null}}],"locale":"zh_CN_#Hans","timeZone":"Asia\/Shanghai"}}
[debug] [35m[ADB][39m Running '/Users/vanthink_test_ios/Desktop/intsall/adt-bundle-mac-x86_64-20140624/sdk/platform-tools/adb -P 5037 -s RELBB18A31503011 shell dumpsys window'
[35m[AndroidDriver][39m Screen already unlocked, doing nothing
[35m[UiAutomator2][39m Starting 'com.vanthink.student.debug/com.vanthink.vanthinkstudent.ui.splash.SplashActivity and waiting for 'com.vanthink.student.debug/com.vanthink.vanthinkstudent.ui.splash.SplashActivity'
[debug] [35m[ADB][39m Running '/Users/vanthink_test_ios/Desktop/intsall/adt-bundle-mac-x86_64-20140624/sdk/platform-tools/adb -P 5037 -s RELBB18A31503011 shell am start -W -n com.vanthink.student.debug/com.vanthink.vanthinkstudent.ui.splash.SplashActivity -S -a android.intent.action.MAIN -c android.intent.category.LAUNCHER -f 0x10200000'
[35m[HTTP][39m [37m-->[39m [37mGET[39m [37m/wd/hub/status[39m
[35m[HTTP][39m [90m{}[39m
[debug] [35m[GENERIC][39m Calling AppiumDriver.getStatus() with args: []
[debug] [35m[GENERIC][39m Responding to client with driver.getStatus() result: {"build":{"version":"1.15.1"}}
[35m[HTTP][39m [37m<-- GET /wd/hub/status [39m[32m200[39m [90m1 ms - 68[39m
[35m[HTTP][39m [90m[39m
[debug] [35m[ADB][39m Waiting up to 20000ms for activity matching pkg: 'com.vanthink.student.debug' and activity: 'com.vanthink.vanthinkstudent.ui.splash.SplashActivity' to be focused
[debug] [35m[ADB][39m Possible activities, to be checked: 'com.vanthink.vanthinkstudent.ui.splash.SplashActivity', 'com.vanthink.student.debug.com.vanthink.vanthinkstudent.ui.splash.SplashActivity'
[debug] [35m[ADB][39m Getting focused package and activity
[debug] [35m[ADB][39m Running '/Users/vanthink_test_ios/Desktop/intsall/adt-bundle-mac-x86_64-20140624/sdk/platform-tools/adb -P 5037 -s RELBB18A31503011 shell dumpsys window windows'
[debug] [35m[ADB][39m Found package: 'com.vanthink.student.debug' and fully qualified activity name : 'com.vanthink.vanthinkstudent.ui.splash.SplashActivity'
[debug] [35m[WD Proxy][39m Proxying [GET /appium/device/pixel_ratio] to [GET http://localhost:8202/wd/hub/session/863a796c-819c-49fe-a015-08482140fc25/appium/device/pixel_ratio] with body: {}
[debug] [35m[WD Proxy][39m Got response with status 200: {"sessionId":"863a796c-819c-49fe-a015-08482140fc25","value":3}
[debug] [35m[WD Proxy][39m Matched '/appium/device/system_bars' to command name 'getSystemBars'
[debug] [35m[WD Proxy][39m Proxying [GET /appium/device/system_bars] to [GET http://localhost:8202/wd/hub/session/863a796c-819c-49fe-a015-08482140fc25/appium/device/system_bars] with body: {}
[debug] [35m[WD Proxy][39m Got response with status 200: {"sessionId":"863a796c-819c-49fe-a015-08482140fc25","value":{"statusBar":96}}
[debug] [35m[WD Proxy][39m Matched '/window/current/size' to command name 'getWindowSize'
[debug] [35m[WD Proxy][39m Proxying [GET /window/current/size] to [GET http://localhost:8202/wd/hub/session/863a796c-819c-49fe-a015-08482140fc25/window/current/size] with body: {}
[debug] [35m[WD Proxy][39m Got response with status 200: {"sessionId":"863a796c-819c-49fe-a015-08482140fc25","value":{"height":2044,"width":1080}}
[35m[Appium][39m New AndroidUiautomator2Driver session created successfully, session 6fbb91e0-9f04-4b87-9ea1-361ac58c7806 added to master session list
[debug] [35m[BaseDriver][39m Event 'newSessionStarted' logged at 1583733063003 (13:51:03 GMT+0800 (CST))
[debug] [35m[W3C (6fbb91e0)][39m Cached the protocol value 'W3C' for the new session 6fbb91e0-9f04-4b87-9ea1-361ac58c7806
[debug] [35m[W3C (6fbb91e0)][39m Responding to client with driver.createSession() result: {"capabilities":{"platform":"LINUX","webStorageEnabled":false,"takesScreenshot":true,"javascriptEnabled":true,"databaseEnabled":false,"networkConnectionEnabled":true,"locationContextEnabled":false,"warnings":{},"desired":{"platformName":"android","server:CONFIG_UUID":"2c288225-07ce-445e-a4ac-90003853c16d","app":"/Users/vanthink_test_ios/Downloads/student_env_devMasterDebug_1.4.8-5.apk","automationName":"uiautomator2","deviceName":"HUAWEI_CX_MAX","noReset":true,"platformVersion":"9.0","resetKeyboard":true,"systemPort":8202,"udid":"RELBB18A31503011"},"platformName":"android","server:CONFIG_UUID":"2c288225-07ce-445e-a4ac-90003853c16d","app":"/Users/vanthink_test_ios/Downloads/student_env_devMasterDebug_1.4.8-5.apk","automationName":"uiautomator2","deviceName":"RELBB18A31503011","noReset":true,"platformVersion":"9","resetKeyboard":true,"systemPort":8202,"udid":"RELBB18A31503011","deviceUDID":"RELBB18A31503011","appPackage":"com.vanthink.student.debug","deviceApiLevel":28,"deviceScreenSize":"1080x2244","deviceS...
[35m[HTTP][39m [37m<-- POST /wd/hub/session [39m[32m200[39m [90m10070 ms - 1252[39m
[35m[HTTP][39m [90m[39m
[35m[HTTP][39m [37m-->[39m [37mGET[39m [37m/wd/hub/status[39m
[35m[HTTP][39m [90m{}[39m
[debug] [35m[GENERIC][39m Calling AppiumDriver.getStatus() with args: []
[debug] [35m[GENERIC][39m Responding to client with driver.getStatus() result: {"build":{"version":"1.15.1"}}
[35m[HTTP][39m [37m<-- GET /wd/hub/status [39m[32m200[39m [90m1 ms - 68[39m
[35m[HTTP][39m [90m[39m
[35m[HTTP][39m [37m-->[39m [37mGET[39m [37m/wd/hub/session/6fbb91e0-9f04-4b87-9ea1-361ac58c7806/appium/device/current_activity[39m
[35m[HTTP][39m [90m{}[39m
[debug] [35m[W3C (6fbb91e0)][39m Calling AppiumDriver.getCurrentActivity() with args: ["6fbb91e0-9f04-4b87-9ea1-361ac58c7806"]
[debug] [35m[ADB][39m Getting focused package and activity
[debug] [35m[ADB][39m Running '/Users/vanthink_test_ios/Desktop/intsall/adt-bundle-mac-x86_64-20140624/sdk/platform-tools/adb -P 5037 -s RELBB18A31503011 shell dumpsys window windows'
[debug] [35m[W3C (6fbb91e0)][39m Responding to client with driver.getCurrentActivity() result: "com.vanthink.vanthinkstudent.ui.user.login.LoginActivity"
[35m[HTTP][39m [37m<-- GET /wd/hub/session/6fbb91e0-9f04-4b87-9ea1-361ac58c7806/appium/device/current_activity [39m[32m200[39m [90m117 ms - 68[39m
[35m[HTTP][39m [90m[39m
[35m[HTTP][39m [37m-->[39m [37mPOST[39m [37m/wd/hub/session/6fbb91e0-9f04-4b87-9ea1-361ac58c7806/element[39m
[35m[HTTP][39m [90m{"using":"id","value":"com.vanthink.student.debug:id/btn_login"}[39m
[debug] [35m[W3C (6fbb91e0)][39m Calling AppiumDriver.findElement() with args: ["id","com.vanthink.student.debug:id/btn_login","6fbb91e0-9f04-4b87-9ea1-361ac58c7806"]
[debug] [35m[BaseDriver][39m Valid locator strategies for this request: xpath, id, class name, accessibility id, -android uiautomator
[debug] [35m[BaseDriver][39m Waiting up to 0 ms for condition
[debug] [35m[WD Proxy][39m Matched '/element' to command name 'findElement'
[debug] [35m[WD Proxy][39m Proxying [POST /element] to [POST http://localhost:8202/wd/hub/session/863a796c-819c-49fe-a015-08482140fc25/element] with body: {"strategy":"id","selector":"com.vanthink.student.debug:id/btn_login","context":"","multiple":false}
[debug] [35m[WD Proxy][39m Got response with status 200: {"sessionId":"863a796c-819c-49fe-a015-08482140fc25","value":{"ELEMENT":"e3f8be87-7e81-4548-a580-7eaedd5ee124","element-6066-11e4-a52e-4f735466cecf":"e3f8be87-7e81-4548-a580-7eaedd5ee124"}}
[debug] [35m[W3C (6fbb91e0)][39m Responding to client with driver.findElement() result: {"element-6066-11e4-a52e-4f735466cecf":"e3f8be87-7e81-4548-a580-7eaedd5ee124","ELEMENT":"e3f8be87-7e81-4548-a580-7eaedd5ee124"}
[35m[HTTP][39m [37m<-- POST /wd/hub/session/6fbb91e0-9f04-4b87-9ea1-361ac58c7806/element [39m[32m200[39m [90m167 ms - 137[39m
[35m[HTTP][39m [90m[39m
[35m[HTTP][39m [37m-->[39m [37mPOST[39m [37m/wd/hub/session/6fbb91e0-9f04-4b87-9ea1-361ac58c7806/element[39m
[35m[HTTP][39m [90m{"using":"id","value":"com.vanthink.student.debug:id/ed_user_nickname"}[39m
[debug] [35m[W3C (6fbb91e0)][39m Calling AppiumDriver.findElement() with args: ["id","com.vanthink.student.debug:id/ed_user_nickname","6fbb91e0-9f04-4b87-9ea1-361ac58c7806"]
[debug] [35m[BaseDriver][39m Valid locator strategies for this request: xpath, id, class name, accessibility id, -android uiautomator
[debug] [35m[BaseDriver][39m Waiting up to 0 ms for condition
[debug] [35m[WD Proxy][39m Matched '/element' to command name 'findElement'
[debug] [35m[WD Proxy][39m Proxying [POST /element] to [POST http://localhost:8202/wd/hub/session/863a796c-819c-49fe-a015-08482140fc25/element] with body: {"strategy":"id","selector":"com.vanthink.student.debug:id/ed_user_nickname","context":"","multiple":false}
[debug] [35m[WD Proxy][39m Got response with status 200: {"sessionId":"863a796c-819c-49fe-a015-08482140fc25","value":{"ELEMENT":"0fbeaeaa-907f-40b8-bf4b-aec8018e434e","element-6066-11e4-a52e-4f735466cecf":"0fbeaeaa-907f-40b8-bf4b-aec8018e434e"}}
[debug] [35m[W3C (6fbb91e0)][39m Responding to client with driver.findElement() result: {"element-6066-11e4-a52e-4f735466cecf":"0fbeaeaa-907f-40b8-bf4b-aec8018e434e","ELEMENT":"0fbeaeaa-907f-40b8-bf4b-aec8018e434e"}
[35m[HTTP][39m [37m<-- POST /wd/hub/session/6fbb91e0-9f04-4b87-9ea1-361ac58c7806/element [39m[32m200[39m [90m123 ms - 137[39m
[35m[HTTP][39m [90m[39m
[35m[HTTP][39m [37m-->[39m [37mPOST[39m [37m/wd/hub/session/6fbb91e0-9f04-4b87-9ea1-361ac58c7806/element[39m
[35m[HTTP][39m [90m{"using":"id","value":"com.vanthink.student.debug:id/ed_user_pwd"}[39m
[debug] [35m[W3C (6fbb91e0)][39m Calling AppiumDriver.findElement() with args: ["id","com.vanthink.student.debug:id/ed_user_pwd","6fbb91e0-9f04-4b87-9ea1-361ac58c7806"]
[debug] [35m[BaseDriver][39m Valid locator strategies for this request: xpath, id, class name, accessibility id, -android uiautomator
[debug] [35m[BaseDriver][39m Waiting up to 0 ms for condition
[debug] [35m[WD Proxy][39m Matched '/element' to command name 'findElement'
[debug] [35m[WD Proxy][39m Proxying [POST /element] to [POST http://localhost:8202/wd/hub/session/863a796c-819c-49fe-a015-08482140fc25/element] with body: {"strategy":"id","selector":"com.vanthink.student.debug:id/ed_user_pwd","context":"","multiple":false}
[debug] [35m[WD Proxy][39m Got response with status 200: {"sessionId":"863a796c-819c-49fe-a015-08482140fc25","value":{"ELEMENT":"67e78196-5495-44bd-8c7e-2d55c6c7459a","element-6066-11e4-a52e-4f735466cecf":"67e78196-5495-44bd-8c7e-2d55c6c7459a"}}
[debug] [35m[W3C (6fbb91e0)][39m Responding to client with driver.findElement() result: {"element-6066-11e4-a52e-4f735466cecf":"67e78196-5495-44bd-8c7e-2d55c6c7459a","ELEMENT":"67e78196-5495-44bd-8c7e-2d55c6c7459a"}
[35m[HTTP][39m [37m<-- POST /wd/hub/session/6fbb91e0-9f04-4b87-9ea1-361ac58c7806/element [39m[32m200[39m [90m108 ms - 137[39m
[35m[HTTP][39m [90m[39m
[35m[HTTP][39m [37m-->[39m [37mPOST[39m [37m/wd/hub/session/6fbb91e0-9f04-4b87-9ea1-361ac58c7806/element/0fbeaeaa-907f-40b8-bf4b-aec8018e434e/value[39m
[35m[HTTP][39m [90m{"text":"16612341007","value":["1","6","6","1","2","3","4","1","0","0","7"],"id":"0fbeaeaa-907f-40b8-bf4b-aec8018e434e"}[39m
[debug] [35m[W3C (6fbb91e0)][39m Calling AppiumDriver.setValue() with args: [["1","6","6","1","2","3","4","1","0","0","7"],"0fbeaeaa-907f-40b8-bf4b-aec8018e434e","6fbb91e0-9f04-4b87-9ea1-361ac58c7806"]
[debug] [35m[WD Proxy][39m Matched '/element/0fbeaeaa-907f-40b8-bf4b-aec8018e434e/value' to command name 'setValue'
[debug] [35m[Protocol Converter][39m Added 'value' property ["1","6","6","1","2","3","4","1","0","0","7"] to 'setValue' request body
[debug] [35m[WD Proxy][39m Proxying [POST /element/0fbeaeaa-907f-40b8-bf4b-aec8018e434e/value] to [POST http://localhost:8202/wd/hub/session/863a796c-819c-49fe-a015-08482140fc25/element/0fbeaeaa-907f-40b8-bf4b-aec8018e434e/value] with body: {"elementId":"0fbeaeaa-907f-40b8-bf4b-aec8018e434e","text":"16612341007","replace":false,"value":["1","6","6","1","2","3","4","1","0","0","7"]}
[debug] [35m[WD Proxy][39m Got response with status 200: {"sessionId":"863a796c-819c-49fe-a015-08482140fc25","value":null}
[debug] [35m[W3C (6fbb91e0)][39m Responding to client with driver.setValue() result: null
[35m[HTTP][39m [37m<-- POST /wd/hub/session/6fbb91e0-9f04-4b87-9ea1-361ac58c7806/element/0fbeaeaa-907f-40b8-bf4b-aec8018e434e/value [39m[32m200[39m [90m663 ms - 14[39m
[35m[HTTP][39m [90m[39m
[35m[HTTP][39m [37m-->[39m [37mPOST[39m [37m/wd/hub/session/6fbb91e0-9f04-4b87-9ea1-361ac58c7806/element/67e78196-5495-44bd-8c7e-2d55c6c7459a/value[39m
[35m[HTTP][39m [90m{"text":"123456","value":["1","2","3","4","5","6"],"id":"67e78196-5495-44bd-8c7e-2d55c6c7459a"}[39m
[debug] [35m[W3C (6fbb91e0)][39m Calling AppiumDriver.setValue() with args: [["1","2","3","4","5","6"],"67e78196-5495-44bd-8c7e-2d55c6c7459a","6fbb91e0-9f04-4b87-9ea1-361ac58c7806"]
[debug] [35m[WD Proxy][39m Matched '/element/67e78196-5495-44bd-8c7e-2d55c6c7459a/value' to command name 'setValue'
[debug] [35m[Protocol Converter][39m Added 'value' property ["1","2","3","4","5","6"] to 'setValue' request body
[debug] [35m[WD Proxy][39m Proxying [POST /element/67e78196-5495-44bd-8c7e-2d55c6c7459a/value] to [POST http://localhost:8202/wd/hub/session/863a796c-819c-49fe-a015-08482140fc25/element/67e78196-5495-44bd-8c7e-2d55c6c7459a/value] with body: {"elementId":"67e78196-5495-44bd-8c7e-2d55c6c7459a","text":"123456","replace":false,"value":["1","2","3","4","5","6"]}
[debug] [35m[WD Proxy][39m Got response with status 200: {"sessionId":"863a796c-819c-49fe-a015-08482140fc25","value":null}
[debug] [35m[W3C (6fbb91e0)][39m Responding to client with driver.setValue() result: null
[35m[HTTP][39m [37m<-- POST /wd/hub/session/6fbb91e0-9f04-4b87-9ea1-361ac58c7806/element/67e78196-5495-44bd-8c7e-2d55c6c7459a/value [39m[32m200[39m [90m604 ms - 14[39m
[35m[HTTP][39m [90m[39m
[35m[HTTP][39m [37m-->[39m [37mPOST[39m [37m/wd/hub/session/6fbb91e0-9f04-4b87-9ea1-361ac58c7806/element[39m
[35m[HTTP][39m [90m{"using":"id","value":"com.vanthink.student.debug:id/btn_login"}[39m
[debug] [35m[W3C (6fbb91e0)][39m Calling AppiumDriver.findElement() with args: ["id","com.vanthink.student.debug:id/btn_login","6fbb91e0-9f04-4b87-9ea1-361ac58c7806"]
[debug] [35m[BaseDriver][39m Valid locator strategies for this request: xpath, id, class name, accessibility id, -android uiautomator
[debug] [35m[BaseDriver][39m Waiting up to 0 ms for condition
[debug] [35m[WD Proxy][39m Matched '/element' to command name 'findElement'
[debug] [35m[WD Proxy][39m Proxying [POST /element] to [POST http://localhost:8202/wd/hub/session/863a796c-819c-49fe-a015-08482140fc25/element] with body: {"strategy":"id","selector":"com.vanthink.student.debug:id/btn_login","context":"","multiple":false}
[debug] [35m[WD Proxy][39m Got response with status 200: {"sessionId":"863a796c-819c-49fe-a015-08482140fc25","value":{"ELEMENT":"1b90921b-cc15-4ffc-b713-3cf279c3c5ac","element-6066-11e4-a52e-4f735466cecf":"1b90921b-cc15-4ffc-b713-3cf279c3c5ac"}}
[debug] [35m[W3C (6fbb91e0)][39m Responding to client with driver.findElement() result: {"element-6066-11e4-a52e-4f735466cecf":"1b90921b-cc15-4ffc-b713-3cf279c3c5ac","ELEMENT":"1b90921b-cc15-4ffc-b713-3cf279c3c5ac"}
[35m[HTTP][39m [37m<-- POST /wd/hub/session/6fbb91e0-9f04-4b87-9ea1-361ac58c7806/element [39m[32m200[39m [90m596 ms - 137[39m
[35m[HTTP][39m [90m[39m
[35m[HTTP][39m [37m-->[39m [37mPOST[39m [37m/wd/hub/session/6fbb91e0-9f04-4b87-9ea1-361ac58c7806/element/1b90921b-cc15-4ffc-b713-3cf279c3c5ac/click[39m
[35m[HTTP][39m [90m{"id":"1b90921b-cc15-4ffc-b713-3cf279c3c5ac"}[39m
[debug] [35m[W3C (6fbb91e0)][39m Calling AppiumDriver.click() with args: ["1b90921b-cc15-4ffc-b713-3cf279c3c5ac","6fbb91e0-9f04-4b87-9ea1-361ac58c7806"]
[debug] [35m[WD Proxy][39m Matched '/element/1b90921b-cc15-4ffc-b713-3cf279c3c5ac/click' to command name 'click'
[debug] [35m[WD Proxy][39m Proxying [POST /element/1b90921b-cc15-4ffc-b713-3cf279c3c5ac/click] to [POST http://localhost:8202/wd/hub/session/863a796c-819c-49fe-a015-08482140fc25/element/1b90921b-cc15-4ffc-b713-3cf279c3c5ac/click] with body: {"element":"1b90921b-cc15-4ffc-b713-3cf279c3c5ac"}
[debug] [35m[WD Proxy][39m Got response with status 200: {"sessionId":"863a796c-819c-49fe-a015-08482140fc25","value":null}
[debug] [35m[W3C (6fbb91e0)][39m Responding to client with driver.click() result: null
[35m[HTTP][39m [37m<-- POST /wd/hub/session/6fbb91e0-9f04-4b87-9ea1-361ac58c7806/element/1b90921b-cc15-4ffc-b713-3cf279c3c5ac/click [39m[32m200[39m [90m114 ms - 14[39m
[35m[HTTP][39m [90m[39m
[35m[HTTP][39m [37m-->[39m [37mGET[39m [37m/wd/hub/status[39m
[35m[HTTP][39m [90m{}[39m
[debug] [35m[GENERIC][39m Calling AppiumDriver.getStatus() with args: []
[debug] [35m[GENERIC][39m Responding to client with driver.getStatus() result: {"build":{"version":"1.15.1"}}
[35m[HTTP][39m [37m<-- GET /wd/hub/status [39m[32m200[39m [90m1 ms - 68[39m
[35m[HTTP][39m [90m[39m
[35m[HTTP][39m [37m-->[39m [37mGET[39m [37m/wd/hub/session/6fbb91e0-9f04-4b87-9ea1-361ac58c7806/screenshot[39m
[35m[HTTP][39m [90m{}[39m
[debug] [35m[W3C (6fbb91e0)][39m Calling AppiumDriver.getScreenshot() with args: ["6fbb91e0-9f04-4b87-9ea1-361ac58c7806"]
[debug] [35m[WD Proxy][39m Matched '/screenshot' to command name 'getScreenshot'
[debug] [35m[WD Proxy][39m Proxying [GET /screenshot] to [GET http://localhost:8202/wd/hub/session/863a796c-819c-49fe-a015-08482140fc25/screenshot] with no body
[debug] [35m[WD Proxy][39m Got response with status 200: {"sessionId":"863a796c-819c-49fe-a015-08482140fc25","value":"iVBORw0KGgoAAAANSUhEUgAABDgAAAjECAYAAABJ4N+ZAAAABHNCSVQICAgIfAhkiAAAIABJREFU\neJzs3Xd8W+d9LvDnPQd7ENx7iKSovYdlDS\/JW27s2HGGM+w4zWqSps1qmt6mjW9629vETXpbN6tJ\nnNRx4sTxkJ04trxtWcOSqD0pinvvhX3e+8chQYIASZAEB6jn+\/nwQ+Lw4OAFSII4D37v7xU7P7BH\ngoiIiIiIiIgogSlzPQAiIiIiIiIiouliwEFERERERERECY8BBxERERERERElPAYcRERERERERJTw\nGHAQERERERERUcJjwEFERERERERECY8BBxERERERERElPAYcRERERERERJTwGHAQERERERERUcJj\nwEFERERERERECY8BBxERERERERElPAYcRERERERERJTwGHAQERERERERUcJjwEFERERERERECY8B\nBxERERERERElPAYcRERERERERJTwGHAQERERERERUcJjwEFERERERERECY8BBxERERERERElPAYc\nRERERERERJTwGHAQERERERERUcJjwEFERERERERECY8BBxERERERERElPAYcRERERERERJTwGHAQ\nERERERERUcJjwEFERERERERECY8BBxERERERERElPAYcRERERERERJTwGHAQERERERERUcJjwEFE\nRERERERECc8w1wOYaSajgtRkCwwGEdP+Xp+G1nb3DI+KiIiIiIiIiOJpQQccm9ZkYMfmHIhJ1qm8\nuq8ex8+0z8ygJpCcZEJqsgVOhxEOmxEOu\/4RDEr4\/EF4fUH4\/Rq6e32oqe9DZ7d3TsYJAEJIQAKr\ns87iE6t\/jQJXI2zSDWgS7qAFdR2Z+PnFD6O8ZRUgACljC5kWuluyjuG+gjeRYuiFWfFDlRqE1B9L\n\/UOO+CwBKUZtG\/4s...
[debug] [35m[W3C (6fbb91e0)][39m Responding to client with driver.getScreenshot() result: "iVBORw0KGgoAAAANSUhEUgAABDgAAAjECAYAAABJ4N+ZAAAABHNCSVQICAgIfAhkiAAAIABJREFU\neJzs3Xd8W+d9LvDnPQd7ENx7iKSovYdlDS/JW27s2HGGM+w4zWqSps1qmt6mjW9629vETXpbN6tJ\nnNRx4sTxkJ04trxtWcOSqD0pinvvhX3e+8chQYIASZAEB6jn+/nwQ+Lw4OAFSII4D37v7xU7P7BH\ngoiIiIiIiIgogSlzPQAiIiIiIiIiouliwEFERERERERECY8BBxERERERERElPAYcRERERERERJTw\nGHAQERERERERUcJjwEFERERERERECY8BBxERERERERElPAYcRERERERERJTwGHAQERERERERUcJj\nwEFERERERERECY8BBxERERERERElPAYcRERERERERJTwGHAQERERERERUcJjwEFERERERERECY8B\nBxERERERERElPAYcRERERERERJTwGHAQERERERERUcJjwEFERERERERECY8BBxERERERERElPAYc\nRERERERERJTwGHAQERERERERUcJjwEFERERERERECY8BBxERERERERElPAYcRERERERERJTwGHAQ\nERERERERUcJjwEFERERERERECY8BBxERERERERElPAYcRERERERERJTwGHAQERERERERUcJjwEFE\nRERERERECc8w1wOYaSajgtRkCwwGEdP+Xp+G1nb3DI+KiIiIiIiIiOJpQQccm9ZkYMfmHIhJ1qm8\nuq8ex8+0z8ygJpCcZEJqsgVOhxEOmxEOu/4RDEr4/EF4fUH4/Rq6e32oqe9DZ7d3TsYJAEJIQAKr\ns87iE6t/jQJXI2zSDWgS7qAFdR2Z+PnFD6O8ZRUgACljC5kWuluyjuG+gjeRYuiFWfFDlRqE1B9L\n/UOO+CwBKUZtG/4sNSAoFXiDRnQGnHisbSf29m6I21iv39yJskWuuB0PACpru/HKgZS4HpOIiIgo\nUQkBZK...
[35m[HTTP][39m [37m<-- GET /wd/hub/session/6fbb91e0-9f04-4b87-9ea1-361ac58c7806/screenshot [39m[32m200[39m [90m924 ms - 511874[39m
[35m[HTTP][39m [90m[39m
[35m[HTTP][39m [37m-->[39m [37mGET[39m [37m/wd/hub/session/6fbb91e0-9f04-4b87-9ea1-361ac58c7806/appium/device/current_activity[39m
[35m[HTTP][39m [90m{}[39m
[debug] [35m[W3C (6fbb91e0)][39m Calling AppiumDriver.getCurrentActivity() with args: ["6fbb91e0-9f04-4b87-9ea1-361ac58c7806"]
[debug] [35m[ADB][39m Getting focused package and activity
[debug] [35m[ADB][39m Running '/Users/vanthink_test_ios/Desktop/intsall/adt-bundle-mac-x86_64-20140624/sdk/platform-tools/adb -P 5037 -s RELBB18A31503011 shell dumpsys window windows'
[debug] [35m[W3C (6fbb91e0)][39m Responding to client with driver.getCurrentActivity() result: "com.vanthink.vanthinkstudent.ui.home.HomeActivity"
[35m[HTTP][39m [37m<-- GET /wd/hub/session/6fbb91e0-9f04-4b87-9ea1-361ac58c7806/appium/device/current_activity [39m[32m200[39m [90m87 ms - 61[39m
[35m[HTTP][39m [90m[39m
[35m[HTTP][39m [37m-->[39m [37mPOST[39m [37m/wd/hub/session/6fbb91e0-9f04-4b87-9ea1-361ac58c7806/element[39m
[35m[HTTP][39m [90m{"using":"id","value":"com.vanthink.student.debug:id/btn_login"}[39m
[debug] [35m[W3C (6fbb91e0)][39m Calling AppiumDriver.findElement() with args: ["id","com.vanthink.student.debug:id/btn_login","6fbb91e0-9f04-4b87-9ea1-361ac58c7806"]
[debug] [35m[BaseDriver][39m Valid locator strategies for this request: xpath, id, class name, accessibility id, -android uiautomator
[debug] [35m[BaseDriver][39m Waiting up to 0 ms for condition
[debug] [35m[WD Proxy][39m Matched '/element' to command name 'findElement'
[debug] [35m[WD Proxy][39m Proxying [POST /element] to [POST http://localhost:8202/wd/hub/session/863a796c-819c-49fe-a015-08482140fc25/element] with body: {"strategy":"id","selector":"com.vanthink.student.debug:id/btn_login","context":"","multiple":false}
[35m[WD Proxy][39m Got an unexpected response with status 404: {"sessionId":"863a796c-819c-49fe-a015-08482140fc25","value":{"error":"no such element","message":"An element could not be located on the page using the given search parameters","stacktrace":"io.appium.uiautomator2.common.exceptions.ElementNotFoundException: An element could not be located on the page using the given search parameters\n\tat io.appium.uiautomator2.handler.FindElement.safeHandle(FindElement.java:78)\n\tat io.appium.uiautomator2.handler.request.SafeRequestHandler.handle(SafeRequestHandler.java:38)\n\tat io.appium.uiautomator2.server.AppiumServlet.handleRequest(AppiumServlet.java:252)\n\tat io.appium.uiautomator2.server.AppiumServlet.handleHttpRequest(AppiumServlet.java:242)\n\tat io.appium.uiautomator2.http.ServerHandler.channelRead(ServerHandler.java:44)\n\tat io.netty.channel.AbstractChannelHandlerContext.invokeChannelRead(AbstractChannelHandlerContext.java:366)\n\tat io.netty.channel.AbstractChannelHandlerContext.invokeChannelRead(AbstractChannelHandlerContext.java:352)\n\tat io.netty.chann...
[debug] [35m[W3C][39m Matched W3C error code 'no such element' to NoSuchElementError
[debug] [35m[W3C (6fbb91e0)][39m Encountered internal error running command: NoSuchElementError: An element could not be located on the page using the given search parameters.
[debug] [35m[W3C (6fbb91e0)][39m     at AndroidUiautomator2Driver.findElOrEls (/Users/vanthink_test_ios/.nvm/v8.14.1/lib/node_modules/appium/node_modules/appium-android-driver/lib/commands/find.js:75:11)
[debug] [35m[W3C (6fbb91e0)][39m     at <anonymous>
[35m[HTTP][39m [37m<-- POST /wd/hub/session/6fbb91e0-9f04-4b87-9ea1-361ac58c7806/element [39m[33m404[39m [90m313 ms - 434[39m
[35m[HTTP][39m [90m[39m
[35m[HTTP][39m [37m-->[39m [37mPOST[39m [37m/wd/hub/session/6fbb91e0-9f04-4b87-9ea1-361ac58c7806/element[39m
[35m[HTTP][39m [90m{"using":"id","value":"com.vanthink.student.debug:id/btn_login"}[39m
[debug] [35m[W3C (6fbb91e0)][39m Calling AppiumDriver.findElement() with args: ["id","com.vanthink.student.debug:id/btn_login","6fbb91e0-9f04-4b87-9ea1-361ac58c7806"]
[debug] [35m[BaseDriver][39m Valid locator strategies for this request: xpath, id, class name, accessibility id, -android uiautomator
[debug] [35m[BaseDriver][39m Waiting up to 0 ms for condition
[debug] [35m[WD Proxy][39m Matched '/element' to command name 'findElement'
[debug] [35m[WD Proxy][39m Proxying [POST /element] to [POST http://localhost:8202/wd/hub/session/863a796c-819c-49fe-a015-08482140fc25/element] with body: {"strategy":"id","selector":"com.vanthink.student.debug:id/btn_login","context":"","multiple":false}
[35m[WD Proxy][39m Got an unexpected response with status 404: {"sessionId":"863a796c-819c-49fe-a015-08482140fc25","value":{"error":"no such element","message":"An element could not be located on the page using the given search parameters","stacktrace":"io.appium.uiautomator2.common.exceptions.ElementNotFoundException: An element could not be located on the page using the given search parameters\n\tat io.appium.uiautomator2.handler.FindElement.safeHandle(FindElement.java:78)\n\tat io.appium.uiautomator2.handler.request.SafeRequestHandler.handle(SafeRequestHandler.java:38)\n\tat io.appium.uiautomator2.server.AppiumServlet.handleRequest(AppiumServlet.java:252)\n\tat io.appium.uiautomator2.server.AppiumServlet.handleHttpRequest(AppiumServlet.java:242)\n\tat io.appium.uiautomator2.http.ServerHandler.channelRead(ServerHandler.java:44)\n\tat io.netty.channel.AbstractChannelHandlerContext.invokeChannelRead(AbstractChannelHandlerContext.java:366)\n\tat io.netty.channel.AbstractChannelHandlerContext.invokeChannelRead(AbstractChannelHandlerContext.java:352)\n\tat io.netty.chann...
[debug] [35m[W3C][39m Matched W3C error code 'no such element' to NoSuchElementError
[debug] [35m[W3C (6fbb91e0)][39m Encountered internal error running command: NoSuchElementError: An element could not be located on the page using the given search parameters.
[debug] [35m[W3C (6fbb91e0)][39m     at AndroidUiautomator2Driver.findElOrEls (/Users/vanthink_test_ios/.nvm/v8.14.1/lib/node_modules/appium/node_modules/appium-android-driver/lib/commands/find.js:75:11)
[debug] [35m[W3C (6fbb91e0)][39m     at <anonymous>
[35m[HTTP][39m [37m<-- POST /wd/hub/session/6fbb91e0-9f04-4b87-9ea1-361ac58c7806/element [39m[33m404[39m [90m265 ms - 434[39m
[35m[HTTP][39m [90m[39m
[35m[HTTP][39m [37m-->[39m [37mPOST[39m [37m/wd/hub/session/6fbb91e0-9f04-4b87-9ea1-361ac58c7806/element[39m
[35m[HTTP][39m [90m{"using":"id","value":"com.vanthink.student.debug:id/btn_login"}[39m
[debug] [35m[W3C (6fbb91e0)][39m Calling AppiumDriver.findElement() with args: ["id","com.vanthink.student.debug:id/btn_login","6fbb91e0-9f04-4b87-9ea1-361ac58c7806"]
[debug] [35m[BaseDriver][39m Valid locator strategies for this request: xpath, id, class name, accessibility id, -android uiautomator
[debug] [35m[BaseDriver][39m Waiting up to 0 ms for condition
[debug] [35m[WD Proxy][39m Matched '/element' to command name 'findElement'
[debug] [35m[WD Proxy][39m Proxying [POST /element] to [POST http://localhost:8202/wd/hub/session/863a796c-819c-49fe-a015-08482140fc25/element] with body: {"strategy":"id","selector":"com.vanthink.student.debug:id/btn_login","context":"","multiple":false}
[35m[WD Proxy][39m Got an unexpected response with status 404: {"sessionId":"863a796c-819c-49fe-a015-08482140fc25","value":{"error":"no such element","message":"An element could not be located on the page using the given search parameters","stacktrace":"io.appium.uiautomator2.common.exceptions.ElementNotFoundException: An element could not be located on the page using the given search parameters\n\tat io.appium.uiautomator2.handler.FindElement.safeHandle(FindElement.java:78)\n\tat io.appium.uiautomator2.handler.request.SafeRequestHandler.handle(SafeRequestHandler.java:38)\n\tat io.appium.uiautomator2.server.AppiumServlet.handleRequest(AppiumServlet.java:252)\n\tat io.appium.uiautomator2.server.AppiumServlet.handleHttpRequest(AppiumServlet.java:242)\n\tat io.appium.uiautomator2.http.ServerHandler.channelRead(ServerHandler.java:44)\n\tat io.netty.channel.AbstractChannelHandlerContext.invokeChannelRead(AbstractChannelHandlerContext.java:366)\n\tat io.netty.channel.AbstractChannelHandlerContext.invokeChannelRead(AbstractChannelHandlerContext.java:352)\n\tat io.netty.chann...
[debug] [35m[W3C][39m Matched W3C error code 'no such element' to NoSuchElementError
[debug] [35m[W3C (6fbb91e0)][39m Encountered internal error running command: NoSuchElementError: An element could not be located on the page using the given search parameters.
[debug] [35m[W3C (6fbb91e0)][39m     at AndroidUiautomator2Driver.findElOrEls (/Users/vanthink_test_ios/.nvm/v8.14.1/lib/node_modules/appium/node_modules/appium-android-driver/lib/commands/find.js:75:11)
[debug] [35m[W3C (6fbb91e0)][39m     at <anonymous>
[35m[HTTP][39m [37m<-- POST /wd/hub/session/6fbb91e0-9f04-4b87-9ea1-361ac58c7806/element [39m[33m404[39m [90m193 ms - 434[39m
[35m[HTTP][39m [90m[39m
[35m[HTTP][39m [37m-->[39m [37mGET[39m [37m/wd/hub/status[39m
[35m[HTTP][39m [90m{}[39m
[debug] [35m[GENERIC][39m Calling AppiumDriver.getStatus() with args: []
[debug] [35m[GENERIC][39m Responding to client with driver.getStatus() result: {"build":{"version":"1.15.1"}}
[35m[HTTP][39m [37m<-- GET /wd/hub/status [39m[32m200[39m [90m1 ms - 68[39m
[35m[HTTP][39m [90m[39m
[35m[HTTP][39m [37m-->[39m [37mPOST[39m [37m/wd/hub/session/6fbb91e0-9f04-4b87-9ea1-361ac58c7806/element[39m
[35m[HTTP][39m [90m{"using":"id","value":"com.vanthink.student.debug:id/btn_login"}[39m
[debug] [35m[W3C (6fbb91e0)][39m Calling AppiumDriver.findElement() with args: ["id","com.vanthink.student.debug:id/btn_login","6fbb91e0-9f04-4b87-9ea1-361ac58c7806"]
[debug] [35m[BaseDriver][39m Valid locator strategies for this request: xpath, id, class name, accessibility id, -android uiautomator
[debug] [35m[BaseDriver][39m Waiting up to 0 ms for condition
[debug] [35m[WD Proxy][39m Matched '/element' to command name 'findElement'
[debug] [35m[WD Proxy][39m Proxying [POST /element] to [POST http://localhost:8202/wd/hub/session/863a796c-819c-49fe-a015-08482140fc25/element] with body: {"strategy":"id","selector":"com.vanthink.student.debug:id/btn_login","context":"","multiple":false}
[35m[WD Proxy][39m Got an unexpected response with status 404: {"sessionId":"863a796c-819c-49fe-a015-08482140fc25","value":{"error":"no such element","message":"An element could not be located on the page using the given search parameters","stacktrace":"io.appium.uiautomator2.common.exceptions.ElementNotFoundException: An element could not be located on the page using the given search parameters\n\tat io.appium.uiautomator2.handler.FindElement.safeHandle(FindElement.java:78)\n\tat io.appium.uiautomator2.handler.request.SafeRequestHandler.handle(SafeRequestHandler.java:38)\n\tat io.appium.uiautomator2.server.AppiumServlet.handleRequest(AppiumServlet.java:252)\n\tat io.appium.uiautomator2.server.AppiumServlet.handleHttpRequest(AppiumServlet.java:242)\n\tat io.appium.uiautomator2.http.ServerHandler.channelRead(ServerHandler.java:44)\n\tat io.netty.channel.AbstractChannelHandlerContext.invokeChannelRead(AbstractChannelHandlerContext.java:366)\n\tat io.netty.channel.AbstractChannelHandlerContext.invokeChannelRead(AbstractChannelHandlerContext.java:352)\n\tat io.netty.chann...
[debug] [35m[W3C][39m Matched W3C error code 'no such element' to NoSuchElementError
[debug] [35m[W3C (6fbb91e0)][39m Encountered internal error running command: NoSuchElementError: An element could not be located on the page using the given search parameters.
[debug] [35m[W3C (6fbb91e0)][39m     at AndroidUiautomator2Driver.findElOrEls (/Users/vanthink_test_ios/.nvm/v8.14.1/lib/node_modules/appium/node_modules/appium-android-driver/lib/commands/find.js:75:11)
[debug] [35m[W3C (6fbb91e0)][39m     at <anonymous>
[35m[HTTP][39m [37m<-- POST /wd/hub/session/6fbb91e0-9f04-4b87-9ea1-361ac58c7806/element [39m[33m404[39m [90m209 ms - 434[39m
[35m[HTTP][39m [90m[39m
[35m[HTTP][39m [37m-->[39m [37mPOST[39m [37m/wd/hub/session/6fbb91e0-9f04-4b87-9ea1-361ac58c7806/element[39m
[35m[HTTP][39m [90m{"using":"id","value":"com.vanthink.student.debug:id/btn_login"}[39m
[debug] [35m[W3C (6fbb91e0)][39m Calling AppiumDriver.findElement() with args: ["id","com.vanthink.student.debug:id/btn_login","6fbb91e0-9f04-4b87-9ea1-361ac58c7806"]
[debug] [35m[BaseDriver][39m Valid locator strategies for this request: xpath, id, class name, accessibility id, -android uiautomator
[debug] [35m[BaseDriver][39m Waiting up to 0 ms for condition
[debug] [35m[WD Proxy][39m Matched '/element' to command name 'findElement'
[debug] [35m[WD Proxy][39m Proxying [POST /element] to [POST http://localhost:8202/wd/hub/session/863a796c-819c-49fe-a015-08482140fc25/element] with body: {"strategy":"id","selector":"com.vanthink.student.debug:id/btn_login","context":"","multiple":false}
[35m[WD Proxy][39m Got an unexpected response with status 404: {"sessionId":"863a796c-819c-49fe-a015-08482140fc25","value":{"error":"no such element","message":"An element could not be located on the page using the given search parameters","stacktrace":"io.appium.uiautomator2.common.exceptions.ElementNotFoundException: An element could not be located on the page using the given search parameters\n\tat io.appium.uiautomator2.handler.FindElement.safeHandle(FindElement.java:78)\n\tat io.appium.uiautomator2.handler.request.SafeRequestHandler.handle(SafeRequestHandler.java:38)\n\tat io.appium.uiautomator2.server.AppiumServlet.handleRequest(AppiumServlet.java:252)\n\tat io.appium.uiautomator2.server.AppiumServlet.handleHttpRequest(AppiumServlet.java:242)\n\tat io.appium.uiautomator2.http.ServerHandler.channelRead(ServerHandler.java:44)\n\tat io.netty.channel.AbstractChannelHandlerContext.invokeChannelRead(AbstractChannelHandlerContext.java:366)\n\tat io.netty.channel.AbstractChannelHandlerContext.invokeChannelRead(AbstractChannelHandlerContext.java:352)\n\tat io.netty.chann...
[debug] [35m[W3C][39m Matched W3C error code 'no such element' to NoSuchElementError
[debug] [35m[W3C (6fbb91e0)][39m Encountered internal error running command: NoSuchElementError: An element could not be located on the page using the given search parameters.
[debug] [35m[W3C (6fbb91e0)][39m     at AndroidUiautomator2Driver.findElOrEls (/Users/vanthink_test_ios/.nvm/v8.14.1/lib/node_modules/appium/node_modules/appium-android-driver/lib/commands/find.js:75:11)
[debug] [35m[W3C (6fbb91e0)][39m     at <anonymous>
[35m[HTTP][39m [37m<-- POST /wd/hub/session/6fbb91e0-9f04-4b87-9ea1-361ac58c7806/element [39m[33m404[39m [90m197 ms - 434[39m
[35m[HTTP][39m [90m[39m
[35m[HTTP][39m [37m-->[39m [37mPOST[39m [37m/wd/hub/session/6fbb91e0-9f04-4b87-9ea1-361ac58c7806/element[39m
[35m[HTTP][39m [90m{"using":"id","value":"com.vanthink.student.debug:id/btn_login"}[39m
[debug] [35m[W3C (6fbb91e0)][39m Calling AppiumDriver.findElement() with args: ["id","com.vanthink.student.debug:id/btn_login","6fbb91e0-9f04-4b87-9ea1-361ac58c7806"]
[debug] [35m[BaseDriver][39m Valid locator strategies for this request: xpath, id, class name, accessibility id, -android uiautomator
[debug] [35m[BaseDriver][39m Waiting up to 0 ms for condition
[debug] [35m[WD Proxy][39m Matched '/element' to command name 'findElement'
[debug] [35m[WD Proxy][39m Proxying [POST /element] to [POST http://localhost:8202/wd/hub/session/863a796c-819c-49fe-a015-08482140fc25/element] with body: {"strategy":"id","selector":"com.vanthink.student.debug:id/btn_login","context":"","multiple":false}
[35m[WD Proxy][39m Got an unexpected response with status 404: {"sessionId":"863a796c-819c-49fe-a015-08482140fc25","value":{"error":"no such element","message":"An element could not be located on the page using the given search parameters","stacktrace":"io.appium.uiautomator2.common.exceptions.ElementNotFoundException: An element could not be located on the page using the given search parameters\n\tat io.appium.uiautomator2.handler.FindElement.safeHandle(FindElement.java:78)\n\tat io.appium.uiautomator2.handler.request.SafeRequestHandler.handle(SafeRequestHandler.java:38)\n\tat io.appium.uiautomator2.server.AppiumServlet.handleRequest(AppiumServlet.java:252)\n\tat io.appium.uiautomator2.server.AppiumServlet.handleHttpRequest(AppiumServlet.java:242)\n\tat io.appium.uiautomator2.http.ServerHandler.channelRead(ServerHandler.java:44)\n\tat io.netty.channel.AbstractChannelHandlerContext.invokeChannelRead(AbstractChannelHandlerContext.java:366)\n\tat io.netty.channel.AbstractChannelHandlerContext.invokeChannelRead(AbstractChannelHandlerContext.java:352)\n\tat io.netty.chann...
[debug] [35m[W3C][39m Matched W3C error code 'no such element' to NoSuchElementError
[debug] [35m[W3C (6fbb91e0)][39m Encountered internal error running command: NoSuchElementError: An element could not be located on the page using the given search parameters.
[debug] [35m[W3C (6fbb91e0)][39m     at AndroidUiautomator2Driver.findElOrEls (/Users/vanthink_test_ios/.nvm/v8.14.1/lib/node_modules/appium/node_modules/appium-android-driver/lib/commands/find.js:75:11)
[debug] [35m[W3C (6fbb91e0)][39m     at <anonymous>
[35m[HTTP][39m [37m<-- POST /wd/hub/session/6fbb91e0-9f04-4b87-9ea1-361ac58c7806/element [39m[33m404[39m [90m775 ms - 434[39m
[35m[HTTP][39m [90m[39m
[35m[HTTP][39m [37m-->[39m [37mPOST[39m [37m/wd/hub/session/6fbb91e0-9f04-4b87-9ea1-361ac58c7806/element[39m
[35m[HTTP][39m [90m{"using":"id","value":"com.vanthink.student.debug:id/btn_login"}[39m
[debug] [35m[W3C (6fbb91e0)][39m Calling AppiumDriver.findElement() with args: ["id","com.vanthink.student.debug:id/btn_login","6fbb91e0-9f04-4b87-9ea1-361ac58c7806"]
[debug] [35m[BaseDriver][39m Valid locator strategies for this request: xpath, id, class name, accessibility id, -android uiautomator
[debug] [35m[BaseDriver][39m Waiting up to 0 ms for condition
[debug] [35m[WD Proxy][39m Matched '/element' to command name 'findElement'
[debug] [35m[WD Proxy][39m Proxying [POST /element] to [POST http://localhost:8202/wd/hub/session/863a796c-819c-49fe-a015-08482140fc25/element] with body: {"strategy":"id","selector":"com.vanthink.student.debug:id/btn_login","context":"","multiple":false}
[35m[WD Proxy][39m Got an unexpected response with status 404: {"sessionId":"863a796c-819c-49fe-a015-08482140fc25","value":{"error":"no such element","message":"An element could not be located on the page using the given search parameters","stacktrace":"io.appium.uiautomator2.common.exceptions.ElementNotFoundException: An element could not be located on the page using the given search parameters\n\tat io.appium.uiautomator2.handler.FindElement.safeHandle(FindElement.java:78)\n\tat io.appium.uiautomator2.handler.request.SafeRequestHandler.handle(SafeRequestHandler.java:38)\n\tat io.appium.uiautomator2.server.AppiumServlet.handleRequest(AppiumServlet.java:252)\n\tat io.appium.uiautomator2.server.AppiumServlet.handleHttpRequest(AppiumServlet.java:242)\n\tat io.appium.uiautomator2.http.ServerHandler.channelRead(ServerHandler.java:44)\n\tat io.netty.channel.AbstractChannelHandlerContext.invokeChannelRead(AbstractChannelHandlerContext.java:366)\n\tat io.netty.channel.AbstractChannelHandlerContext.invokeChannelRead(AbstractChannelHandlerContext.java:352)\n\tat io.netty.chann...
[debug] [35m[W3C][39m Matched W3C error code 'no such element' to NoSuchElementError
[debug] [35m[W3C (6fbb91e0)][39m Encountered internal error running command: NoSuchElementError: An element could not be located on the page using the given search parameters.
[debug] [35m[W3C (6fbb91e0)][39m     at AndroidUiautomator2Driver.findElOrEls (/Users/vanthink_test_ios/.nvm/v8.14.1/lib/node_modules/appium/node_modules/appium-android-driver/lib/commands/find.js:75:11)
[debug] [35m[W3C (6fbb91e0)][39m     at <anonymous>
[35m[HTTP][39m [37m<-- POST /wd/hub/session/6fbb91e0-9f04-4b87-9ea1-361ac58c7806/element [39m[33m404[39m [90m179 ms - 434[39m
[35m[HTTP][39m [90m[39m
[35m[HTTP][39m [37m-->[39m [37mPOST[39m [37m/wd/hub/session/6fbb91e0-9f04-4b87-9ea1-361ac58c7806/element[39m
[35m[HTTP][39m [90m{"using":"xpath","value":"//android.widget.TextView[contains(@text,'做试卷')]"}[39m
[debug] [35m[W3C (6fbb91e0)][39m Calling AppiumDriver.findElement() with args: ["xpath","//android.widget.TextView[contains(@text,'做试卷')]","6fbb91e0-9f04-4b87-9ea1-361ac58c7806"]
[debug] [35m[BaseDriver][39m Valid locator strategies for this request: xpath, id, class name, accessibility id, -android uiautomator
[debug] [35m[BaseDriver][39m Waiting up to 0 ms for condition
[debug] [35m[WD Proxy][39m Matched '/element' to command name 'findElement'
[debug] [35m[WD Proxy][39m Proxying [POST /element] to [POST http://localhost:8202/wd/hub/session/863a796c-819c-49fe-a015-08482140fc25/element] with body: {"strategy":"xpath","selector":"//android.widget.TextView[contains(@text,'做试卷')]","context":"","multiple":false}
[debug] [35m[WD Proxy][39m Got response with status 200: {"sessionId":"863a796c-819c-49fe-a015-08482140fc25","value":{"ELEMENT":"e2ef6095-b0b7-42ce-aba4-0ed3bd95f497","element-6066-11e4-a52e-4f735466cecf":"e2ef6095-b0b7-42ce-aba4-0ed3bd95f497"}}
[debug] [35m[W3C (6fbb91e0)][39m Responding to client with driver.findElement() result: {"element-6066-11e4-a52e-4f735466cecf":"e2ef6095-b0b7-42ce-aba4-0ed3bd95f497","ELEMENT":"e2ef6095-b0b7-42ce-aba4-0ed3bd95f497"}
[35m[HTTP][39m [37m<-- POST /wd/hub/session/6fbb91e0-9f04-4b87-9ea1-361ac58c7806/element [39m[32m200[39m [90m952 ms - 137[39m
[35m[HTTP][39m [90m[39m
[35m[HTTP][39m [37m-->[39m [37mPOST[39m [37m/wd/hub/session/6fbb91e0-9f04-4b87-9ea1-361ac58c7806/element[39m
[35m[HTTP][39m [90m{"using":"xpath","value":"//android.widget.TextView[contains(@text,'做试卷')]"}[39m
[debug] [35m[W3C (6fbb91e0)][39m Calling AppiumDriver.findElement() with args: ["xpath","//android.widget.TextView[contains(@text,'做试卷')]","6fbb91e0-9f04-4b87-9ea1-361ac58c7806"]
[debug] [35m[BaseDriver][39m Valid locator strategies for this request: xpath, id, class name, accessibility id, -android uiautomator
[debug] [35m[BaseDriver][39m Waiting up to 0 ms for condition
[debug] [35m[WD Proxy][39m Matched '/element' to command name 'findElement'
[debug] [35m[WD Proxy][39m Proxying [POST /element] to [POST http://localhost:8202/wd/hub/session/863a796c-819c-49fe-a015-08482140fc25/element] with body: {"strategy":"xpath","selector":"//android.widget.TextView[contains(@text,'做试卷')]","context":"","multiple":false}
[35m[HTTP][39m [37m-->[39m [37mGET[39m [37m/wd/hub/status[39m
[35m[HTTP][39m [90m{}[39m
[debug] [35m[GENERIC][39m Calling AppiumDriver.getStatus() with args: []
[debug] [35m[GENERIC][39m Responding to client with driver.getStatus() result: {"build":{"version":"1.15.1"}}
[35m[HTTP][39m [37m<-- GET /wd/hub/status [39m[32m200[39m [90m1 ms - 68[39m
[35m[HTTP][39m [90m[39m
[debug] [35m[WD Proxy][39m Got response with status 200: {"sessionId":"863a796c-819c-49fe-a015-08482140fc25","value":{"ELEMENT":"d962b892-c2d5-4907-bb30-65b98a3b9418","element-6066-11e4-a52e-4f735466cecf":"d962b892-c2d5-4907-bb30-65b98a3b9418"}}
[debug] [35m[W3C (6fbb91e0)][39m Responding to client with driver.findElement() result: {"element-6066-11e4-a52e-4f735466cecf":"d962b892-c2d5-4907-bb30-65b98a3b9418","ELEMENT":"d962b892-c2d5-4907-bb30-65b98a3b9418"}
[35m[HTTP][39m [37m<-- POST /wd/hub/session/6fbb91e0-9f04-4b87-9ea1-361ac58c7806/element [39m[32m200[39m [90m730 ms - 137[39m
[35m[HTTP][39m [90m[39m
[35m[HTTP][39m [37m-->[39m [37mPOST[39m [37m/wd/hub/session/6fbb91e0-9f04-4b87-9ea1-361ac58c7806/element[39m
[35m[HTTP][39m [90m{"using":"id","value":"com.vanthink.student.debug:id/tab_profile"}[39m
[debug] [35m[W3C (6fbb91e0)][39m Calling AppiumDriver.findElement() with args: ["id","com.vanthink.student.debug:id/tab_profile","6fbb91e0-9f04-4b87-9ea1-361ac58c7806"]
[debug] [35m[BaseDriver][39m Valid locator strategies for this request: xpath, id, class name, accessibility id, -android uiautomator
[debug] [35m[BaseDriver][39m Waiting up to 0 ms for condition
[debug] [35m[WD Proxy][39m Matched '/element' to command name 'findElement'
[debug] [35m[WD Proxy][39m Proxying [POST /element] to [POST http://localhost:8202/wd/hub/session/863a796c-819c-49fe-a015-08482140fc25/element] with body: {"strategy":"id","selector":"com.vanthink.student.debug:id/tab_profile","context":"","multiple":false}
[debug] [35m[WD Proxy][39m Got response with status 200: {"sessionId":"863a796c-819c-49fe-a015-08482140fc25","value":{"ELEMENT":"cc9fee2b-2bb8-4530-ab33-9ce2360a0761","element-6066-11e4-a52e-4f735466cecf":"cc9fee2b-2bb8-4530-ab33-9ce2360a0761"}}
[debug] [35m[W3C (6fbb91e0)][39m Responding to client with driver.findElement() result: {"element-6066-11e4-a52e-4f735466cecf":"cc9fee2b-2bb8-4530-ab33-9ce2360a0761","ELEMENT":"cc9fee2b-2bb8-4530-ab33-9ce2360a0761"}
[35m[HTTP][39m [37m<-- POST /wd/hub/session/6fbb91e0-9f04-4b87-9ea1-361ac58c7806/element [39m[32m200[39m [90m167 ms - 137[39m
[35m[HTTP][39m [90m[39m
[35m[HTTP][39m [37m-->[39m [37mPOST[39m [37m/wd/hub/session/6fbb91e0-9f04-4b87-9ea1-361ac58c7806/element/cc9fee2b-2bb8-4530-ab33-9ce2360a0761/click[39m
[35m[HTTP][39m [90m{"id":"cc9fee2b-2bb8-4530-ab33-9ce2360a0761"}[39m
[debug] [35m[W3C (6fbb91e0)][39m Calling AppiumDriver.click() with args: ["cc9fee2b-2bb8-4530-ab33-9ce2360a0761","6fbb91e0-9f04-4b87-9ea1-361ac58c7806"]
[debug] [35m[WD Proxy][39m Matched '/element/cc9fee2b-2bb8-4530-ab33-9ce2360a0761/click' to command name 'click'
[debug] [35m[WD Proxy][39m Proxying [POST /element/cc9fee2b-2bb8-4530-ab33-9ce2360a0761/click] to [POST http://localhost:8202/wd/hub/session/863a796c-819c-49fe-a015-08482140fc25/element/cc9fee2b-2bb8-4530-ab33-9ce2360a0761/click] with body: {"element":"cc9fee2b-2bb8-4530-ab33-9ce2360a0761"}
[debug] [35m[WD Proxy][39m Got response with status 200: {"sessionId":"863a796c-819c-49fe-a015-08482140fc25","value":null}
[debug] [35m[W3C (6fbb91e0)][39m Responding to client with driver.click() result: null
[35m[HTTP][39m [37m<-- POST /wd/hub/session/6fbb91e0-9f04-4b87-9ea1-361ac58c7806/element/cc9fee2b-2bb8-4530-ab33-9ce2360a0761/click [39m[32m200[39m [90m97 ms - 14[39m
[35m[HTTP][39m [90m[39m
[35m[HTTP][39m [37m-->[39m [37mPOST[39m [37m/wd/hub/session/6fbb91e0-9f04-4b87-9ea1-361ac58c7806/element[39m
[35m[HTTP][39m [90m{"using":"xpath","value":"//android.widget.TextView[contains(@text,'设置')]"}[39m
[debug] [35m[W3C (6fbb91e0)][39m Calling AppiumDriver.findElement() with args: ["xpath","//android.widget.TextView[contains(@text,'设置')]","6fbb91e0-9f04-4b87-9ea1-361ac58c7806"]
[debug] [35m[BaseDriver][39m Valid locator strategies for this request: xpath, id, class name, accessibility id, -android uiautomator
[debug] [35m[BaseDriver][39m Waiting up to 0 ms for condition
[debug] [35m[WD Proxy][39m Matched '/element' to command name 'findElement'
[debug] [35m[WD Proxy][39m Proxying [POST /element] to [POST http://localhost:8202/wd/hub/session/863a796c-819c-49fe-a015-08482140fc25/element] with body: {"strategy":"xpath","selector":"//android.widget.TextView[contains(@text,'设置')]","context":"","multiple":false}
[debug] [35m[WD Proxy][39m Got response with status 200: {"sessionId":"863a796c-819c-49fe-a015-08482140fc25","value":{"ELEMENT":"8e9900c7-9fe3-49b0-95ec-0781413409bb","element-6066-11e4-a52e-4f735466cecf":"8e9900c7-9fe3-49b0-95ec-0781413409bb"}}
[debug] [35m[W3C (6fbb91e0)][39m Responding to client with driver.findElement() result: {"element-6066-11e4-a52e-4f735466cecf":"8e9900c7-9fe3-49b0-95ec-0781413409bb","ELEMENT":"8e9900c7-9fe3-49b0-95ec-0781413409bb"}
[35m[HTTP][39m [37m<-- POST /wd/hub/session/6fbb91e0-9f04-4b87-9ea1-361ac58c7806/element [39m[32m200[39m [90m672 ms - 137[39m
[35m[HTTP][39m [90m[39m
[35m[HTTP][39m [37m-->[39m [37mGET[39m [37m/wd/hub/session/6fbb91e0-9f04-4b87-9ea1-361ac58c7806/window/rect[39m
[35m[HTTP][39m [90m{}[39m
[debug] [35m[W3C (6fbb91e0)][39m Calling AppiumDriver.getWindowRect() with args: ["6fbb91e0-9f04-4b87-9ea1-361ac58c7806"]
[debug] [35m[WD Proxy][39m Matched '/window/current/size' to command name 'getWindowSize'
[debug] [35m[WD Proxy][39m Proxying [GET /window/current/size] to [GET http://localhost:8202/wd/hub/session/863a796c-819c-49fe-a015-08482140fc25/window/current/size] with body: {}
[debug] [35m[WD Proxy][39m Got response with status 200: {"sessionId":"863a796c-819c-49fe-a015-08482140fc25","value":{"height":2044,"width":1080}}
[debug] [35m[W3C (6fbb91e0)][39m Responding to client with driver.getWindowRect() result: {"width":1080,"height":2044,"x":0,"y":0}
[35m[HTTP][39m [37m<-- GET /wd/hub/session/6fbb91e0-9f04-4b87-9ea1-361ac58c7806/window/rect [39m[32m200[39m [90m44 ms - 50[39m
[35m[HTTP][39m [90m[39m
[35m[HTTP][39m [37m-->[39m [37mGET[39m [37m/wd/hub/session/6fbb91e0-9f04-4b87-9ea1-361ac58c7806/window/rect[39m
[35m[HTTP][39m [90m{}[39m
[debug] [35m[W3C (6fbb91e0)][39m Calling AppiumDriver.getWindowRect() with args: ["6fbb91e0-9f04-4b87-9ea1-361ac58c7806"]
[debug] [35m[WD Proxy][39m Matched '/window/current/size' to command name 'getWindowSize'
[debug] [35m[WD Proxy][39m Proxying [GET /window/current/size] to [GET http://localhost:8202/wd/hub/session/863a796c-819c-49fe-a015-08482140fc25/window/current/size] with body: {}
[debug] [35m[WD Proxy][39m Got response with status 200: {"sessionId":"863a796c-819c-49fe-a015-08482140fc25","value":{"height":2044,"width":1080}}
[debug] [35m[W3C (6fbb91e0)][39m Responding to client with driver.getWindowRect() result: {"width":1080,"height":2044,"x":0,"y":0}
[35m[HTTP][39m [37m<-- GET /wd/hub/session/6fbb91e0-9f04-4b87-9ea1-361ac58c7806/window/rect [39m[32m200[39m [90m33 ms - 50[39m
[35m[HTTP][39m [90m[39m
[35m[HTTP][39m [37m-->[39m [37mGET[39m [37m/wd/hub/session/6fbb91e0-9f04-4b87-9ea1-361ac58c7806/window/rect[39m
[35m[HTTP][39m [90m{}[39m
[debug] [35m[W3C (6fbb91e0)][39m Calling AppiumDriver.getWindowRect() with args: ["6fbb91e0-9f04-4b87-9ea1-361ac58c7806"]
[debug] [35m[WD Proxy][39m Matched '/window/current/size' to command name 'getWindowSize'
[debug] [35m[WD Proxy][39m Proxying [GET /window/current/size] to [GET http://localhost:8202/wd/hub/session/863a796c-819c-49fe-a015-08482140fc25/window/current/size] with body: {}
[debug] [35m[WD Proxy][39m Got response with status 200: {"sessionId":"863a796c-819c-49fe-a015-08482140fc25","value":{"height":2044,"width":1080}}
[debug] [35m[W3C (6fbb91e0)][39m Responding to client with driver.getWindowRect() result: {"width":1080,"height":2044,"x":0,"y":0}
[35m[HTTP][39m [37m<-- GET /wd/hub/session/6fbb91e0-9f04-4b87-9ea1-361ac58c7806/window/rect [39m[32m200[39m [90m36 ms - 50[39m
[35m[HTTP][39m [90m[39m
[35m[HTTP][39m [37m-->[39m [37mPOST[39m [37m/wd/hub/session/6fbb91e0-9f04-4b87-9ea1-361ac58c7806/touch/perform[39m
[35m[HTTP][39m [90m{"actions":[{"action":"press","options":{"x":540,"y":408}},{"action":"wait","options":{"ms":1000}},{"action":"moveTo","options":{"x":540,"y":1635}},{"action":"release","options":{}}]}[39m
[debug] [35m[W3C (6fbb91e0)][39m Calling AppiumDriver.performTouch() with args: [[{"action":"press","options":{"x":540,"y":408}},{"action":"wait","options":{"ms":1000}},{"action":"moveTo","options":{"x":540,"y":1635}},{"action":"release","options":{}}],"6fbb91e0-9f04-4b87-9ea1-361ac58c7806"]
[debug] [35m[WD Proxy][39m Matched '/touch/perform' to command name 'performTouch'
[debug] [35m[WD Proxy][39m Proxying [POST /touch/perform] to [POST http://localhost:8202/wd/hub/session/863a796c-819c-49fe-a015-08482140fc25/touch/perform] with body: {"startX":540,"startY":408,"endX":540,"endY":1635,"steps":28}
[debug] [35m[WD Proxy][39m Got response with status 200: {"sessionId":"863a796c-819c-49fe-a015-08482140fc25","value":null}
[debug] [35m[W3C (6fbb91e0)][39m Responding to client with driver.performTouch() result: null
[35m[HTTP][39m [37m<-- POST /wd/hub/session/6fbb91e0-9f04-4b87-9ea1-361ac58c7806/touch/perform [39m[32m200[39m [90m1744 ms - 14[39m
[35m[HTTP][39m [90m[39m
[35m[HTTP][39m [37m-->[39m [37mPOST[39m [37m/wd/hub/session/6fbb91e0-9f04-4b87-9ea1-361ac58c7806/element[39m
[35m[HTTP][39m [90m{"using":"id","value":"com.vanthink.student.debug:id/name"}[39m
[debug] [35m[W3C (6fbb91e0)][39m Calling AppiumDriver.findElement() with args: ["id","com.vanthink.student.debug:id/name","6fbb91e0-9f04-4b87-9ea1-361ac58c7806"]
[debug] [35m[BaseDriver][39m Valid locator strategies for this request: xpath, id, class name, accessibility id, -android uiautomator
[debug] [35m[BaseDriver][39m Waiting up to 0 ms for condition
[debug] [35m[WD Proxy][39m Matched '/element' to command name 'findElement'
[debug] [35m[WD Proxy][39m Proxying [POST /element] to [POST http://localhost:8202/wd/hub/session/863a796c-819c-49fe-a015-08482140fc25/element] with body: {"strategy":"id","selector":"com.vanthink.student.debug:id/name","context":"","multiple":false}
[35m[WD Proxy][39m Got an unexpected response with status 404: {"sessionId":"863a796c-819c-49fe-a015-08482140fc25","value":{"error":"no such element","message":"An element could not be located on the page using the given search parameters","stacktrace":"io.appium.uiautomator2.common.exceptions.ElementNotFoundException: An element could not be located on the page using the given search parameters\n\tat io.appium.uiautomator2.handler.FindElement.safeHandle(FindElement.java:78)\n\tat io.appium.uiautomator2.handler.request.SafeRequestHandler.handle(SafeRequestHandler.java:38)\n\tat io.appium.uiautomator2.server.AppiumServlet.handleRequest(AppiumServlet.java:252)\n\tat io.appium.uiautomator2.server.AppiumServlet.handleHttpRequest(AppiumServlet.java:242)\n\tat io.appium.uiautomator2.http.ServerHandler.channelRead(ServerHandler.java:44)\n\tat io.netty.channel.AbstractChannelHandlerContext.invokeChannelRead(AbstractChannelHandlerContext.java:366)\n\tat io.netty.channel.AbstractChannelHandlerContext.invokeChannelRead(AbstractChannelHandlerContext.java:352)\n\tat io.netty.chann...
[debug] [35m[W3C][39m Matched W3C error code 'no such element' to NoSuchElementError
[debug] [35m[W3C (6fbb91e0)][39m Encountered internal error running command: NoSuchElementError: An element could not be located on the page using the given search parameters.
[debug] [35m[W3C (6fbb91e0)][39m     at AndroidUiautomator2Driver.findElOrEls (/Users/vanthink_test_ios/.nvm/v8.14.1/lib/node_modules/appium/node_modules/appium-android-driver/lib/commands/find.js:75:11)
[debug] [35m[W3C (6fbb91e0)][39m     at <anonymous>
[35m[HTTP][39m [37m<-- POST /wd/hub/session/6fbb91e0-9f04-4b87-9ea1-361ac58c7806/element [39m[33m404[39m [90m145 ms - 434[39m
[35m[HTTP][39m [90m[39m
[35m[HTTP][39m [37m-->[39m [37mGET[39m [37m/wd/hub/session/6fbb91e0-9f04-4b87-9ea1-361ac58c7806/screenshot[39m
[35m[HTTP][39m [90m{}[39m
[debug] [35m[W3C (6fbb91e0)][39m Calling AppiumDriver.getScreenshot() with args: ["6fbb91e0-9f04-4b87-9ea1-361ac58c7806"]
[debug] [35m[WD Proxy][39m Matched '/screenshot' to command name 'getScreenshot'
[debug] [35m[WD Proxy][39m Proxying [GET /screenshot] to [GET http://localhost:8202/wd/hub/session/863a796c-819c-49fe-a015-08482140fc25/screenshot] with no body
[35m[HTTP][39m [37m-->[39m [37mGET[39m [37m/wd/hub/status[39m
[35m[HTTP][39m [90m{}[39m
[debug] [35m[GENERIC][39m Calling AppiumDriver.getStatus() with args: []
[debug] [35m[GENERIC][39m Responding to client with driver.getStatus() result: {"build":{"version":"1.15.1"}}
[35m[HTTP][39m [37m<-- GET /wd/hub/status [39m[32m200[39m [90m1 ms - 68[39m
[35m[HTTP][39m [90m[39m
[debug] [35m[WD Proxy][39m Got response with status 200: {"sessionId":"863a796c-819c-49fe-a015-08482140fc25","value":"iVBORw0KGgoAAAANSUhEUgAABDgAAAjECAYAAABJ4N+ZAAAABHNCSVQICAgIfAhkiAAAIABJREFU\neJzsvWmaJTuLJggW8WV1VXUvpLdT+19G9ZNZmdeN\/iGGF4RkdnwM9zjc63HMZBoQQoDQxPT\/\/i+h\nJzzhE4GFSGiwHROTcI1RWZKJIcUuXyLS\/CwPiy9EzJC1EIkQHweJyChDiITOEQ\/KYRKNY7gMbFij\n2DdmIZGRllkRUVwiPRFbQmISOZf1ifIPkuMkogMDx99xROX50DAm\/reD6GCS\/3wh\/j\/\/kLzwSC72\nJ8S\/ieh\/\/ovk\/\/kX8X\/7pdnLoJ8Q0TkemIjk5SR+EZJ\/fyH63y\/E\/5wj3i8e3\/8Ron9OoK+GG93P\ns7QF1IWIWLR9uWkvOaf4Pw6YRpsQETGTaL2ZWVvAYPAqsQza\/7ffRP\/jN8l\/P0ab\/+sXyTHiDzZm\nIjlHKh59zfhPc3I+FWLi8yQ5hfgUkv86if\/jheh\/\/zPa\/T\/\/Se37flD76gb4JJKD+BeT\/CKifx3E\n\/9dvov9b6fDbOI9IhIj\/4yT593+I\/kOI\/vO\/iP7T+FT7rMzSZoviFHiF8wN1+yioRcP74K8Isy7H\nfKQqm0gglVfKrgOOg+gXEf06Bi\/98wIfeZTxLyL+\/ZvoXwfRbyL6t4PkF4+0h3ZvZiIRkoOJDx79\nAAs\/OJdraEs0oqhct7oN6R11o0PfDwoZyqO+pP1FWDy+9T1OTT2+izjKKracSg3BBVKCboHopge7\nMBLNhcX7bMd9kT\/oG8hUiIi7tCzxjQsO0xOntEIy4kMb8IsQnUT0j5C8nEQvIwKTyiNQe3yQ6zE5\nieg\/T+JTiH4RyW8m\/v2L5AC9yUR0qN4VCwLldoR8IzIel8HTzjzBI8INvYiK...
[debug] [35m[W3C (6fbb91e0)][39m Responding to client with driver.getScreenshot() result: "iVBORw0KGgoAAAANSUhEUgAABDgAAAjECAYAAABJ4N+ZAAAABHNCSVQICAgIfAhkiAAAIABJREFU\neJzsvWmaJTuLJggW8WV1VXUvpLdT+19G9ZNZmdeN/iGGF4RkdnwM9zjc63HMZBoQQoDQxPT//i+h\nJzzhE4GFSGiwHROTcI1RWZKJIcUuXyLS/CwPiy9EzJC1EIkQHweJyChDiITOEQ/KYRKNY7gMbFij\n2DdmIZGRllkRUVwiPRFbQmISOZf1ifIPkuMkogMDx99xROX50DAm/reD6GCS/3wh/j//kLzwSC72\nJ8S/ieh//ovk//kX8X/7pdnLoJ8Q0TkemIjk5SR+EZJ/fyH63y/E/5wj3i8e3/8Ron9OoK+GG93P\ns7QF1IWIWLR9uWkvOaf4Pw6YRpsQETGTaL2ZWVvAYPAqsQza/7ffRP/jN8l/P0ab/+sXyTHiDzZm\nIjlHKh59zfhPc3I+FWLi8yQ5hfgUkv86if/jheh//zPa/T//Se37flD76gb4JJKD+BeT/CKifx3E\n/9dvov9b6fDbOI9IhIj/4yT593+I/kOI/vO/iP7T+FT7rMzSZoviFHiF8wN1+yioRcP74K8Isy7H\nfKQqm0gglVfKrgOOg+gXEf06Bi/98wIfeZTxLyL+/ZvoXwfRbyL6t4PkF4+0h3ZvZiIRkoOJDx79\nAAs/OJdraEs0oqhct7oN6R11o0PfDwoZyqO+pP1FWDy+9T1OTT2+izjKKracSg3BBVKCboHopge7\nMBLNhcX7bMd9kT/oG8hUiIi7tCzxjQsO0xOntEIy4kMb8IsQnUT0j5C8nEQvIwKTyiNQe3yQ6zE5\nieg/T+JTiH4RyW8m/v2L5AC9yUR0qN4VCwLldoR8IzIel8HTzjzBI8INvYiKXVJlcAYGPgs44yvq\ntZT/I3IBdCokDTvE8pdRnnZm4ZlTJmywwVuBsZGSRZ4YiIjTvn63bx63QYyZwbbK9I2kkd8dQM6V\nRZ08jt...
[35m[HTTP][39m [37m<-- GET /wd/hub/session/6fbb91e0-9f04-4b87-9ea1-361ac58c7806/screenshot [39m[32m200[39m [90m1940 ms - 2087108[39m
[35m[HTTP][39m [90m[39m
[35m[HTTP][39m [37m-->[39m [37mDELETE[39m [37m/wd/hub/session/6fbb91e0-9f04-4b87-9ea1-361ac58c7806[39m
[35m[HTTP][39m [90m{}[39m
[debug] [35m[W3C (6fbb91e0)][39m Calling AppiumDriver.deleteSession() with args: ["6fbb91e0-9f04-4b87-9ea1-361ac58c7806"]
[debug] [35m[BaseDriver][39m Event 'quitSessionRequested' logged at 1583733089006 (13:51:29 GMT+0800 (CST))
[35m[Appium][39m Removing session 6fbb91e0-9f04-4b87-9ea1-361ac58c7806 from our master session list
[debug] [35m[UiAutomator2][39m Deleting UiAutomator2 session
[debug] [35m[UiAutomator2][39m Deleting UiAutomator2 server session
[debug] [35m[WD Proxy][39m Matched '/' to command name 'deleteSession'
[debug] [35m[WD Proxy][39m Proxying [DELETE /] to [DELETE http://localhost:8202/wd/hub/session/863a796c-819c-49fe-a015-08482140fc25] with no body
[debug] [35m[WD Proxy][39m Got response with status 200: {"sessionId":"863a796c-819c-49fe-a015-08482140fc25","value":null}
[debug] [35m[ADB][39m Running '/Users/vanthink_test_ios/Desktop/intsall/adt-bundle-mac-x86_64-20140624/sdk/platform-tools/adb -P 5037 -s RELBB18A31503011 shell am force-stop com.vanthink.student.debug'
[debug] [35m[Logcat][39m Stopping logcat capture
[debug] [35m[ADB][39m Removing forwarded port socket connection: 8202 
[debug] [35m[ADB][39m Running '/Users/vanthink_test_ios/Desktop/intsall/adt-bundle-mac-x86_64-20140624/sdk/platform-tools/adb -P 5037 -s RELBB18A31503011 forward --remove tcp\:8202'
[35m[UiAutomator2][39m Restoring hidden api policy to the device default configuration
[debug] [35m[ADB][39m Running '/Users/vanthink_test_ios/Desktop/intsall/adt-bundle-mac-x86_64-20140624/sdk/platform-tools/adb -P 5037 -s RELBB18A31503011 shell settings delete global hidden_api_policy_pre_p_apps'
[debug] [35m[Instrumentation][39m .
[debug] [35m[ADB][39m Running '/Users/vanthink_test_ios/Desktop/intsall/adt-bundle-mac-x86_64-20140624/sdk/platform-tools/adb -P 5037 -s RELBB18A31503011 shell settings delete global hidden_api_policy_p_apps'
[debug] [35m[ADB][39m Running '/Users/vanthink_test_ios/Desktop/intsall/adt-bundle-mac-x86_64-20140624/sdk/platform-tools/adb -P 5037 -s RELBB18A31503011 shell settings delete global hidden_api_policy'
[debug] [35m[BaseDriver][39m Event 'quitSessionFinished' logged at 1583733089462 (13:51:29 GMT+0800 (CST))
[debug] [35m[W3C (6fbb91e0)][39m Received response: null
[debug] [35m[W3C (6fbb91e0)][39m But deleting session, so not returning
[debug] [35m[W3C (6fbb91e0)][39m Responding to client with driver.deleteSession() result: null
[35m[HTTP][39m [37m<-- DELETE /wd/hub/session/6fbb91e0-9f04-4b87-9ea1-361ac58c7806 [39m[32m200[39m [90m457 ms - 14[39m
[35m[HTTP][39m [90m[39m
